<?xml version="1.0" encoding="UTF-8"?>
<coverage generated="1790174209983" clover="3.2.0">
  <project timestamp="1790174209983" name="All files">
    <metrics statements="527" coveredstatements="505" conditionals="590" coveredconditionals="499" methods="240" coveredmethods="220" elements="1357" coveredelements="1224" complexity="0" loc="527" ncloc="527" packages="3" files="19" classes="19"/>
    <package name="components">
      <metrics statements="121" coveredstatements="118" conditionals="141" coveredconditionals="123" methods="51" coveredmethods="47"/>
      <file name="Countdown.tsx" path="/Users/alvarogonzaleztabernero/dev/IFS-Tests/web/src/components/Countdown.tsx">
        <metrics statements="17" coveredstatements="17" conditionals="12" coveredconditionals="11" methods="9" coveredmethods="8"/>
        <line num="5" count="7" type="stmt"/>
        <line num="6" count="7" type="stmt"/>
        <line num="7" count="7" type="stmt"/>
        <line num="8" count="7" type="stmt"/>
        <line num="9" count="7" type="stmt"/>
        <line num="10" count="7" type="stmt"/>
        <line num="11" count="7" type="stmt"/>
        <line num="13" count="7" type="stmt"/>
        <line num="16" count="9" type="stmt"/>
        <line num="28" count="7" type="stmt"/>
        <line num="29" count="7" type="stmt"/>
        <line num="30" count="7" type="stmt"/>
        <line num="31" count="5" type="cond" truecount="4" falsecount="0"/>
        <line num="32" count="1" type="stmt"/>
        <line num="33" count="1" type="stmt"/>
        <line num="36" count="7" type="cond" truecount="3" falsecount="1"/>
        <line num="37" count="7" type="stmt"/>
      </file>
      <file name="Form.tsx" path="/Users/alvarogonzaleztabernero/dev/IFS-Tests/web/src/components/Form.tsx">
        <metrics statements="28" coveredstatements="28" conditionals="22" coveredconditionals="22" methods="11" coveredmethods="11"/>
        <line num="13" count="10" type="stmt"/>
        <line num="21" count="499" type="stmt"/>
        <line num="22" count="499" type="stmt"/>
        <line num="23" count="499" type="stmt"/>
        <line num="24" count="83" type="cond" truecount="4" falsecount="0"/>
        <line num="25" count="9" type="stmt"/>
        <line num="26" count="9" type="stmt"/>
        <line num="28" count="499" type="stmt"/>
        <line num="34" count="28" type="stmt"/>
        <line num="35" count="28" type="stmt"/>
        <line num="36" count="28" type="stmt"/>
        <line num="44" count="166" type="stmt"/>
        <line num="45" count="166" type="cond" truecount="2" falsecount="0"/>
        <line num="46" count="166" type="stmt"/>
        <line num="47" count="166" type="stmt"/>
        <line num="48" count="166" type="stmt"/>
        <line num="49" count="166" type="stmt"/>
        <line num="55" count="1097" type="stmt"/>
        <line num="56" count="1097" type="cond" truecount="6" falsecount="0"/>
        <line num="58" count="1097" type="stmt"/>
        <line num="71" count="1097" type="stmt"/>
        <line num="75" count="806" type="stmt"/>
        <line num="76" count="806" type="stmt"/>
        <line num="92" count="291" type="stmt"/>
        <line num="93" count="291" type="stmt"/>
        <line num="105" count="49" type="stmt"/>
        <line num="114" count="567" type="cond" truecount="4" falsecount="0"/>
        <line num="115" count="3" type="stmt"/>
      </file>
      <file name="Page.tsx" path="/Users/alvarogonzaleztabernero/dev/IFS-Tests/web/src/components/Page.tsx">
        <metrics statements="13" coveredstatements="13" conditionals="6" coveredconditionals="5" methods="8" coveredmethods="8"/>
        <line num="16" count="370" type="stmt"/>
        <line num="17" count="370" type="stmt"/>
        <line num="18" count="59" type="stmt"/>
        <line num="19" count="59" type="stmt"/>
        <line num="21" count="370" type="stmt"/>
        <line num="33" count="369" type="stmt"/>
        <line num="45" count="326" type="stmt"/>
        <line num="54" count="277" type="stmt"/>
        <line num="71" count="133" type="stmt"/>
        <line num="72" count="133" type="stmt"/>
        <line num="73" count="7" type="stmt"/>
        <line num="74" count="7" type="cond" truecount="1" falsecount="1"/>
        <line num="76" count="133" type="stmt"/>
      </file>
      <file name="QuestionCard.tsx" path="/Users/alvarogonzaleztabernero/dev/IFS-Tests/web/src/components/QuestionCard.tsx">
        <metrics statements="51" coveredstatements="49" conditionals="95" coveredconditionals="79" methods="18" coveredmethods="16"/>
        <line num="7" count="9" type="stmt"/>
        <line num="14" count="25" type="cond" truecount="2" falsecount="0"/>
        <line num="15" count="14" type="cond" truecount="1" falsecount="1"/>
        <line num="17" count="11" type="stmt"/>
        <line num="21" count="49" type="cond" truecount="1" falsecount="1"/>
        <line num="25" count="49" type="stmt"/>
        <line num="30" count="29" type="stmt"/>
        <line num="41" count="11" type="cond" truecount="2" falsecount="0"/>
        <line num="42" count="5" type="cond" truecount="2" falsecount="0"/>
        <line num="43" count="1" type="stmt"/>
        <line num="75" count="49" type="stmt"/>
        <line num="76" count="49" type="stmt"/>
        <line num="77" count="49" type="stmt"/>
        <line num="78" count="49" type="stmt"/>
        <line num="79" count="49" type="stmt"/>
        <line num="80" count="49" type="stmt"/>
        <line num="81" count="49" type="stmt"/>
        <line num="82" count="49" type="stmt"/>
        <line num="83" count="49" type="stmt"/>
        <line num="84" count="49" type="cond" truecount="2" falsecount="0"/>
        <line num="86" count="49" type="stmt"/>
        <line num="87" count="26" type="cond" truecount="2" falsecount="0"/>
        <line num="89" count="49" type="stmt"/>
        <line num="90" count="20" type="cond" truecount="2" falsecount="0"/>
        <line num="93" count="49" type="stmt"/>
        <line num="94" count="49" type="stmt"/>
        <line num="95" count="48" type="cond" truecount="5" falsecount="0"/>
        <line num="96" count="1" type="stmt"/>
        <line num="97" count="1" type="cond" truecount="1" falsecount="3"/>
        <line num="100" count="49" type="stmt"/>
        <line num="101" count="8" type="cond" truecount="2" falsecount="0"/>
        <line num="102" count="7" type="cond" truecount="2" falsecount="0"/>
        <line num="103" count="8" type="cond" truecount="4" falsecount="1"/>
        <line num="104" count="1" type="cond" truecount="1" falsecount="1"/>
        <line num="105" count="1" type="stmt"/>
        <line num="107" count="6" type="cond" truecount="2" falsecount="0"/>
        <line num="110" count="49" type="stmt"/>
        <line num="111" count="3" type="stmt"/>
        <line num="112" count="3" type="cond" truecount="1" falsecount="1"/>
        <line num="113" count="0" type="cond" truecount="0" falsecount="2"/>
        <line num="116" count="49" type="stmt"/>
        <line num="124" count="0" type="stmt"/>
        <line num="133" count="44" type="stmt"/>
        <line num="134" count="44" type="stmt"/>
        <line num="135" count="44" type="cond" truecount="6" falsecount="0"/>
        <line num="136" count="44" type="stmt"/>
        <line num="144" count="3" type="stmt"/>
        <line num="168" count="17" type="stmt"/>
        <line num="169" count="17" type="stmt"/>
        <line num="191" count="1" type="stmt"/>
        <line num="195" count="1" type="stmt"/>
      </file>
      <file name="ReportProblem.tsx" path="/Users/alvarogonzaleztabernero/dev/IFS-Tests/web/src/components/ReportProblem.tsx">
        <metrics statements="12" coveredstatements="11" conditionals="6" coveredconditionals="6" methods="5" coveredmethods="4"/>
        <line num="8" count="34" type="stmt"/>
        <line num="9" count="34" type="stmt"/>
        <line num="10" count="34" type="stmt"/>
        <line num="11" count="34" type="stmt"/>
        <line num="13" count="34" type="cond" truecount="2" falsecount="0"/>
        <line num="14" count="33" type="cond" truecount="2" falsecount="0"/>
        <line num="15" count="11" type="stmt"/>
        <line num="17" count="1" type="stmt"/>
        <line num="23" count="22" type="stmt"/>
        <line num="25" count="1" type="stmt"/>
        <line num="35" count="21" type="stmt"/>
        <line num="47" count="0" type="stmt"/>
      </file>
    </package>
    <package name="lib">
      <metrics statements="28" coveredstatements="28" conditionals="21" coveredconditionals="21" methods="7" coveredmethods="7"/>
      <file name="api.ts" path="/Users/alvarogonzaleztabernero/dev/IFS-Tests/web/src/lib/api.ts">
        <metrics statements="26" coveredstatements="26" conditionals="21" coveredconditionals="21" methods="7" coveredmethods="7"/>
        <line num="7" count="10" type="stmt"/>
        <line num="14" count="10" type="stmt"/>
        <line num="18" count="10" type="stmt"/>
        <line num="22" count="10" type="stmt"/>
        <line num="23" count="10" type="stmt"/>
        <line num="24" count="188" type="stmt"/>
        <line num="25" count="188" type="cond" truecount="5" falsecount="0"/>
        <line num="26" count="1" type="stmt"/>
        <line num="27" count="1" type="stmt"/>
        <line num="29" count="188" type="stmt"/>
        <line num="33" count="2" type="stmt"/>
        <line num="34" count="2" type="stmt"/>
        <line num="35" count="2" type="stmt"/>
        <line num="39" count="51" type="stmt"/>
        <line num="40" count="51" type="cond" truecount="2" falsecount="0"/>
        <line num="41" count="45" type="cond" truecount="4" falsecount="0"/>
        <line num="42" count="43" type="stmt"/>
        <line num="47" count="267" type="stmt"/>
        <line num="51" count="10" type="stmt"/>
        <line num="56" count="3" type="stmt"/>
        <line num="63" count="11" type="stmt"/>
        <line num="64" count="11" type="cond" truecount="2" falsecount="0"/>
        <line num="65" count="4" type="cond" truecount="4" falsecount="0"/>
        <line num="66" count="3" type="cond" truecount="2" falsecount="0"/>
        <line num="67" count="2" type="stmt"/>
        <line num="72" count="211" type="cond" truecount="2" falsecount="0"/>
      </file>
      <file name="areas.ts" path="/Users/alvarogonzaleztabernero/dev/IFS-Tests/web/src/lib/areas.ts">
        <metrics statements="2" coveredstatements="2" conditionals="0" coveredconditionals="0" methods="0" coveredmethods="0"/>
        <line num="2" count="9" type="stmt"/>
        <line num="9" count="9" type="stmt"/>
      </file>
    </package>
    <package name="routes">
      <metrics statements="378" coveredstatements="359" conditionals="428" coveredconditionals="355" methods="182" coveredmethods="166"/>
      <file name="Admin.tsx" path="/Users/alvarogonzaleztabernero/dev/IFS-Tests/web/src/routes/Admin.tsx">
        <metrics statements="83" coveredstatements="76" conditionals="91" coveredconditionals="71" methods="42" coveredmethods="37"/>
        <line num="23" count="2" type="stmt"/>
        <line num="24" count="121" type="cond" truecount="2" falsecount="0"/>
        <line num="30" count="9" type="stmt"/>
        <line num="34" count="12" type="stmt"/>
        <line num="35" count="12" type="cond" truecount="2" falsecount="0"/>
        <line num="36" count="2" type="stmt"/>
        <line num="42" count="10" type="stmt"/>
        <line num="54" count="15" type="stmt"/>
        <line num="55" count="15" type="stmt"/>
        <line num="56" count="15" type="stmt"/>
        <line num="57" count="15" type="stmt"/>
        <line num="58" count="1" type="stmt"/>
        <line num="59" count="1" type="stmt"/>
        <line num="60" count="0" type="stmt"/>
        <line num="62" count="1" type="stmt"/>
        <line num="63" count="1" type="stmt"/>
        <line num="66" count="15" type="stmt"/>
        <line num="72" count="2" type="stmt"/>
        <line num="83" count="46" type="stmt"/>
        <line num="84" count="46" type="stmt"/>
        <line num="85" count="46" type="stmt"/>
        <line num="86" count="46" type="stmt"/>
        <line num="89" count="1" type="cond" truecount="1" falsecount="1"/>
        <line num="90" count="1" type="stmt"/>
        <line num="91" count="1" type="stmt"/>
        <line num="94" count="46" type="stmt"/>
        <line num="95" count="46" type="stmt"/>
        <line num="96" count="1" type="cond" truecount="1" falsecount="1"/>
        <line num="97" count="1" type="stmt"/>
        <line num="100" count="46" type="stmt"/>
        <line num="103" count="1" type="stmt"/>
        <line num="107" count="0" type="stmt"/>
        <line num="110" count="138" type="stmt"/>
        <line num="116" count="0" type="cond" truecount="0" falsecount="2"/>
        <line num="120" count="322" type="stmt"/>
        <line num="129" count="23" type="stmt"/>
        <line num="144" count="2" type="stmt"/>
        <line num="154" count="1" type="cond" truecount="1" falsecount="1"/>
        <line num="167" count="2" type="stmt"/>
        <line num="168" count="2" type="stmt"/>
        <line num="169" count="0" type="stmt"/>
        <line num="170" count="0" type="stmt"/>
        <line num="173" count="2" type="stmt"/>
        <line num="174" count="366" type="cond" truecount="1" falsecount="1"/>
        <line num="177" count="39" type="stmt"/>
        <line num="178" count="39" type="stmt"/>
        <line num="179" count="39" type="stmt"/>
        <line num="180" count="39" type="stmt"/>
        <line num="181" count="39" type="stmt"/>
        <line num="183" count="2" type="stmt"/>
        <line num="184" count="2" type="stmt"/>
        <line num="186" count="39" type="stmt"/>
        <line num="189" count="1" type="stmt"/>
        <line num="190" count="1" type="stmt"/>
        <line num="194" count="39" type="stmt"/>
        <line num="195" count="3" type="cond" truecount="2" falsecount="1"/>
        <line num="196" count="3" type="cond" truecount="4" falsecount="0"/>
        <line num="197" count="2" type="stmt"/>
        <line num="198" count="2" type="stmt"/>
        <line num="200" count="39" type="stmt"/>
        <line num="201" count="114" type="stmt"/>
        <line num="203" count="39" type="stmt"/>
        <line num="211" count="13" type="stmt"/>
        <line num="220" count="54" type="stmt"/>
        <line num="221" count="54" type="cond" truecount="2" falsecount="0"/>
        <line num="222" count="54" type="stmt"/>
        <line num="241" count="1" type="stmt"/>
        <line num="244" count="162" type="stmt"/>
        <line num="251" count="2" type="stmt"/>
        <line num="254" count="162" type="stmt"/>
        <line num="261" count="1" type="stmt"/>
        <line num="284" count="12" type="stmt"/>
        <line num="285" count="12" type="cond" truecount="2" falsecount="0"/>
        <line num="286" count="2" type="stmt"/>
        <line num="302" count="4" type="stmt"/>
        <line num="327" count="2" type="stmt"/>
        <line num="345" count="20" type="stmt"/>
        <line num="346" count="20" type="stmt"/>
        <line num="351" count="10" type="stmt"/>
        <line num="352" count="10" type="cond" truecount="1" falsecount="1"/>
        <line num="353" count="0" type="stmt"/>
        <line num="359" count="10" type="stmt"/>
        <line num="369" count="0" type="stmt"/>
      </file>
      <file name="Daily.tsx" path="/Users/alvarogonzaleztabernero/dev/IFS-Tests/web/src/routes/Daily.tsx">
        <metrics statements="34" coveredstatements="33" conditionals="33" coveredconditionals="25" methods="15" coveredmethods="14"/>
        <line num="20" count="9" type="cond" truecount="1" falsecount="1"/>
        <line num="23" count="15" type="cond" truecount="2" falsecount="0"/>
        <line num="24" count="9" type="cond" truecount="1" falsecount="1"/>
        <line num="25" count="0" type="stmt"/>
        <line num="39" count="18" type="cond" truecount="1" falsecount="1"/>
        <line num="40" count="18" type="stmt"/>
        <line num="72" count="9" type="stmt"/>
        <line num="73" count="9" type="stmt"/>
        <line num="74" count="9" type="stmt"/>
        <line num="77" count="2" type="stmt"/>
        <line num="78" count="2" type="stmt"/>
        <line num="81" count="9" type="stmt"/>
        <line num="82" count="9" type="stmt"/>
        <line num="90" count="2" type="stmt"/>
        <line num="99" count="3" type="cond" truecount="1" falsecount="1"/>
        <line num="100" count="3" type="stmt"/>
        <line num="114" count="18" type="stmt"/>
        <line num="115" count="18" type="stmt"/>
        <line num="116" count="18" type="stmt"/>
        <line num="117" count="18" type="stmt"/>
        <line num="118" count="18" type="stmt"/>
        <line num="119" count="1" type="stmt"/>
        <line num="120" count="1" type="stmt"/>
        <line num="121" count="1" type="stmt"/>
        <line num="123" count="18" type="stmt"/>
        <line num="125" count="18" type="cond" truecount="2" falsecount="0"/>
        <line num="126" count="6" type="stmt"/>
        <line num="132" count="12" type="cond" truecount="2" falsecount="0"/>
        <line num="133" count="1" type="stmt"/>
        <line num="145" count="11" type="stmt"/>
        <line num="146" count="11" type="stmt"/>
        <line num="162" count="18" type="stmt"/>
        <line num="166" count="3" type="stmt"/>
        <line num="167" count="1" type="stmt"/>
      </file>
      <file name="Home.tsx" path="/Users/alvarogonzaleztabernero/dev/IFS-Tests/web/src/routes/Home.tsx">
        <metrics statements="2" coveredstatements="2" conditionals="2" coveredconditionals="2" methods="1" coveredmethods="1"/>
        <line num="6" count="4" type="stmt"/>
        <line num="7" count="4" type="stmt"/>
      </file>
      <file name="Invite.tsx" path="/Users/alvarogonzaleztabernero/dev/IFS-Tests/web/src/routes/Invite.tsx">
        <metrics statements="16" coveredstatements="15" conditionals="18" coveredconditionals="15" methods="7" coveredmethods="7"/>
        <line num="12" count="95" type="stmt"/>
        <line num="13" count="95" type="stmt"/>
        <line num="14" count="95" type="stmt"/>
        <line num="16" count="4" type="stmt"/>
        <line num="19" count="95" type="stmt"/>
        <line num="20" count="95" type="stmt"/>
        <line num="21" count="95" type="stmt"/>
        <line num="24" count="1" type="cond" truecount="1" falsecount="1"/>
        <line num="25" count="0" type="stmt"/>
        <line num="28" count="95" type="stmt"/>
        <line num="29" count="323" type="stmt"/>
        <line num="30" count="86" type="stmt"/>
        <line num="31" count="86" type="stmt"/>
        <line num="33" count="95" type="cond" truecount="2" falsecount="0"/>
        <line num="35" count="95" type="stmt"/>
        <line num="77" count="371" type="stmt"/>
      </file>
      <file name="Layout.tsx" path="/Users/alvarogonzaleztabernero/dev/IFS-Tests/web/src/routes/Layout.tsx">
        <metrics statements="11" coveredstatements="10" conditionals="12" coveredconditionals="12" methods="2" coveredmethods="1"/>
        <line num="9" count="94" type="stmt"/>
        <line num="10" count="94" type="stmt"/>
        <line num="12" count="94" type="cond" truecount="2" falsecount="0"/>
        <line num="13" count="42" type="stmt"/>
        <line num="19" count="52" type="cond" truecount="2" falsecount="0"/>
        <line num="20" count="1" type="stmt"/>
        <line num="24" count="0" type="stmt"/>
        <line num="31" count="51" type="cond" truecount="2" falsecount="0"/>
        <line num="32" count="2" type="cond" truecount="2" falsecount="0"/>
        <line num="33" count="2" type="stmt"/>
        <line num="36" count="49" type="stmt"/>
      </file>
      <file name="Login.tsx" path="/Users/alvarogonzaleztabernero/dev/IFS-Tests/web/src/routes/Login.tsx">
        <metrics statements="22" coveredstatements="22" conditionals="29" coveredconditionals="29" methods="7" coveredmethods="7"/>
        <line num="11" count="686" type="cond" truecount="7" falsecount="0"/>
        <line num="12" count="97" type="stmt"/>
        <line num="16" count="145" type="stmt"/>
        <line num="17" count="145" type="stmt"/>
        <line num="18" count="145" type="stmt"/>
        <line num="19" count="145" type="stmt"/>
        <line num="20" count="145" type="stmt"/>
        <line num="21" count="145" type="stmt"/>
        <line num="22" count="145" type="stmt"/>
        <line num="23" count="145" type="stmt"/>
        <line num="26" count="2" type="cond" truecount="2" falsecount="0"/>
        <line num="27" count="1" type="stmt"/>
        <line num="31" count="145" type="cond" truecount="2" falsecount="0"/>
        <line num="33" count="288" type="stmt"/>
        <line num="34" count="126" type="stmt"/>
        <line num="35" count="126" type="stmt"/>
        <line num="36" count="126" type="stmt"/>
        <line num="38" count="144" type="stmt"/>
        <line num="39" count="4" type="stmt"/>
        <line num="43" count="4" type="stmt"/>
        <line num="44" count="4" type="cond" truecount="4" falsecount="0"/>
        <line num="47" count="144" type="stmt"/>
      </file>
      <file name="Mock.tsx" path="/Users/alvarogonzaleztabernero/dev/IFS-Tests/web/src/routes/Mock.tsx">
        <metrics statements="36" coveredstatements="36" conditionals="41" coveredconditionals="37" methods="17" coveredmethods="15"/>
        <line num="18" count="9" type="stmt"/>
        <line num="19" count="9" type="stmt"/>
        <line num="22" count="7" type="stmt"/>
        <line num="47" count="8" type="stmt"/>
        <line num="48" count="8" type="stmt"/>
        <line num="49" count="8" type="stmt"/>
        <line num="50" count="8" type="stmt"/>
        <line num="51" count="8" type="stmt"/>
        <line num="54" count="1" type="stmt"/>
        <line num="55" count="1" type="stmt"/>
        <line num="58" count="8" type="stmt"/>
        <line num="59" count="8" type="stmt"/>
        <line num="60" count="12" type="cond" truecount="3" falsecount="0"/>
        <line num="63" count="8" type="stmt"/>
        <line num="72" count="1" type="stmt"/>
        <line num="75" count="24" type="stmt"/>
        <line num="83" count="3" type="stmt"/>
        <line num="91" count="7" type="stmt"/>
        <line num="95" count="1" type="stmt"/>
        <line num="104" count="2" type="stmt"/>
        <line num="123" count="9" type="stmt"/>
        <line num="124" count="9" type="stmt"/>
        <line num="125" count="9" type="stmt"/>
        <line num="126" count="9" type="stmt"/>
        <line num="127" count="9" type="stmt"/>
        <line num="130" count="2" type="stmt"/>
        <line num="131" count="2" type="stmt"/>
        <line num="134" count="9" type="stmt"/>
        <line num="135" count="9" type="stmt"/>
        <line num="137" count="9" type="cond" truecount="2" falsecount="0"/>
        <line num="138" count="1" type="stmt"/>
        <line num="145" count="8" type="cond" truecount="2" falsecount="0"/>
        <line num="146" count="6" type="stmt"/>
        <line num="147" count="6" type="stmt"/>
        <line num="163" count="2" type="stmt"/>
        <line num="176" count="6" type="stmt"/>
      </file>
      <file name="Practice.tsx" path="/Users/alvarogonzaleztabernero/dev/IFS-Tests/web/src/routes/Practice.tsx">
        <metrics statements="33" coveredstatements="33" conditionals="47" coveredconditionals="43" methods="15" coveredmethods="15"/>
        <line num="17" count="20" type="stmt"/>
        <line num="18" count="20" type="stmt"/>
        <line num="19" count="20" type="cond" truecount="2" falsecount="0"/>
        <line num="20" count="24" type="stmt"/>
        <line num="21" count="22" type="cond" truecount="2" falsecount="0"/>
        <line num="22" count="20" type="stmt"/>
        <line num="31" count="24" type="stmt"/>
        <line num="45" count="1" type="cond" truecount="1" falsecount="1"/>
        <line num="49" count="4" type="stmt"/>
        <line num="63" count="13" type="stmt"/>
        <line num="64" count="13" type="cond" truecount="2" falsecount="0"/>
        <line num="65" count="13" type="cond" truecount="2" falsecount="0"/>
        <line num="66" count="13" type="cond" truecount="3" falsecount="0"/>
        <line num="67" count="13" type="stmt"/>
        <line num="68" count="13" type="stmt"/>
        <line num="80" count="3" type="cond" truecount="2" falsecount="0"/>
        <line num="87" count="30" type="stmt"/>
        <line num="88" count="30" type="stmt"/>
        <line num="89" count="30" type="stmt"/>
        <line num="90" count="30" type="stmt"/>
        <line num="92" count="11" type="stmt"/>
        <line num="96" count="30" type="stmt"/>
        <line num="99" count="4" type="stmt"/>
        <line num="100" count="4" type="cond" truecount="2" falsecount="0"/>
        <line num="101" count="4" type="stmt"/>
        <line num="104" count="30" type="stmt"/>
        <line num="105" count="1" type="stmt"/>
        <line num="106" count="1" type="stmt"/>
        <line num="107" count="1" type="stmt"/>
        <line num="108" count="1" type="stmt"/>
        <line num="111" count="30" type="stmt"/>
        <line num="112" count="30" type="stmt"/>
        <line num="127" count="4" type="stmt"/>
      </file>
      <file name="Profile.tsx" path="/Users/alvarogonzaleztabernero/dev/IFS-Tests/web/src/routes/Profile.tsx">
        <metrics statements="32" coveredstatements="32" conditionals="14" coveredconditionals="11" methods="16" coveredmethods="16"/>
        <line num="11" count="7" type="stmt"/>
        <line num="12" count="7" type="stmt"/>
        <line num="13" count="7" type="stmt"/>
        <line num="16" count="1" type="stmt"/>
        <line num="17" count="1" type="stmt"/>
        <line num="20" count="7" type="cond" truecount="1" falsecount="1"/>
        <line num="21" count="7" type="stmt"/>
        <line num="27" count="1" type="stmt"/>
        <line num="36" count="13" type="stmt"/>
        <line num="41" count="13" type="stmt"/>
        <line num="43" count="1" type="stmt"/>
        <line num="45" count="13" type="stmt"/>
        <line num="46" count="13" type="stmt"/>
        <line num="47" count="3" type="stmt"/>
        <line num="48" count="3" type="stmt"/>
        <line num="49" count="3" type="cond" truecount="1" falsecount="1"/>
        <line num="51" count="13" type="cond" truecount="2" falsecount="0"/>
        <line num="53" count="13" type="stmt"/>
        <line num="61" count="1" type="stmt"/>
        <line num="67" count="1" type="stmt"/>
        <line num="73" count="91" type="stmt"/>
        <line num="80" count="1" type="stmt"/>
        <line num="94" count="36" type="stmt"/>
        <line num="95" count="36" type="stmt"/>
        <line num="96" count="36" type="stmt"/>
        <line num="97" count="36" type="stmt"/>
        <line num="98" count="72" type="stmt"/>
        <line num="99" count="26" type="stmt"/>
        <line num="100" count="26" type="stmt"/>
        <line num="101" count="26" type="cond" truecount="1" falsecount="1"/>
        <line num="104" count="36" type="stmt"/>
        <line num="106" count="2" type="stmt"/>
      </file>
      <file name="Reset.tsx" path="/Users/alvarogonzaleztabernero/dev/IFS-Tests/web/src/routes/Reset.tsx">
        <metrics statements="11" coveredstatements="11" conditionals="6" coveredconditionals="6" methods="4" coveredmethods="4"/>
        <line num="11" count="38" type="stmt"/>
        <line num="12" count="38" type="stmt"/>
        <line num="14" count="3" type="stmt"/>
        <line num="17" count="38" type="stmt"/>
        <line num="18" count="38" type="stmt"/>
        <line num="20" count="38" type="cond" truecount="2" falsecount="0"/>
        <line num="21" count="1" type="stmt"/>
        <line num="31" count="37" type="stmt"/>
        <line num="35" count="2" type="stmt"/>
        <line num="43" count="30" type="stmt"/>
        <line num="44" count="30" type="stmt"/>
      </file>
      <file name="Review.tsx" path="/Users/alvarogonzaleztabernero/dev/IFS-Tests/web/src/routes/Review.tsx">
        <metrics statements="91" coveredstatements="84" conditionals="135" coveredconditionals="104" methods="49" coveredmethods="44"/>
        <line num="21" count="1" type="stmt"/>
        <line num="30" count="1" type="stmt"/>
        <line num="31" count="18" type="stmt"/>
        <line num="34" count="5" type="stmt"/>
        <line num="35" count="5" type="cond" truecount="2" falsecount="0"/>
        <line num="36" count="1" type="stmt"/>
        <line num="42" count="4" type="stmt"/>
        <line num="46" count="2" type="stmt"/>
        <line num="54" count="19" type="stmt"/>
        <line num="55" count="19" type="stmt"/>
        <line num="56" count="106" type="cond" truecount="2" falsecount="0"/>
        <line num="57" count="19" type="cond" truecount="2" falsecount="0"/>
        <line num="58" count="19" type="cond" truecount="2" falsecount="0"/>
        <line num="59" count="19" type="stmt"/>
        <line num="60" count="19" type="stmt"/>
        <line num="64" count="65" type="stmt"/>
        <line num="65" count="39" type="cond" truecount="2" falsecount="0"/>
        <line num="68" count="19" type="stmt"/>
        <line num="69" count="28" type="cond" truecount="2" falsecount="0"/>
        <line num="70" count="19" type="stmt"/>
        <line num="71" count="1" type="stmt"/>
        <line num="72" count="1" type="stmt"/>
        <line num="73" count="1" type="cond" truecount="1" falsecount="1"/>
        <line num="74" count="0" type="stmt"/>
        <line num="76" count="1" type="stmt"/>
        <line num="79" count="19" type="stmt"/>
        <line num="88" count="114" type="stmt"/>
        <line num="92" count="1" type="stmt"/>
        <line num="102" count="1" type="stmt"/>
        <line num="104" count="11" type="stmt"/>
        <line num="106" count="0" type="stmt"/>
        <line num="109" count="76" type="stmt"/>
        <line num="127" count="492" type="stmt"/>
        <line num="152" count="1" type="stmt"/>
        <line num="163" count="3" type="stmt"/>
        <line num="171" count="17" type="stmt"/>
        <line num="172" count="17" type="stmt"/>
        <line num="173" count="17" type="stmt"/>
        <line num="174" count="17" type="stmt"/>
        <line num="175" count="51" type="stmt"/>
        <line num="176" count="4" type="stmt"/>
        <line num="177" count="4" type="stmt"/>
        <line num="178" count="4" type="stmt"/>
        <line num="180" count="17" type="stmt"/>
        <line num="181" count="17" type="stmt"/>
        <line num="182" count="17" type="stmt"/>
        <line num="183" count="17" type="stmt"/>
        <line num="186" count="1" type="stmt"/>
        <line num="187" count="1" type="stmt"/>
        <line num="190" count="17" type="stmt"/>
        <line num="192" count="17" type="cond" truecount="1" falsecount="1"/>
        <line num="193" count="0" type="stmt"/>
        <line num="200" count="17" type="cond" truecount="2" falsecount="0"/>
        <line num="201" count="14" type="cond" truecount="1" falsecount="1"/>
        <line num="202" count="17" type="stmt"/>
        <line num="213" count="14" type="stmt"/>
        <line num="224" count="0" type="stmt"/>
        <line num="231" count="24" type="cond" truecount="5" falsecount="0"/>
        <line num="262" count="1" type="stmt"/>
        <line num="275" count="9" type="stmt"/>
        <line num="285" count="1" type="stmt"/>
        <line num="295" count="1" type="stmt"/>
        <line num="301" count="2" type="stmt"/>
        <line num="302" count="0" type="stmt"/>
        <line num="304" count="1" type="stmt"/>
        <line num="311" count="10" type="stmt"/>
        <line num="312" count="10" type="cond" truecount="1" falsecount="1"/>
        <line num="313" count="10" type="stmt"/>
        <line num="315" count="1" type="cond" truecount="1" falsecount="1"/>
        <line num="325" count="0" type="stmt"/>
        <line num="327" count="40" type="stmt"/>
        <line num="332" count="1" type="stmt"/>
        <line num="335" count="80" type="stmt"/>
        <line num="359" count="22" type="stmt"/>
        <line num="360" count="22" type="stmt"/>
        <line num="361" count="16" type="cond" truecount="2" falsecount="0"/>
        <line num="363" count="22" type="cond" truecount="2" falsecount="0"/>
        <line num="364" count="22" type="stmt"/>
        <line num="365" count="22" type="stmt"/>
        <line num="366" count="22" type="stmt"/>
        <line num="368" count="2" type="cond" truecount="2" falsecount="0"/>
        <line num="383" count="16" type="stmt"/>
        <line num="389" count="1" type="stmt"/>
        <line num="390" count="1" type="stmt"/>
        <line num="391" count="0" type="cond" truecount="1" falsecount="3"/>
        <line num="406" count="12" type="stmt"/>
        <line num="407" count="12" type="stmt"/>
        <line num="435" count="18" type="cond" truecount="2" falsecount="0"/>
        <line num="436" count="18" type="stmt"/>
        <line num="438" count="1" type="cond" truecount="1" falsecount="1"/>
        <line num="448" count="9" type="stmt"/>
      </file>
      <file name="index.tsx" path="/Users/alvarogonzaleztabernero/dev/IFS-Tests/web/src/routes/index.tsx">
        <metrics statements="7" coveredstatements="5" conditionals="0" coveredconditionals="0" methods="7" coveredmethods="5"/>
        <line num="15" count="9" type="stmt"/>
        <line num="16" count="9" type="stmt"/>
        <line num="17" count="9" type="stmt"/>
        <line num="20" count="0" type="stmt"/>
        <line num="23" count="0" type="stmt"/>
        <line num="31" count="1" type="stmt"/>
        <line num="40" count="9" type="stmt"/>
      </file>
    </package>
  </project>
</coverage>
