<?xml version="1.0" encoding="UTF-8"?>
<coverage generated="1790165533485" clover="3.2.0">
  <project timestamp="1790165533485" name="All files">
    <metrics statements="385" coveredstatements="370" conditionals="401" coveredconditionals="344" methods="166" coveredmethods="154" elements="952" coveredelements="868" complexity="0" loc="385" ncloc="385" packages="3" files="16" classes="16"/>
    <package name="components">
      <metrics statements="106" coveredstatements="103" conditionals="132" coveredconditionals="113" methods="45" coveredmethods="42"/>
      <file name="Countdown.tsx" path="/Users/alvarogonzaleztabernero/dev/IFS-Tests/web/src/components/Countdown.tsx">
        <metrics statements="17" coveredstatements="17" conditionals="12" coveredconditionals="11" methods="9" coveredmethods="8"/>
        <line num="5" count="5" type="stmt"/>
        <line num="6" count="5" type="stmt"/>
        <line num="7" count="5" type="stmt"/>
        <line num="8" count="5" type="stmt"/>
        <line num="9" count="5" type="stmt"/>
        <line num="10" count="5" type="stmt"/>
        <line num="11" count="5" type="stmt"/>
        <line num="13" count="5" type="stmt"/>
        <line num="16" count="7" type="stmt"/>
        <line num="28" count="5" type="stmt"/>
        <line num="29" count="5" type="stmt"/>
        <line num="30" count="5" type="stmt"/>
        <line num="31" count="3" type="cond" truecount="4" falsecount="0"/>
        <line num="32" count="1" type="stmt"/>
        <line num="33" count="1" type="stmt"/>
        <line num="36" count="5" type="cond" truecount="3" falsecount="1"/>
        <line num="37" count="5" type="stmt"/>
      </file>
      <file name="Form.tsx" path="/Users/alvarogonzaleztabernero/dev/IFS-Tests/web/src/components/Form.tsx">
        <metrics statements="28" coveredstatements="28" conditionals="22" coveredconditionals="22" methods="11" coveredmethods="11"/>
        <line num="13" count="8" type="stmt"/>
        <line num="21" count="394" type="stmt"/>
        <line num="22" count="394" type="stmt"/>
        <line num="23" count="394" type="stmt"/>
        <line num="24" count="59" type="cond" truecount="4" falsecount="0"/>
        <line num="25" count="8" type="stmt"/>
        <line num="26" count="8" type="stmt"/>
        <line num="28" count="394" type="stmt"/>
        <line num="34" count="19" type="stmt"/>
        <line num="35" count="19" type="stmt"/>
        <line num="36" count="19" type="stmt"/>
        <line num="44" count="144" type="stmt"/>
        <line num="45" count="144" type="cond" truecount="2" falsecount="0"/>
        <line num="46" count="144" type="stmt"/>
        <line num="47" count="144" type="stmt"/>
        <line num="48" count="144" type="stmt"/>
        <line num="49" count="144" type="stmt"/>
        <line num="55" count="997" type="stmt"/>
        <line num="56" count="997" type="cond" truecount="6" falsecount="0"/>
        <line num="58" count="997" type="stmt"/>
        <line num="71" count="997" type="stmt"/>
        <line num="75" count="745" type="stmt"/>
        <line num="76" count="745" type="stmt"/>
        <line num="92" count="252" type="stmt"/>
        <line num="93" count="252" type="stmt"/>
        <line num="105" count="37" type="stmt"/>
        <line num="114" count="481" type="cond" truecount="4" falsecount="0"/>
        <line num="115" count="2" type="stmt"/>
      </file>
      <file name="Page.tsx" path="/Users/alvarogonzaleztabernero/dev/IFS-Tests/web/src/components/Page.tsx">
        <metrics statements="13" coveredstatements="13" conditionals="6" coveredconditionals="5" methods="8" coveredmethods="8"/>
        <line num="16" count="326" type="stmt"/>
        <line num="17" count="326" type="stmt"/>
        <line num="18" count="48" type="stmt"/>
        <line num="19" count="48" type="stmt"/>
        <line num="21" count="326" type="stmt"/>
        <line num="33" count="346" type="stmt"/>
        <line num="45" count="313" type="stmt"/>
        <line num="54" count="277" type="stmt"/>
        <line num="71" count="133" type="stmt"/>
        <line num="72" count="133" type="stmt"/>
        <line num="73" count="7" type="stmt"/>
        <line num="74" count="7" type="cond" truecount="1" falsecount="1"/>
        <line num="76" count="133" type="stmt"/>
      </file>
      <file name="QuestionCard.tsx" path="/Users/alvarogonzaleztabernero/dev/IFS-Tests/web/src/components/QuestionCard.tsx">
        <metrics statements="48" coveredstatements="45" conditionals="92" coveredconditionals="75" methods="17" coveredmethods="15"/>
        <line num="6" count="7" type="stmt"/>
        <line num="13" count="14" type="cond" truecount="1" falsecount="1"/>
        <line num="14" count="14" type="cond" truecount="1" falsecount="1"/>
        <line num="16" count="0" type="stmt"/>
        <line num="20" count="35" type="cond" truecount="1" falsecount="1"/>
        <line num="24" count="35" type="stmt"/>
        <line num="29" count="26" type="stmt"/>
        <line num="40" count="6" type="cond" truecount="2" falsecount="0"/>
        <line num="41" count="2" type="cond" truecount="2" falsecount="0"/>
        <line num="42" count="1" type="stmt"/>
        <line num="71" count="35" type="stmt"/>
        <line num="72" count="35" type="stmt"/>
        <line num="73" count="35" type="stmt"/>
        <line num="74" count="35" type="stmt"/>
        <line num="75" count="35" type="stmt"/>
        <line num="76" count="35" type="stmt"/>
        <line num="77" count="35" type="stmt"/>
        <line num="78" count="35" type="stmt"/>
        <line num="79" count="35" type="cond" truecount="2" falsecount="0"/>
        <line num="81" count="35" type="stmt"/>
        <line num="82" count="18" type="cond" truecount="2" falsecount="0"/>
        <line num="85" count="35" type="stmt"/>
        <line num="86" count="35" type="stmt"/>
        <line num="87" count="34" type="cond" truecount="5" falsecount="0"/>
        <line num="88" count="1" type="stmt"/>
        <line num="89" count="1" type="cond" truecount="1" falsecount="3"/>
        <line num="92" count="35" type="stmt"/>
        <line num="93" count="5" type="cond" truecount="2" falsecount="0"/>
        <line num="94" count="4" type="cond" truecount="2" falsecount="0"/>
        <line num="95" count="5" type="cond" truecount="4" falsecount="1"/>
        <line num="96" count="1" type="cond" truecount="1" falsecount="1"/>
        <line num="97" count="1" type="stmt"/>
        <line num="99" count="3" type="cond" truecount="2" falsecount="0"/>
        <line num="102" count="35" type="stmt"/>
        <line num="103" count="2" type="stmt"/>
        <line num="104" count="2" type="cond" truecount="1" falsecount="1"/>
        <line num="105" count="0" type="cond" truecount="0" falsecount="2"/>
        <line num="108" count="35" type="stmt"/>
        <line num="115" count="0" type="stmt"/>
        <line num="124" count="38" type="stmt"/>
        <line num="125" count="38" type="stmt"/>
        <line num="126" count="38" type="cond" truecount="6" falsecount="0"/>
        <line num="127" count="38" type="stmt"/>
        <line num="135" count="2" type="stmt"/>
        <line num="159" count="12" type="stmt"/>
        <line num="160" count="12" type="stmt"/>
        <line num="182" count="1" type="stmt"/>
        <line num="186" count="1" type="stmt"/>
      </file>
    </package>
    <package name="lib">
      <metrics statements="28" coveredstatements="28" conditionals="21" coveredconditionals="21" methods="7" coveredmethods="7"/>
      <file name="api.ts" path="/Users/alvarogonzaleztabernero/dev/IFS-Tests/web/src/lib/api.ts">
        <metrics statements="26" coveredstatements="26" conditionals="21" coveredconditionals="21" methods="7" coveredmethods="7"/>
        <line num="7" count="8" type="stmt"/>
        <line num="14" count="8" type="stmt"/>
        <line num="18" count="8" type="stmt"/>
        <line num="22" count="8" type="stmt"/>
        <line num="23" count="8" type="stmt"/>
        <line num="24" count="151" type="stmt"/>
        <line num="25" count="151" type="cond" truecount="5" falsecount="0"/>
        <line num="26" count="1" type="stmt"/>
        <line num="27" count="1" type="stmt"/>
        <line num="29" count="151" type="stmt"/>
        <line num="33" count="2" type="stmt"/>
        <line num="34" count="2" type="stmt"/>
        <line num="35" count="2" type="stmt"/>
        <line num="39" count="41" type="stmt"/>
        <line num="40" count="41" type="cond" truecount="2" falsecount="0"/>
        <line num="41" count="35" type="cond" truecount="4" falsecount="0"/>
        <line num="42" count="33" type="stmt"/>
        <line num="47" count="239" type="stmt"/>
        <line num="51" count="8" type="stmt"/>
        <line num="56" count="3" type="stmt"/>
        <line num="63" count="10" type="stmt"/>
        <line num="64" count="10" type="cond" truecount="2" falsecount="0"/>
        <line num="65" count="4" type="cond" truecount="4" falsecount="0"/>
        <line num="66" count="3" type="cond" truecount="2" falsecount="0"/>
        <line num="67" count="2" type="stmt"/>
        <line num="72" count="187" type="cond" truecount="2" falsecount="0"/>
      </file>
      <file name="areas.ts" path="/Users/alvarogonzaleztabernero/dev/IFS-Tests/web/src/lib/areas.ts">
        <metrics statements="2" coveredstatements="2" conditionals="0" coveredconditionals="0" methods="0" coveredmethods="0"/>
        <line num="2" count="7" type="stmt"/>
        <line num="9" count="7" type="stmt"/>
      </file>
    </package>
    <package name="routes">
      <metrics statements="251" coveredstatements="239" conditionals="248" coveredconditionals="210" methods="114" coveredmethods="105"/>
      <file name="Admin.tsx" path="/Users/alvarogonzaleztabernero/dev/IFS-Tests/web/src/routes/Admin.tsx">
        <metrics statements="83" coveredstatements="76" conditionals="89" coveredconditionals="69" methods="42" coveredmethods="37"/>
        <line num="22" count="2" type="stmt"/>
        <line num="23" count="121" type="cond" truecount="2" falsecount="0"/>
        <line num="29" count="9" type="stmt"/>
        <line num="33" count="12" type="stmt"/>
        <line num="34" count="12" type="cond" truecount="2" falsecount="0"/>
        <line num="35" count="2" type="stmt"/>
        <line num="41" count="10" type="stmt"/>
        <line num="53" count="15" type="stmt"/>
        <line num="54" count="15" type="stmt"/>
        <line num="55" count="15" type="stmt"/>
        <line num="56" count="15" type="stmt"/>
        <line num="57" count="1" type="stmt"/>
        <line num="58" count="1" type="stmt"/>
        <line num="59" count="0" type="stmt"/>
        <line num="61" count="1" type="stmt"/>
        <line num="62" count="1" type="stmt"/>
        <line num="65" count="15" type="stmt"/>
        <line num="71" count="2" type="stmt"/>
        <line num="82" count="46" type="stmt"/>
        <line num="83" count="46" type="stmt"/>
        <line num="84" count="46" type="stmt"/>
        <line num="85" count="46" type="stmt"/>
        <line num="88" count="1" type="cond" truecount="1" falsecount="1"/>
        <line num="89" count="1" type="stmt"/>
        <line num="90" count="1" type="stmt"/>
        <line num="93" count="46" type="stmt"/>
        <line num="94" count="46" type="stmt"/>
        <line num="95" count="1" type="cond" truecount="1" falsecount="1"/>
        <line num="96" count="1" type="stmt"/>
        <line num="99" count="46" type="stmt"/>
        <line num="102" count="1" type="stmt"/>
        <line num="106" count="0" type="stmt"/>
        <line num="109" count="138" type="stmt"/>
        <line num="115" count="0" type="cond" truecount="0" falsecount="2"/>
        <line num="119" count="322" type="stmt"/>
        <line num="128" count="23" type="stmt"/>
        <line num="143" count="2" type="stmt"/>
        <line num="153" count="1" type="cond" truecount="1" falsecount="1"/>
        <line num="166" count="2" type="stmt"/>
        <line num="167" count="2" type="stmt"/>
        <line num="168" count="0" type="stmt"/>
        <line num="169" count="0" type="stmt"/>
        <line num="172" count="2" type="stmt"/>
        <line num="173" count="366" type="cond" truecount="1" falsecount="1"/>
        <line num="176" count="39" type="stmt"/>
        <line num="177" count="39" type="stmt"/>
        <line num="178" count="39" type="stmt"/>
        <line num="179" count="39" type="stmt"/>
        <line num="180" count="39" type="stmt"/>
        <line num="182" count="2" type="stmt"/>
        <line num="183" count="2" type="stmt"/>
        <line num="185" count="39" type="stmt"/>
        <line num="188" count="1" type="stmt"/>
        <line num="189" count="1" type="stmt"/>
        <line num="193" count="39" type="stmt"/>
        <line num="194" count="3" type="cond" truecount="2" falsecount="1"/>
        <line num="195" count="3" type="cond" truecount="4" falsecount="0"/>
        <line num="196" count="2" type="stmt"/>
        <line num="197" count="2" type="stmt"/>
        <line num="199" count="39" type="stmt"/>
        <line num="200" count="114" type="stmt"/>
        <line num="202" count="39" type="stmt"/>
        <line num="210" count="13" type="stmt"/>
        <line num="219" count="54" type="stmt"/>
        <line num="220" count="54" type="cond" truecount="2" falsecount="0"/>
        <line num="221" count="54" type="stmt"/>
        <line num="240" count="1" type="stmt"/>
        <line num="243" count="162" type="stmt"/>
        <line num="250" count="2" type="stmt"/>
        <line num="253" count="162" type="stmt"/>
        <line num="260" count="1" type="stmt"/>
        <line num="283" count="12" type="stmt"/>
        <line num="284" count="12" type="cond" truecount="2" falsecount="0"/>
        <line num="285" count="2" type="stmt"/>
        <line num="301" count="4" type="stmt"/>
        <line num="321" count="2" type="stmt"/>
        <line num="335" count="20" type="stmt"/>
        <line num="336" count="20" type="stmt"/>
        <line num="341" count="10" type="stmt"/>
        <line num="342" count="10" type="cond" truecount="1" falsecount="1"/>
        <line num="343" count="0" type="stmt"/>
        <line num="349" count="10" type="stmt"/>
        <line num="355" count="0" type="stmt"/>
      </file>
      <file name="Daily.tsx" path="/Users/alvarogonzaleztabernero/dev/IFS-Tests/web/src/routes/Daily.tsx">
        <metrics statements="34" coveredstatements="33" conditionals="33" coveredconditionals="25" methods="15" coveredmethods="14"/>
        <line num="20" count="7" type="cond" truecount="1" falsecount="1"/>
        <line num="23" count="15" type="cond" truecount="2" falsecount="0"/>
        <line num="24" count="9" type="cond" truecount="1" falsecount="1"/>
        <line num="25" count="0" type="stmt"/>
        <line num="39" count="18" type="cond" truecount="1" falsecount="1"/>
        <line num="40" count="18" type="stmt"/>
        <line num="72" count="9" type="stmt"/>
        <line num="73" count="9" type="stmt"/>
        <line num="74" count="9" type="stmt"/>
        <line num="77" count="2" type="stmt"/>
        <line num="78" count="2" type="stmt"/>
        <line num="81" count="9" type="stmt"/>
        <line num="82" count="9" type="stmt"/>
        <line num="90" count="2" type="stmt"/>
        <line num="99" count="3" type="cond" truecount="1" falsecount="1"/>
        <line num="100" count="3" type="stmt"/>
        <line num="114" count="18" type="stmt"/>
        <line num="115" count="18" type="stmt"/>
        <line num="116" count="18" type="stmt"/>
        <line num="117" count="18" type="stmt"/>
        <line num="118" count="18" type="stmt"/>
        <line num="119" count="1" type="stmt"/>
        <line num="120" count="1" type="stmt"/>
        <line num="121" count="1" type="stmt"/>
        <line num="123" count="18" type="stmt"/>
        <line num="125" count="18" type="cond" truecount="2" falsecount="0"/>
        <line num="126" count="6" type="stmt"/>
        <line num="132" count="12" type="cond" truecount="2" falsecount="0"/>
        <line num="133" count="1" type="stmt"/>
        <line num="145" count="11" type="stmt"/>
        <line num="146" count="11" type="stmt"/>
        <line num="162" count="18" type="stmt"/>
        <line num="166" count="3" type="stmt"/>
        <line num="167" count="1" type="stmt"/>
      </file>
      <file name="Home.tsx" path="/Users/alvarogonzaleztabernero/dev/IFS-Tests/web/src/routes/Home.tsx">
        <metrics statements="4" coveredstatements="4" conditionals="2" coveredconditionals="2" methods="2" coveredmethods="2"/>
        <line num="5" count="7" type="stmt"/>
        <line num="8" count="4" type="stmt"/>
        <line num="9" count="4" type="stmt"/>
        <line num="41" count="4" type="stmt"/>
      </file>
      <file name="Invite.tsx" path="/Users/alvarogonzaleztabernero/dev/IFS-Tests/web/src/routes/Invite.tsx">
        <metrics statements="16" coveredstatements="15" conditionals="18" coveredconditionals="15" methods="7" coveredmethods="7"/>
        <line num="12" count="95" type="stmt"/>
        <line num="13" count="95" type="stmt"/>
        <line num="14" count="95" type="stmt"/>
        <line num="16" count="4" type="stmt"/>
        <line num="19" count="95" type="stmt"/>
        <line num="20" count="95" type="stmt"/>
        <line num="21" count="95" type="stmt"/>
        <line num="24" count="1" type="cond" truecount="1" falsecount="1"/>
        <line num="25" count="0" type="stmt"/>
        <line num="28" count="95" type="stmt"/>
        <line num="29" count="323" type="stmt"/>
        <line num="30" count="86" type="stmt"/>
        <line num="31" count="86" type="stmt"/>
        <line num="33" count="95" type="cond" truecount="2" falsecount="0"/>
        <line num="35" count="95" type="stmt"/>
        <line num="77" count="371" type="stmt"/>
      </file>
      <file name="Layout.tsx" path="/Users/alvarogonzaleztabernero/dev/IFS-Tests/web/src/routes/Layout.tsx">
        <metrics statements="11" coveredstatements="10" conditionals="10" coveredconditionals="10" methods="2" coveredmethods="1"/>
        <line num="9" count="71" type="stmt"/>
        <line num="10" count="71" type="stmt"/>
        <line num="12" count="71" type="cond" truecount="2" falsecount="0"/>
        <line num="13" count="32" type="stmt"/>
        <line num="19" count="39" type="cond" truecount="2" falsecount="0"/>
        <line num="20" count="1" type="stmt"/>
        <line num="24" count="0" type="stmt"/>
        <line num="31" count="38" type="cond" truecount="2" falsecount="0"/>
        <line num="32" count="2" type="cond" truecount="2" falsecount="0"/>
        <line num="33" count="2" type="stmt"/>
        <line num="36" count="36" type="stmt"/>
      </file>
      <file name="Login.tsx" path="/Users/alvarogonzaleztabernero/dev/IFS-Tests/web/src/routes/Login.tsx">
        <metrics statements="22" coveredstatements="22" conditionals="29" coveredconditionals="29" methods="7" coveredmethods="7"/>
        <line num="11" count="686" type="cond" truecount="7" falsecount="0"/>
        <line num="12" count="97" type="stmt"/>
        <line num="16" count="145" type="stmt"/>
        <line num="17" count="145" type="stmt"/>
        <line num="18" count="145" type="stmt"/>
        <line num="19" count="145" type="stmt"/>
        <line num="20" count="145" type="stmt"/>
        <line num="21" count="145" type="stmt"/>
        <line num="22" count="145" type="stmt"/>
        <line num="23" count="145" type="stmt"/>
        <line num="26" count="2" type="cond" truecount="2" falsecount="0"/>
        <line num="27" count="1" type="stmt"/>
        <line num="31" count="145" type="cond" truecount="2" falsecount="0"/>
        <line num="33" count="288" type="stmt"/>
        <line num="34" count="126" type="stmt"/>
        <line num="35" count="126" type="stmt"/>
        <line num="36" count="126" type="stmt"/>
        <line num="38" count="144" type="stmt"/>
        <line num="39" count="4" type="stmt"/>
        <line num="43" count="4" type="stmt"/>
        <line num="44" count="4" type="cond" truecount="4" falsecount="0"/>
        <line num="47" count="144" type="stmt"/>
      </file>
      <file name="Practice.tsx" path="/Users/alvarogonzaleztabernero/dev/IFS-Tests/web/src/routes/Practice.tsx">
        <metrics statements="33" coveredstatements="33" conditionals="47" coveredconditionals="43" methods="15" coveredmethods="15"/>
        <line num="17" count="17" type="stmt"/>
        <line num="18" count="17" type="stmt"/>
        <line num="19" count="17" type="cond" truecount="2" falsecount="0"/>
        <line num="20" count="20" type="stmt"/>
        <line num="21" count="18" type="cond" truecount="2" falsecount="0"/>
        <line num="22" count="17" type="stmt"/>
        <line num="31" count="20" type="stmt"/>
        <line num="45" count="1" type="cond" truecount="1" falsecount="1"/>
        <line num="49" count="4" type="stmt"/>
        <line num="63" count="11" type="stmt"/>
        <line num="64" count="11" type="cond" truecount="2" falsecount="0"/>
        <line num="65" count="11" type="cond" truecount="2" falsecount="0"/>
        <line num="66" count="11" type="cond" truecount="3" falsecount="0"/>
        <line num="67" count="11" type="stmt"/>
        <line num="68" count="11" type="stmt"/>
        <line num="80" count="2" type="cond" truecount="2" falsecount="0"/>
        <line num="87" count="26" type="stmt"/>
        <line num="88" count="26" type="stmt"/>
        <line num="89" count="26" type="stmt"/>
        <line num="90" count="26" type="stmt"/>
        <line num="92" count="10" type="stmt"/>
        <line num="96" count="26" type="stmt"/>
        <line num="99" count="3" type="stmt"/>
        <line num="100" count="3" type="cond" truecount="2" falsecount="0"/>
        <line num="101" count="3" type="stmt"/>
        <line num="104" count="26" type="stmt"/>
        <line num="105" count="1" type="stmt"/>
        <line num="106" count="1" type="stmt"/>
        <line num="107" count="1" type="stmt"/>
        <line num="108" count="1" type="stmt"/>
        <line num="111" count="26" type="stmt"/>
        <line num="112" count="26" type="stmt"/>
        <line num="126" count="3" type="stmt"/>
      </file>
      <file name="Profile.tsx" path="/Users/alvarogonzaleztabernero/dev/IFS-Tests/web/src/routes/Profile.tsx">
        <metrics statements="32" coveredstatements="32" conditionals="14" coveredconditionals="11" methods="16" coveredmethods="16"/>
        <line num="11" count="7" type="stmt"/>
        <line num="12" count="7" type="stmt"/>
        <line num="13" count="7" type="stmt"/>
        <line num="16" count="1" type="stmt"/>
        <line num="17" count="1" type="stmt"/>
        <line num="20" count="7" type="cond" truecount="1" falsecount="1"/>
        <line num="21" count="7" type="stmt"/>
        <line num="27" count="1" type="stmt"/>
        <line num="36" count="13" type="stmt"/>
        <line num="41" count="13" type="stmt"/>
        <line num="43" count="1" type="stmt"/>
        <line num="45" count="13" type="stmt"/>
        <line num="46" count="13" type="stmt"/>
        <line num="47" count="3" type="stmt"/>
        <line num="48" count="3" type="stmt"/>
        <line num="49" count="3" type="cond" truecount="1" falsecount="1"/>
        <line num="51" count="13" type="cond" truecount="2" falsecount="0"/>
        <line num="53" count="13" type="stmt"/>
        <line num="61" count="1" type="stmt"/>
        <line num="67" count="1" type="stmt"/>
        <line num="73" count="91" type="stmt"/>
        <line num="80" count="1" type="stmt"/>
        <line num="94" count="36" type="stmt"/>
        <line num="95" count="36" type="stmt"/>
        <line num="96" count="36" type="stmt"/>
        <line num="97" count="36" type="stmt"/>
        <line num="98" count="72" type="stmt"/>
        <line num="99" count="26" type="stmt"/>
        <line num="100" count="26" type="stmt"/>
        <line num="101" count="26" type="cond" truecount="1" falsecount="1"/>
        <line num="104" count="36" type="stmt"/>
        <line num="106" count="2" type="stmt"/>
      </file>
      <file name="Reset.tsx" path="/Users/alvarogonzaleztabernero/dev/IFS-Tests/web/src/routes/Reset.tsx">
        <metrics statements="11" coveredstatements="11" conditionals="6" coveredconditionals="6" methods="4" coveredmethods="4"/>
        <line num="11" count="38" type="stmt"/>
        <line num="12" count="38" type="stmt"/>
        <line num="14" count="3" type="stmt"/>
        <line num="17" count="38" type="stmt"/>
        <line num="18" count="38" type="stmt"/>
        <line num="20" count="38" type="cond" truecount="2" falsecount="0"/>
        <line num="21" count="1" type="stmt"/>
        <line num="31" count="37" type="stmt"/>
        <line num="35" count="2" type="stmt"/>
        <line num="43" count="30" type="stmt"/>
        <line num="44" count="30" type="stmt"/>
      </file>
      <file name="index.tsx" path="/Users/alvarogonzaleztabernero/dev/IFS-Tests/web/src/routes/index.tsx">
        <metrics statements="5" coveredstatements="3" conditionals="0" coveredconditionals="0" methods="4" coveredmethods="2"/>
        <line num="14" count="7" type="stmt"/>
        <line num="17" count="0" type="stmt"/>
        <line num="20" count="0" type="stmt"/>
        <line num="28" count="1" type="stmt"/>
        <line num="37" count="7" type="stmt"/>
      </file>
    </package>
  </project>
</coverage>
