{"/Users/alvarogonzaleztabernero/dev/IFS-Tests/web/src/components/Countdown.tsx": {"path":"/Users/alvarogonzaleztabernero/dev/IFS-Tests/web/src/components/Countdown.tsx","statementMap":{"0":{"start":{"line":5,"column":19},"end":{"line":5,"column":null}},"1":{"start":{"line":5,"column":34},"end":{"line":5,"column":76}},"2":{"start":{"line":6,"column":14},"end":{"line":6,"column":null}},"3":{"start":{"line":7,"column":8},"end":{"line":7,"column":null}},"4":{"start":{"line":7,"column":21},"end":{"line":7,"column":null}},"5":{"start":{"line":8,"column":32},"end":{"line":8,"column":null}},"6":{"start":{"line":9,"column":2},"end":{"line":12,"column":null}},"7":{"start":{"line":10,"column":15},"end":{"line":10,"column":null}},"8":{"start":{"line":10,"column":40},"end":{"line":10,"column":60}},"9":{"start":{"line":11,"column":4},"end":{"line":11,"column":null}},"10":{"start":{"line":11,"column":17},"end":{"line":11,"column":null}},"11":{"start":{"line":13,"column":2},"end":{"line":13,"column":null}},"12":{"start":{"line":16,"column":6},"end":{"line":16,"column":null}},"13":{"start":{"line":16,"column":28},"end":{"line":16,"column":null}},"14":{"start":{"line":28,"column":18},"end":{"line":28,"column":null}},"15":{"start":{"line":29,"column":16},"end":{"line":29,"column":null}},"16":{"start":{"line":30,"column":2},"end":{"line":35,"column":null}},"17":{"start":{"line":31,"column":4},"end":{"line":34,"column":null}},"18":{"start":{"line":32,"column":6},"end":{"line":32,"column":null}},"19":{"start":{"line":33,"column":6},"end":{"line":33,"column":null}},"20":{"start":{"line":36,"column":18},"end":{"line":36,"column":null}},"21":{"start":{"line":37,"column":2},"end":{"line":45,"column":null}}},"fnMap":{"0":{"name":"useSecondsLeft","decl":{"start":{"line":4,"column":16},"end":{"line":4,"column":31}},"loc":{"start":{"line":4,"column":68},"end":{"line":14,"column":null}},"line":4},"1":{"name":"(anonymous_1)","decl":{"start":{"line":5,"column":19},"end":{"line":5,"column":34}},"loc":{"start":{"line":5,"column":34},"end":{"line":5,"column":76}},"line":5},"2":{"name":"(anonymous_2)","decl":{"start":{"line":7,"column":8},"end":{"line":7,"column":21}},"loc":{"start":{"line":7,"column":21},"end":{"line":7,"column":null}},"line":7},"3":{"name":"(anonymous_3)","decl":{"start":{"line":9,"column":2},"end":{"line":9,"column":18}},"loc":{"start":{"line":9,"column":18},"end":{"line":12,"column":3}},"line":9},"4":{"name":"(anonymous_4)","decl":{"start":{"line":10,"column":22},"end":{"line":10,"column":40}},"loc":{"start":{"line":10,"column":40},"end":{"line":10,"column":60}},"line":10},"5":{"name":"(anonymous_5)","decl":{"start":{"line":11,"column":4},"end":{"line":11,"column":17}},"loc":{"start":{"line":11,"column":17},"end":{"line":11,"column":null}},"line":11},"6":{"name":"(anonymous_6)","decl":{"start":{"line":16,"column":6},"end":{"line":16,"column":14}},"loc":{"start":{"line":16,"column":28},"end":{"line":16,"column":null}},"line":16},"7":{"name":"Countdown","decl":{"start":{"line":19,"column":16},"end":{"line":19,"column":26}},"loc":{"start":{"line":27,"column":3},"end":{"line":47,"column":null}},"line":27},"8":{"name":"(anonymous_8)","decl":{"start":{"line":30,"column":2},"end":{"line":30,"column":18}},"loc":{"start":{"line":30,"column":18},"end":{"line":35,"column":5}},"line":30}},"branchMap":{"0":{"loc":{"start":{"line":31,"column":4},"end":{"line":34,"column":null}},"type":"if","locations":[{"start":{"line":31,"column":4},"end":{"line":34,"column":null}},{"start":{},"end":{}}],"line":31},"1":{"loc":{"start":{"line":31,"column":8},"end":{"line":31,"column":41}},"type":"binary-expr","locations":[{"start":{"line":31,"column":8},"end":{"line":31,"column":25}},{"start":{"line":31,"column":25},"end":{"line":31,"column":41}}],"line":31},"2":{"loc":{"start":{"line":36,"column":18},"end":{"line":36,"column":null}},"type":"cond-expr","locations":[{"start":{"line":36,"column":34},"end":{"line":36,"column":56}},{"start":{"line":36,"column":56},"end":{"line":36,"column":null}}],"line":36},"3":{"loc":{"start":{"line":36,"column":56},"end":{"line":36,"column":null}},"type":"cond-expr","locations":[{"start":{"line":36,"column":72},"end":{"line":36,"column":93}},{"start":{"line":36,"column":93},"end":{"line":36,"column":null}}],"line":36},"4":{"loc":{"start":{"line":38,"column":33},"end":{"line":38,"column":null}},"type":"cond-expr","locations":[{"start":{"line":38,"column":49},"end":{"line":38,"column":60}},{"start":{"line":38,"column":60},"end":{"line":38,"column":null}}],"line":38},"5":{"loc":{"start":{"line":43,"column":9},"end":{"line":43,"column":null}},"type":"cond-expr","locations":[{"start":{"line":43,"column":25},"end":{"line":43,"column":40}},{"start":{"line":43,"column":40},"end":{"line":43,"column":null}}],"line":43}},"s":{"0":5,"1":3,"2":5,"3":5,"4":3,"5":5,"6":5,"7":5,"8":0,"9":5,"10":5,"11":5,"12":7,"13":5,"14":5,"15":5,"16":5,"17":3,"18":1,"19":1,"20":5,"21":5},"f":{"0":5,"1":3,"2":3,"3":5,"4":0,"5":5,"6":5,"7":5,"8":3},"b":{"0":[1,2],"1":[3,1],"2":[3,2],"3":[0,2],"4":[3,2],"5":[3,2]},"meta":{"lastBranch":6,"lastFunction":9,"lastStatement":22,"seen":{"f:4:16:4:31":0,"s:5:19:5:Infinity":0,"f:5:19:5:34":1,"s:5:34:5:76":1,"s:6:14:6:Infinity":2,"s:7:8:7:Infinity":3,"f:7:8:7:21":2,"s:7:21:7:Infinity":4,"s:8:32:8:Infinity":5,"s:9:2:12:Infinity":6,"f:9:2:9:18":3,"s:10:15:10:Infinity":7,"f:10:22:10:40":4,"s:10:40:10:60":8,"s:11:4:11:Infinity":9,"f:11:4:11:17":5,"s:11:17:11:Infinity":10,"s:13:2:13:Infinity":11,"s:16:6:16:Infinity":12,"f:16:6:16:14":6,"s:16:28:16:Infinity":13,"f:19:16:19:26":7,"s:28:18:28:Infinity":14,"s:29:16:29:Infinity":15,"s:30:2:35:Infinity":16,"f:30:2:30:18":8,"b:31:4:34:Infinity:undefined:undefined:undefined:undefined":0,"s:31:4:34:Infinity":17,"b:31:8:31:25:31:25:31:41":1,"s:32:6:32:Infinity":18,"s:33:6:33:Infinity":19,"s:36:18:36:Infinity":20,"b:36:34:36:56:36:56:36:Infinity":2,"b:36:72:36:93:36:93:36:Infinity":3,"s:37:2:45:Infinity":21,"b:38:49:38:60:38:60:38:Infinity":4,"b:43:25:43:40:43:40:43:Infinity":5},"fnNames":{}}}
,"/Users/alvarogonzaleztabernero/dev/IFS-Tests/web/src/components/Form.tsx": {"path":"/Users/alvarogonzaleztabernero/dev/IFS-Tests/web/src/components/Form.tsx","statementMap":{"0":{"start":{"line":13,"column":29},"end":{"line":13,"column":null}},"1":{"start":{"line":21,"column":15},"end":{"line":21,"column":null}},"2":{"start":{"line":22,"column":20},"end":{"line":22,"column":null}},"3":{"start":{"line":23,"column":2},"end":{"line":27,"column":null}},"4":{"start":{"line":24,"column":4},"end":{"line":24,"column":null}},"5":{"start":{"line":24,"column":38},"end":{"line":24,"column":null}},"6":{"start":{"line":25,"column":4},"end":{"line":25,"column":null}},"7":{"start":{"line":26,"column":4},"end":{"line":26,"column":null}},"8":{"start":{"line":28,"column":2},"end":{"line":38,"column":null}},"9":{"start":{"line":34,"column":8},"end":{"line":34,"column":null}},"10":{"start":{"line":35,"column":8},"end":{"line":35,"column":null}},"11":{"start":{"line":36,"column":8},"end":{"line":36,"column":null}},"12":{"start":{"line":44,"column":30},"end":{"line":44,"column":null}},"13":{"start":{"line":45,"column":17},"end":{"line":45,"column":null}},"14":{"start":{"line":46,"column":14},"end":{"line":46,"column":null}},"15":{"start":{"line":47,"column":17},"end":{"line":47,"column":null}},"16":{"start":{"line":47,"column":72},"end":{"line":47,"column":86}},"17":{"start":{"line":48,"column":8},"end":{"line":48,"column":null}},"18":{"start":{"line":48,"column":35},"end":{"line":48,"column":null}},"19":{"start":{"line":49,"column":2},"end":{"line":49,"column":null}},"20":{"start":{"line":55,"column":13},"end":{"line":55,"column":19}},"21":{"start":{"line":56,"column":22},"end":{"line":56,"column":null}},"22":{"start":{"line":58,"column":4},"end":{"line":69,"column":null}},"23":{"start":{"line":71,"column":2},"end":{"line":71,"column":null}},"24":{"start":{"line":75,"column":37},"end":{"line":75,"column":null}},"25":{"start":{"line":76,"column":2},"end":{"line":81,"column":null}},"26":{"start":{"line":92,"column":37},"end":{"line":92,"column":null}},"27":{"start":{"line":93,"column":2},"end":{"line":100,"column":null}},"28":{"start":{"line":105,"column":2},"end":{"line":108,"column":null}},"29":{"start":{"line":114,"column":2},"end":{"line":114,"column":null}},"30":{"start":{"line":114,"column":56},"end":{"line":114,"column":null}},"31":{"start":{"line":115,"column":2},"end":{"line":115,"column":null}}},"fnMap":{"0":{"name":"Form","decl":{"start":{"line":16,"column":16},"end":{"line":16,"column":21}},"loc":{"start":{"line":20,"column":89},"end":{"line":40,"column":null}},"line":20},"1":{"name":"(anonymous_1)","decl":{"start":{"line":23,"column":2},"end":{"line":23,"column":18}},"loc":{"start":{"line":23,"column":18},"end":{"line":27,"column":5}},"line":23},"2":{"name":"(anonymous_2)","decl":{"start":{"line":33,"column":6},"end":{"line":33,"column":17}},"loc":{"start":{"line":33,"column":23},"end":{"line":37,"column":null}},"line":33},"3":{"name":"useFieldErrors","decl":{"start":{"line":43,"column":16},"end":{"line":43,"column":31}},"loc":{"start":{"line":43,"column":47},"end":{"line":50,"column":null}},"line":43},"4":{"name":"(anonymous_4)","decl":{"start":{"line":47,"column":56},"end":{"line":47,"column":64}},"loc":{"start":{"line":47,"column":72},"end":{"line":47,"column":86}},"line":47},"5":{"name":"(anonymous_5)","decl":{"start":{"line":48,"column":8},"end":{"line":48,"column":17}},"loc":{"start":{"line":48,"column":35},"end":{"line":48,"column":null}},"line":48},"6":{"name":"useDescribed","decl":{"start":{"line":54,"column":9},"end":{"line":54,"column":22}},"loc":{"start":{"line":54,"column":50},"end":{"line":72,"column":null}},"line":54},"7":{"name":"Field","decl":{"start":{"line":74,"column":16},"end":{"line":74,"column":22}},"loc":{"start":{"line":74,"column":107},"end":{"line":83,"column":null}},"line":74},"8":{"name":"SelectField","decl":{"start":{"line":85,"column":16},"end":{"line":85,"column":28}},"loc":{"start":{"line":91,"column":56},"end":{"line":102,"column":null}},"line":91},"9":{"name":"Notice","decl":{"start":{"line":104,"column":16},"end":{"line":104,"column":23}},"loc":{"start":{"line":104,"column":90},"end":{"line":110,"column":null}},"line":104},"10":{"name":"ErrorNotice","decl":{"start":{"line":113,"column":16},"end":{"line":113,"column":28}},"loc":{"start":{"line":113,"column":59},"end":{"line":116,"column":null}},"line":113}},"branchMap":{"0":{"loc":{"start":{"line":24,"column":4},"end":{"line":24,"column":null}},"type":"if","locations":[{"start":{"line":24,"column":4},"end":{"line":24,"column":null}},{"start":{},"end":{}}],"line":24},"1":{"loc":{"start":{"line":24,"column":8},"end":{"line":24,"column":38}},"type":"binary-expr","locations":[{"start":{"line":24,"column":8},"end":{"line":24,"column":18}},{"start":{"line":24,"column":18},"end":{"line":24,"column":38}}],"line":24},"2":{"loc":{"start":{"line":45,"column":17},"end":{"line":45,"column":null}},"type":"cond-expr","locations":[{"start":{"line":45,"column":42},"end":{"line":45,"column":58}},{"start":{"line":45,"column":58},"end":{"line":45,"column":null}}],"line":45},"3":{"loc":{"start":{"line":56,"column":22},"end":{"line":56,"column":null}},"type":"binary-expr","locations":[{"start":{"line":56,"column":22},"end":{"line":56,"column":98}},{"start":{"line":56,"column":98},"end":{"line":56,"column":null}}],"line":56},"4":{"loc":{"start":{"line":56,"column":23},"end":{"line":56,"column":45}},"type":"binary-expr","locations":[{"start":{"line":56,"column":23},"end":{"line":56,"column":31}},{"start":{"line":56,"column":31},"end":{"line":56,"column":45}}],"line":56},"5":{"loc":{"start":{"line":56,"column":45},"end":{"line":56,"column":67}},"type":"binary-expr","locations":[{"start":{"line":56,"column":45},"end":{"line":56,"column":54}},{"start":{"line":56,"column":54},"end":{"line":56,"column":67}}],"line":56},"6":{"loc":{"start":{"line":59,"column":7},"end":{"line":64,"column":null}},"type":"binary-expr","locations":[{"start":{"line":59,"column":7},"end":{"line":59,"column":null}},{"start":{"line":60,"column":8},"end":{"line":64,"column":null}}],"line":59},"7":{"loc":{"start":{"line":64,"column":7},"end":{"line":69,"column":null}},"type":"binary-expr","locations":[{"start":{"line":64,"column":7},"end":{"line":64,"column":null}},{"start":{"line":65,"column":8},"end":{"line":69,"column":null}}],"line":64},"8":{"loc":{"start":{"line":106,"column":44},"end":{"line":106,"column":null}},"type":"cond-expr","locations":[{"start":{"line":106,"column":63},"end":{"line":106,"column":73}},{"start":{"line":106,"column":73},"end":{"line":106,"column":null}}],"line":106},"9":{"loc":{"start":{"line":114,"column":2},"end":{"line":114,"column":null}},"type":"if","locations":[{"start":{"line":114,"column":2},"end":{"line":114,"column":null}},{"start":{},"end":{}}],"line":114},"10":{"loc":{"start":{"line":114,"column":6},"end":{"line":114,"column":56}},"type":"binary-expr","locations":[{"start":{"line":114,"column":6},"end":{"line":114,"column":16}},{"start":{"line":114,"column":16},"end":{"line":114,"column":56}}],"line":114}},"s":{"0":8,"1":394,"2":394,"3":394,"4":59,"5":51,"6":8,"7":8,"8":394,"9":19,"10":19,"11":19,"12":144,"13":144,"14":144,"15":144,"16":7,"17":144,"18":115,"19":144,"20":997,"21":997,"22":997,"23":997,"24":745,"25":745,"26":252,"27":252,"28":37,"29":481,"30":479,"31":2},"f":{"0":394,"1":59,"2":19,"3":144,"4":7,"5":115,"6":997,"7":745,"8":252,"9":37,"10":481},"b":{"0":[51,8],"1":[59,9],"2":[140,4],"3":[997,613],"4":[997,379],"5":[997,9],"6":[997,379],"7":[997,9],"8":[11,26],"9":[479,2],"10":[481,8]},"meta":{"lastBranch":11,"lastFunction":11,"lastStatement":32,"seen":{"s:13:29:13:Infinity":0,"f:16:16:16:21":0,"s:21:15:21:Infinity":1,"s:22:20:22:Infinity":2,"s:23:2:27:Infinity":3,"f:23:2:23:18":1,"b:24:4:24:Infinity:undefined:undefined:undefined:undefined":0,"s:24:4:24:Infinity":4,"b:24:8:24:18:24:18:24:38":1,"s:24:38:24:Infinity":5,"s:25:4:25:Infinity":6,"s:26:4:26:Infinity":7,"s:28:2:38:Infinity":8,"f:33:6:33:17":2,"s:34:8:34:Infinity":9,"s:35:8:35:Infinity":10,"s:36:8:36:Infinity":11,"f:43:16:43:31":3,"s:44:30:44:Infinity":12,"s:45:17:45:Infinity":13,"b:45:42:45:58:45:58:45:Infinity":2,"s:46:14:46:Infinity":14,"s:47:17:47:Infinity":15,"f:47:56:47:64":4,"s:47:72:47:86":16,"s:48:8:48:Infinity":17,"f:48:8:48:17":5,"s:48:35:48:Infinity":18,"s:49:2:49:Infinity":19,"f:54:9:54:22":6,"s:55:13:55:19":20,"s:56:22:56:Infinity":21,"b:56:22:56:98:56:98:56:Infinity":3,"b:56:23:56:31:56:31:56:45":4,"b:56:45:56:54:56:54:56:67":5,"s:58:4:69:Infinity":22,"b:59:7:59:Infinity:60:8:64:Infinity":6,"b:64:7:64:Infinity:65:8:69:Infinity":7,"s:71:2:71:Infinity":23,"f:74:16:74:22":7,"s:75:37:75:Infinity":24,"s:76:2:81:Infinity":25,"f:85:16:85:28":8,"s:92:37:92:Infinity":26,"s:93:2:100:Infinity":27,"f:104:16:104:23":9,"s:105:2:108:Infinity":28,"b:106:63:106:73:106:73:106:Infinity":8,"f:113:16:113:28":10,"b:114:2:114:Infinity:undefined:undefined:undefined:undefined":9,"s:114:2:114:Infinity":29,"b:114:6:114:16:114:16:114:56":10,"s:114:56:114:Infinity":30,"s:115:2:115:Infinity":31},"fnNames":{}}}
,"/Users/alvarogonzaleztabernero/dev/IFS-Tests/web/src/components/Page.tsx": {"path":"/Users/alvarogonzaleztabernero/dev/IFS-Tests/web/src/components/Page.tsx","statementMap":{"0":{"start":{"line":16,"column":13},"end":{"line":16,"column":null}},"1":{"start":{"line":17,"column":2},"end":{"line":20,"column":null}},"2":{"start":{"line":18,"column":4},"end":{"line":18,"column":null}},"3":{"start":{"line":19,"column":4},"end":{"line":19,"column":null}},"4":{"start":{"line":21,"column":2},"end":{"line":28,"column":null}},"5":{"start":{"line":33,"column":2},"end":{"line":40,"column":null}},"6":{"start":{"line":45,"column":2},"end":{"line":48,"column":null}},"7":{"start":{"line":54,"column":2},"end":{"line":64,"column":null}},"8":{"start":{"line":71,"column":18},"end":{"line":71,"column":null}},"9":{"start":{"line":71,"column":33},"end":{"line":71,"column":62}},"10":{"start":{"line":72,"column":2},"end":{"line":75,"column":null}},"11":{"start":{"line":73,"column":39},"end":{"line":73,"column":null}},"12":{"start":{"line":74,"column":4},"end":{"line":74,"column":null}},"13":{"start":{"line":74,"column":14},"end":{"line":74,"column":null}},"14":{"start":{"line":76,"column":2},"end":{"line":76,"column":null}}},"fnMap":{"0":{"name":"Page","decl":{"start":{"line":5,"column":16},"end":{"line":5,"column":21}},"loc":{"start":{"line":15,"column":3},"end":{"line":30,"column":null}},"line":15},"1":{"name":"(anonymous_1)","decl":{"start":{"line":17,"column":2},"end":{"line":17,"column":18}},"loc":{"start":{"line":17,"column":18},"end":{"line":20,"column":5}},"line":17},"2":{"name":"Shell","decl":{"start":{"line":32,"column":16},"end":{"line":32,"column":22}},"loc":{"start":{"line":32,"column":61},"end":{"line":42,"column":null}},"line":32},"3":{"name":"Brand","decl":{"start":{"line":44,"column":16},"end":{"line":44,"column":24}},"loc":{"start":{"line":44,"column":24},"end":{"line":50,"column":null}},"line":44},"4":{"name":"PublicPage","decl":{"start":{"line":53,"column":16},"end":{"line":53,"column":27}},"loc":{"start":{"line":53,"column":115},"end":{"line":66,"column":null}},"line":53},"5":{"name":"useFragmentToken","decl":{"start":{"line":70,"column":16},"end":{"line":70,"column":43}},"loc":{"start":{"line":70,"column":43},"end":{"line":77,"column":null}},"line":70},"6":{"name":"(anonymous_6)","decl":{"start":{"line":71,"column":18},"end":{"line":71,"column":33}},"loc":{"start":{"line":71,"column":33},"end":{"line":71,"column":62}},"line":71},"7":{"name":"(anonymous_7)","decl":{"start":{"line":72,"column":2},"end":{"line":72,"column":18}},"loc":{"start":{"line":72,"column":18},"end":{"line":75,"column":5}},"line":72}},"branchMap":{"0":{"loc":{"start":{"line":23,"column":7},"end":{"line":23,"column":null}},"type":"binary-expr","locations":[{"start":{"line":23,"column":7},"end":{"line":23,"column":18}},{"start":{"line":23,"column":18},"end":{"line":23,"column":null}}],"line":23},"1":{"loc":{"start":{"line":25,"column":9},"end":{"line":25,"column":null}},"type":"binary-expr","locations":[{"start":{"line":25,"column":9},"end":{"line":25,"column":20}},{"start":{"line":25,"column":20},"end":{"line":25,"column":null}}],"line":25},"2":{"loc":{"start":{"line":74,"column":4},"end":{"line":74,"column":null}},"type":"if","locations":[{"start":{"line":74,"column":4},"end":{"line":74,"column":null}},{"start":{},"end":{}}],"line":74}},"s":{"0":326,"1":326,"2":48,"3":48,"4":326,"5":346,"6":313,"7":277,"8":133,"9":7,"10":133,"11":7,"12":7,"13":7,"14":133},"f":{"0":326,"1":48,"2":346,"3":313,"4":277,"5":133,"6":7,"7":7},"b":{"0":[326,47],"1":[326,223],"2":[7,0]},"meta":{"lastBranch":3,"lastFunction":8,"lastStatement":15,"seen":{"f:5:16:5:21":0,"s:16:13:16:Infinity":0,"s:17:2:20:Infinity":1,"f:17:2:17:18":1,"s:18:4:18:Infinity":2,"s:19:4:19:Infinity":3,"s:21:2:28:Infinity":4,"b:23:7:23:18:23:18:23:Infinity":0,"b:25:9:25:20:25:20:25:Infinity":1,"f:32:16:32:22":2,"s:33:2:40:Infinity":5,"f:44:16:44:24":3,"s:45:2:48:Infinity":6,"f:53:16:53:27":4,"s:54:2:64:Infinity":7,"f:70:16:70:43":5,"s:71:18:71:Infinity":8,"f:71:18:71:33":6,"s:71:33:71:62":9,"s:72:2:75:Infinity":10,"f:72:2:72:18":7,"s:73:39:73:Infinity":11,"b:74:4:74:Infinity:undefined:undefined:undefined:undefined":2,"s:74:4:74:Infinity":12,"s:74:14:74:Infinity":13,"s:76:2:76:Infinity":14},"fnNames":{}}}
,"/Users/alvarogonzaleztabernero/dev/IFS-Tests/web/src/components/QuestionCard.tsx": {"path":"/Users/alvarogonzaleztabernero/dev/IFS-Tests/web/src/components/QuestionCard.tsx","statementMap":{"0":{"start":{"line":6,"column":38},"end":{"line":10,"column":null}},"1":{"start":{"line":13,"column":2},"end":{"line":15,"column":null}},"2":{"start":{"line":14,"column":4},"end":{"line":14,"column":null}},"3":{"start":{"line":16,"column":2},"end":{"line":16,"column":null}},"4":{"start":{"line":20,"column":2},"end":{"line":20,"column":null}},"5":{"start":{"line":24,"column":2},"end":{"line":35,"column":null}},"6":{"start":{"line":29,"column":8},"end":{"line":31,"column":null}},"7":{"start":{"line":40,"column":2},"end":{"line":40,"column":null}},"8":{"start":{"line":40,"column":33},"end":{"line":40,"column":null}},"9":{"start":{"line":41,"column":2},"end":{"line":41,"column":null}},"10":{"start":{"line":41,"column":34},"end":{"line":41,"column":null}},"11":{"start":{"line":42,"column":2},"end":{"line":47,"column":null}},"12":{"start":{"line":71,"column":30},"end":{"line":71,"column":null}},"13":{"start":{"line":72,"column":28},"end":{"line":72,"column":null}},"14":{"start":{"line":73,"column":32},"end":{"line":73,"column":49}},"15":{"start":{"line":74,"column":16},"end":{"line":74,"column":null}},"16":{"start":{"line":75,"column":17},"end":{"line":75,"column":23}},"17":{"start":{"line":76,"column":15},"end":{"line":76,"column":null}},"18":{"start":{"line":77,"column":17},"end":{"line":77,"column":null}},"19":{"start":{"line":78,"column":19},"end":{"line":78,"column":null}},"20":{"start":{"line":79,"column":17},"end":{"line":79,"column":null}},"21":{"start":{"line":81,"column":2},"end":{"line":83,"column":null}},"22":{"start":{"line":82,"column":4},"end":{"line":82,"column":null}},"23":{"start":{"line":82,"column":18},"end":{"line":82,"column":null}},"24":{"start":{"line":85,"column":15},"end":{"line":85,"column":null}},"25":{"start":{"line":86,"column":2},"end":{"line":90,"column":null}},"26":{"start":{"line":87,"column":4},"end":{"line":87,"column":null}},"27":{"start":{"line":87,"column":46},"end":{"line":87,"column":null}},"28":{"start":{"line":88,"column":4},"end":{"line":88,"column":null}},"29":{"start":{"line":89,"column":4},"end":{"line":89,"column":null}},"30":{"start":{"line":92,"column":8},"end":{"line":100,"column":null}},"31":{"start":{"line":93,"column":4},"end":{"line":93,"column":null}},"32":{"start":{"line":93,"column":25},"end":{"line":93,"column":null}},"33":{"start":{"line":94,"column":18},"end":{"line":94,"column":null}},"34":{"start":{"line":95,"column":4},"end":{"line":98,"column":null}},"35":{"start":{"line":96,"column":6},"end":{"line":96,"column":null}},"36":{"start":{"line":97,"column":6},"end":{"line":97,"column":null}},"37":{"start":{"line":99,"column":4},"end":{"line":99,"column":null}},"38":{"start":{"line":102,"column":8},"end":{"line":106,"column":null}},"39":{"start":{"line":103,"column":4},"end":{"line":103,"column":null}},"40":{"start":{"line":104,"column":4},"end":{"line":105,"column":null}},"41":{"start":{"line":104,"column":31},"end":{"line":104,"column":null}},"42":{"start":{"line":105,"column":9},"end":{"line":105,"column":null}},"43":{"start":{"line":105,"column":62},"end":{"line":105,"column":70}},"44":{"start":{"line":108,"column":2},"end":{"line":195,"column":null}},"45":{"start":{"line":115,"column":8},"end":{"line":117,"column":null}},"46":{"start":{"line":124,"column":28},"end":{"line":124,"column":null}},"47":{"start":{"line":125,"column":29},"end":{"line":125,"column":null}},"48":{"start":{"line":126,"column":28},"end":{"line":126,"column":null}},"49":{"start":{"line":127,"column":14},"end":{"line":140,"column":null}},"50":{"start":{"line":135,"column":36},"end":{"line":135,"column":null}},"51":{"start":{"line":159,"column":14},"end":{"line":159,"column":null}},"52":{"start":{"line":160,"column":14},"end":{"line":160,"column":null}},"53":{"start":{"line":182,"column":12},"end":{"line":190,"column":null}},"54":{"start":{"line":186,"column":16},"end":{"line":188,"column":null}}},"fnMap":{"0":{"name":"hint","decl":{"start":{"line":12,"column":9},"end":{"line":12,"column":14}},"loc":{"start":{"line":12,"column":51},"end":{"line":17,"column":null}},"line":12},"1":{"name":"minutes","decl":{"start":{"line":19,"column":9},"end":{"line":19,"column":17}},"loc":{"start":{"line":19,"column":42},"end":{"line":21,"column":null}},"line":19},"2":{"name":"QuestionMeta","decl":{"start":{"line":23,"column":16},"end":{"line":23,"column":29}},"loc":{"start":{"line":23,"column":103},"end":{"line":37,"column":null}},"line":23},"3":{"name":"(anonymous_3)","decl":{"start":{"line":28,"column":24},"end":{"line":28,"column":29}},"loc":{"start":{"line":29,"column":8},"end":{"line":31,"column":null}},"line":29},"4":{"name":"Result","decl":{"start":{"line":39,"column":9},"end":{"line":39,"column":16}},"loc":{"start":{"line":39,"column":54},"end":{"line":49,"column":null}},"line":39},"5":{"name":"QuestionCard","decl":{"start":{"line":52,"column":16},"end":{"line":52,"column":29}},"loc":{"start":{"line":70,"column":3},"end":{"line":197,"column":null}},"line":70},"6":{"name":"(anonymous_6)","decl":{"start":{"line":81,"column":2},"end":{"line":81,"column":18}},"loc":{"start":{"line":81,"column":18},"end":{"line":83,"column":5}},"line":81},"7":{"name":"(anonymous_7)","decl":{"start":{"line":86,"column":2},"end":{"line":86,"column":18}},"loc":{"start":{"line":86,"column":18},"end":{"line":90,"column":5}},"line":86},"8":{"name":"(anonymous_8)","decl":{"start":{"line":92,"column":8},"end":{"line":92,"column":23}},"loc":{"start":{"line":92,"column":23},"end":{"line":100,"column":null}},"line":92},"9":{"name":"(anonymous_9)","decl":{"start":{"line":102,"column":8},"end":{"line":102,"column":18}},"loc":{"start":{"line":102,"column":33},"end":{"line":106,"column":null}},"line":102},"10":{"name":"(anonymous_10)","decl":{"start":{"line":105,"column":48},"end":{"line":105,"column":56}},"loc":{"start":{"line":105,"column":62},"end":{"line":105,"column":70}},"line":105},"11":{"name":"(anonymous_11)","decl":{"start":{"line":114,"column":23},"end":{"line":114,"column":28}},"loc":{"start":{"line":115,"column":8},"end":{"line":117,"column":null}},"line":115},"12":{"name":"(anonymous_12)","decl":{"start":{"line":123,"column":30},"end":{"line":123,"column":35}},"loc":{"start":{"line":123,"column":41},"end":{"line":142,"column":13}},"line":123},"13":{"name":"(anonymous_13)","decl":{"start":{"line":135,"column":20},"end":{"line":135,"column":36}},"loc":{"start":{"line":135,"column":36},"end":{"line":135,"column":null}},"line":135},"14":{"name":"(anonymous_14)","decl":{"start":{"line":158,"column":12},"end":{"line":158,"column":23}},"loc":{"start":{"line":158,"column":29},"end":{"line":161,"column":null}},"line":158},"15":{"name":"(anonymous_15)","decl":{"start":{"line":181,"column":30},"end":{"line":181,"column":35}},"loc":{"start":{"line":182,"column":12},"end":{"line":190,"column":null}},"line":182},"16":{"name":"(anonymous_16)","decl":{"start":{"line":185,"column":24},"end":{"line":185,"column":29}},"loc":{"start":{"line":186,"column":16},"end":{"line":188,"column":null}},"line":186}},"branchMap":{"0":{"loc":{"start":{"line":13,"column":2},"end":{"line":15,"column":null}},"type":"if","locations":[{"start":{"line":13,"column":2},"end":{"line":15,"column":null}},{"start":{},"end":{}}],"line":13},"1":{"loc":{"start":{"line":14,"column":14},"end":{"line":14,"column":36}},"type":"binary-expr","locations":[{"start":{"line":14,"column":14},"end":{"line":14,"column":26}},{"start":{"line":14,"column":26},"end":{"line":14,"column":36}}],"line":14},"2":{"loc":{"start":{"line":20,"column":9},"end":{"line":20,"column":null}},"type":"cond-expr","locations":[{"start":{"line":20,"column":24},"end":{"line":20,"column":78}},{"start":{"line":20,"column":78},"end":{"line":20,"column":null}}],"line":20},"3":{"loc":{"start":{"line":26,"column":31},"end":{"line":26,"column":75}},"type":"binary-expr","locations":[{"start":{"line":26,"column":31},"end":{"line":26,"column":55}},{"start":{"line":26,"column":55},"end":{"line":26,"column":75}}],"line":26},"4":{"loc":{"start":{"line":27,"column":7},"end":{"line":27,"column":null}},"type":"binary-expr","locations":[{"start":{"line":27,"column":7},"end":{"line":27,"column":25}},{"start":{"line":27,"column":25},"end":{"line":27,"column":null}}],"line":27},"5":{"loc":{"start":{"line":27,"column":56},"end":{"line":27,"column":103}},"type":"binary-expr","locations":[{"start":{"line":27,"column":56},"end":{"line":27,"column":82}},{"start":{"line":27,"column":82},"end":{"line":27,"column":103}}],"line":27},"6":{"loc":{"start":{"line":33,"column":7},"end":{"line":33,"column":null}},"type":"binary-expr","locations":[{"start":{"line":33,"column":7},"end":{"line":33,"column":26}},{"start":{"line":33,"column":26},"end":{"line":33,"column":null}}],"line":33},"7":{"loc":{"start":{"line":40,"column":2},"end":{"line":40,"column":null}},"type":"if","locations":[{"start":{"line":40,"column":2},"end":{"line":40,"column":null}},{"start":{},"end":{}}],"line":40},"8":{"loc":{"start":{"line":41,"column":2},"end":{"line":41,"column":null}},"type":"if","locations":[{"start":{"line":41,"column":2},"end":{"line":41,"column":null}},{"start":{},"end":{}}],"line":41},"9":{"loc":{"start":{"line":44,"column":7},"end":{"line":46,"column":null}},"type":"cond-expr","locations":[{"start":{"line":45,"column":10},"end":{"line":45,"column":null}},{"start":{"line":46,"column":10},"end":{"line":46,"column":null}}],"line":44},"10":{"loc":{"start":{"line":79,"column":17},"end":{"line":79,"column":null}},"type":"binary-expr","locations":[{"start":{"line":79,"column":17},"end":{"line":79,"column":29}},{"start":{"line":79,"column":29},"end":{"line":79,"column":null}}],"line":79},"11":{"loc":{"start":{"line":82,"column":4},"end":{"line":82,"column":null}},"type":"if","locations":[{"start":{"line":82,"column":4},"end":{"line":82,"column":null}},{"start":{},"end":{}}],"line":82},"12":{"loc":{"start":{"line":87,"column":4},"end":{"line":87,"column":null}},"type":"if","locations":[{"start":{"line":87,"column":4},"end":{"line":87,"column":null}},{"start":{},"end":{}}],"line":87},"13":{"loc":{"start":{"line":87,"column":8},"end":{"line":87,"column":46}},"type":"binary-expr","locations":[{"start":{"line":87,"column":8},"end":{"line":87,"column":20}},{"start":{"line":87,"column":20},"end":{"line":87,"column":32}},{"start":{"line":87,"column":32},"end":{"line":87,"column":46}}],"line":87},"14":{"loc":{"start":{"line":89,"column":13},"end":{"line":89,"column":76}},"type":"cond-expr","locations":[{"start":{"line":89,"column":22},"end":{"line":89,"column":44}},{"start":{"line":89,"column":44},"end":{"line":89,"column":76}}],"line":89},"15":{"loc":{"start":{"line":89,"column":44},"end":{"line":89,"column":76}},"type":"cond-expr","locations":[{"start":{"line":89,"column":62},"end":{"line":89,"column":67}},{"start":{"line":89,"column":67},"end":{"line":89,"column":76}}],"line":89},"16":{"loc":{"start":{"line":93,"column":4},"end":{"line":93,"column":null}},"type":"if","locations":[{"start":{"line":93,"column":4},"end":{"line":93,"column":null}},{"start":{},"end":{}}],"line":93},"17":{"loc":{"start":{"line":94,"column":18},"end":{"line":94,"column":null}},"type":"cond-expr","locations":[{"start":{"line":94,"column":27},"end":{"line":94,"column":49}},{"start":{"line":94,"column":49},"end":{"line":94,"column":null}}],"line":94},"18":{"loc":{"start":{"line":95,"column":4},"end":{"line":98,"column":null}},"type":"if","locations":[{"start":{"line":95,"column":4},"end":{"line":98,"column":null}},{"start":{},"end":{}}],"line":95},"19":{"loc":{"start":{"line":95,"column":8},"end":{"line":95,"column":47}},"type":"binary-expr","locations":[{"start":{"line":95,"column":8},"end":{"line":95,"column":18}},{"start":{"line":95,"column":18},"end":{"line":95,"column":37}},{"start":{"line":95,"column":37},"end":{"line":95,"column":47}}],"line":95},"20":{"loc":{"start":{"line":96,"column":17},"end":{"line":96,"column":77}},"type":"cond-expr","locations":[{"start":{"line":96,"column":26},"end":{"line":96,"column":52}},{"start":{"line":96,"column":52},"end":{"line":96,"column":77}}],"line":96},"21":{"loc":{"start":{"line":99,"column":13},"end":{"line":99,"column":53}},"type":"cond-expr","locations":[{"start":{"line":99,"column":22},"end":{"line":99,"column":44}},{"start":{"line":99,"column":44},"end":{"line":99,"column":53}}],"line":99},"22":{"loc":{"start":{"line":104,"column":4},"end":{"line":105,"column":null}},"type":"if","locations":[{"start":{"line":104,"column":4},"end":{"line":105,"column":null}},{"start":{"line":105,"column":9},"end":{"line":105,"column":null}}],"line":104},"23":{"loc":{"start":{"line":105,"column":19},"end":{"line":105,"column":89}},"type":"cond-expr","locations":[{"start":{"line":105,"column":41},"end":{"line":105,"column":74}},{"start":{"line":105,"column":74},"end":{"line":105,"column":89}}],"line":105},"24":{"loc":{"start":{"line":110,"column":41},"end":{"line":110,"column":74}},"type":"binary-expr","locations":[{"start":{"line":110,"column":41},"end":{"line":110,"column":54}},{"start":{"line":110,"column":54},"end":{"line":110,"column":74}}],"line":110},"25":{"loc":{"start":{"line":120,"column":9},"end":{"line":148,"column":null}},"type":"binary-expr","locations":[{"start":{"line":120,"column":9},"end":{"line":120,"column":null}},{"start":{"line":121,"column":10},"end":{"line":148,"column":null}}],"line":120},"26":{"loc":{"start":{"line":121,"column":58},"end":{"line":121,"column":null}},"type":"cond-expr","locations":[{"start":{"line":121,"column":68},"end":{"line":121,"column":90}},{"start":{"line":121,"column":90},"end":{"line":121,"column":null}}],"line":121},"27":{"loc":{"start":{"line":122,"column":21},"end":{"line":122,"column":107}},"type":"cond-expr","locations":[{"start":{"line":122,"column":46},"end":{"line":122,"column":85}},{"start":{"line":122,"column":85},"end":{"line":122,"column":107}}],"line":122},"28":{"loc":{"start":{"line":126,"column":28},"end":{"line":126,"column":null}},"type":"cond-expr","locations":[{"start":{"line":126,"column":40},"end":{"line":126,"column":45}},{"start":{"line":126,"column":45},"end":{"line":126,"column":null}}],"line":126},"29":{"loc":{"start":{"line":126,"column":45},"end":{"line":126,"column":null}},"type":"cond-expr","locations":[{"start":{"line":126,"column":53},"end":{"line":126,"column":63}},{"start":{"line":126,"column":63},"end":{"line":126,"column":null}}],"line":126},"30":{"loc":{"start":{"line":126,"column":63},"end":{"line":126,"column":null}},"type":"cond-expr","locations":[{"start":{"line":126,"column":72},"end":{"line":126,"column":82}},{"start":{"line":126,"column":82},"end":{"line":126,"column":null}}],"line":126},"31":{"loc":{"start":{"line":130,"column":26},"end":{"line":130,"column":null}},"type":"cond-expr","locations":[{"start":{"line":130,"column":50},"end":{"line":130,"column":60}},{"start":{"line":130,"column":60},"end":{"line":130,"column":null}}],"line":130},"32":{"loc":{"start":{"line":138,"column":19},"end":{"line":138,"column":null}},"type":"binary-expr","locations":[{"start":{"line":138,"column":19},"end":{"line":138,"column":40}},{"start":{"line":138,"column":40},"end":{"line":138,"column":null}}],"line":138},"33":{"loc":{"start":{"line":139,"column":19},"end":{"line":139,"column":null}},"type":"binary-expr","locations":[{"start":{"line":139,"column":19},"end":{"line":139,"column":40}},{"start":{"line":139,"column":40},"end":{"line":139,"column":null}}],"line":139},"34":{"loc":{"start":{"line":143,"column":13},"end":{"line":146,"column":null}},"type":"binary-expr","locations":[{"start":{"line":143,"column":13},"end":{"line":143,"column":null}},{"start":{"line":144,"column":14},"end":{"line":146,"column":null}}],"line":143},"35":{"loc":{"start":{"line":150,"column":9},"end":{"line":164,"column":null}},"type":"binary-expr","locations":[{"start":{"line":150,"column":9},"end":{"line":150,"column":20}},{"start":{"line":150,"column":20},"end":{"line":150,"column":null}},{"start":{"line":151,"column":10},"end":{"line":164,"column":null}}],"line":150},"36":{"loc":{"start":{"line":153,"column":23},"end":{"line":153,"column":null}},"type":"cond-expr","locations":[{"start":{"line":153,"column":41},"end":{"line":153,"column":50}},{"start":{"line":153,"column":50},"end":{"line":153,"column":null}}],"line":153},"37":{"loc":{"start":{"line":166,"column":9},"end":{"line":166,"column":null}},"type":"binary-expr","locations":[{"start":{"line":166,"column":9},"end":{"line":166,"column":20}},{"start":{"line":166,"column":20},"end":{"line":166,"column":33}},{"start":{"line":166,"column":33},"end":{"line":166,"column":null}}],"line":166},"38":{"loc":{"start":{"line":167,"column":9},"end":{"line":170,"column":null}},"type":"binary-expr","locations":[{"start":{"line":167,"column":9},"end":{"line":167,"column":22}},{"start":{"line":167,"column":22},"end":{"line":167,"column":null}},{"start":{"line":168,"column":10},"end":{"line":170,"column":null}}],"line":167},"39":{"loc":{"start":{"line":169,"column":13},"end":{"line":169,"column":null}},"type":"cond-expr","locations":[{"start":{"line":169,"column":31},"end":{"line":169,"column":60}},{"start":{"line":169,"column":60},"end":{"line":169,"column":null}}],"line":169},"40":{"loc":{"start":{"line":173,"column":7},"end":{"line":193,"column":null}},"type":"binary-expr","locations":[{"start":{"line":173,"column":7},"end":{"line":173,"column":null}},{"start":{"line":174,"column":8},"end":{"line":193,"column":null}}],"line":173},"41":{"loc":{"start":{"line":176,"column":11},"end":{"line":179,"column":null}},"type":"binary-expr","locations":[{"start":{"line":176,"column":11},"end":{"line":176,"column":32}},{"start":{"line":176,"column":32},"end":{"line":176,"column":null}},{"start":{"line":177,"column":12},"end":{"line":179,"column":null}}],"line":176},"42":{"loc":{"start":{"line":184,"column":15},"end":{"line":184,"column":null}},"type":"binary-expr","locations":[{"start":{"line":184,"column":15},"end":{"line":184,"column":25}},{"start":{"line":184,"column":25},"end":{"line":184,"column":null}}],"line":184}},"s":{"0":7,"1":14,"2":14,"3":0,"4":35,"5":35,"6":26,"7":6,"8":4,"9":2,"10":1,"11":1,"12":35,"13":35,"14":35,"15":35,"16":35,"17":35,"18":35,"19":35,"20":35,"21":35,"22":18,"23":6,"24":35,"25":35,"26":34,"27":33,"28":1,"29":1,"30":35,"31":5,"32":1,"33":4,"34":5,"35":1,"36":1,"37":3,"38":35,"39":2,"40":2,"41":2,"42":0,"43":0,"44":35,"45":0,"46":38,"47":38,"48":38,"49":38,"50":2,"51":12,"52":12,"53":1,"54":1},"f":{"0":14,"1":35,"2":35,"3":26,"4":6,"5":35,"6":18,"7":34,"8":5,"9":2,"10":0,"11":0,"12":38,"13":2,"14":12,"15":1,"16":1},"b":{"0":[14,0],"1":[14,0],"2":[0,35],"3":[35,0],"4":[35,26],"5":[26,0],"6":[35,35],"7":[4,2],"8":[1,1],"9":[1,0],"10":[35,29],"11":[6,12],"12":[33,1],"13":[34,3,2],"14":[1,0],"15":[0,0],"16":[1,4],"17":[3,1],"18":[1,4],"19":[5,1,0],"20":[1,0],"21":[2,1],"22":[2,0],"23":[0,0],"24":[35,29],"25":[35,19],"26":[1,18],"27":[0,19],"28":[30,8],"29":[4,4],"30":[1,3],"31":[38,0],"32":[38,4],"33":[38,1],"34":[19,1],"35":[35,16,14],"36":[0,14],"37":[35,3,2],"38":[35,29,27],"39":[1,26],"40":[35,6],"41":[6,6,2],"42":[1,1]},"meta":{"lastBranch":43,"lastFunction":17,"lastStatement":55,"seen":{"s:6:38:10:Infinity":0,"f:12:9:12:14":0,"b:13:2:15:Infinity:undefined:undefined:undefined:undefined":0,"s:13:2:15:Infinity":1,"s:14:4:14:Infinity":2,"b:14:14:14:26:14:26:14:36":1,"s:16:2:16:Infinity":3,"f:19:9:19:17":1,"s:20:2:20:Infinity":4,"b:20:24:20:78:20:78:20:Infinity":2,"f:23:16:23:29":2,"s:24:2:35:Infinity":5,"b:26:31:26:55:26:55:26:75":3,"b:27:7:27:25:27:25:27:Infinity":4,"b:27:56:27:82:27:82:27:103":5,"f:28:24:28:29":3,"s:29:8:31:Infinity":6,"b:33:7:33:26:33:26:33:Infinity":6,"f:39:9:39:16":4,"b:40:2:40:Infinity:undefined:undefined:undefined:undefined":7,"s:40:2:40:Infinity":7,"s:40:33:40:Infinity":8,"b:41:2:41:Infinity:undefined:undefined:undefined:undefined":8,"s:41:2:41:Infinity":9,"s:41:34:41:Infinity":10,"s:42:2:47:Infinity":11,"b:45:10:45:Infinity:46:10:46:Infinity":9,"f:52:16:52:29":5,"s:71:30:71:Infinity":12,"s:72:28:72:Infinity":13,"s:73:32:73:49":14,"s:74:16:74:Infinity":15,"s:75:17:75:23":16,"s:76:15:76:Infinity":17,"s:77:17:77:Infinity":18,"s:78:19:78:Infinity":19,"s:79:17:79:Infinity":20,"b:79:17:79:29:79:29:79:Infinity":10,"s:81:2:83:Infinity":21,"f:81:2:81:18":6,"b:82:4:82:Infinity:undefined:undefined:undefined:undefined":11,"s:82:4:82:Infinity":22,"s:82:18:82:Infinity":23,"s:85:15:85:Infinity":24,"s:86:2:90:Infinity":25,"f:86:2:86:18":7,"b:87:4:87:Infinity:undefined:undefined:undefined:undefined":12,"s:87:4:87:Infinity":26,"b:87:8:87:20:87:20:87:32:87:32:87:46":13,"s:87:46:87:Infinity":27,"s:88:4:88:Infinity":28,"s:89:4:89:Infinity":29,"b:89:22:89:44:89:44:89:76":14,"b:89:62:89:67:89:67:89:76":15,"s:92:8:100:Infinity":30,"f:92:8:92:23":8,"b:93:4:93:Infinity:undefined:undefined:undefined:undefined":16,"s:93:4:93:Infinity":31,"s:93:25:93:Infinity":32,"s:94:18:94:Infinity":33,"b:94:27:94:49:94:49:94:Infinity":17,"b:95:4:98:Infinity:undefined:undefined:undefined:undefined":18,"s:95:4:98:Infinity":34,"b:95:8:95:18:95:18:95:37:95:37:95:47":19,"s:96:6:96:Infinity":35,"b:96:26:96:52:96:52:96:77":20,"s:97:6:97:Infinity":36,"s:99:4:99:Infinity":37,"b:99:22:99:44:99:44:99:53":21,"s:102:8:106:Infinity":38,"f:102:8:102:18":9,"s:103:4:103:Infinity":39,"b:104:4:105:Infinity:105:9:105:Infinity":22,"s:104:4:105:Infinity":40,"s:104:31:104:Infinity":41,"s:105:9:105:Infinity":42,"b:105:41:105:74:105:74:105:89":23,"f:105:48:105:56":10,"s:105:62:105:70":43,"s:108:2:195:Infinity":44,"b:110:41:110:54:110:54:110:74":24,"f:114:23:114:28":11,"s:115:8:117:Infinity":45,"b:120:9:120:Infinity:121:10:148:Infinity":25,"b:121:68:121:90:121:90:121:Infinity":26,"b:122:46:122:85:122:85:122:107":27,"f:123:30:123:35":12,"s:124:28:124:Infinity":46,"s:125:29:125:Infinity":47,"s:126:28:126:Infinity":48,"b:126:40:126:45:126:45:126:Infinity":28,"b:126:53:126:63:126:63:126:Infinity":29,"b:126:72:126:82:126:82:126:Infinity":30,"s:127:14:140:Infinity":49,"b:130:50:130:60:130:60:130:Infinity":31,"f:135:20:135:36":13,"s:135:36:135:Infinity":50,"b:138:19:138:40:138:40:138:Infinity":32,"b:139:19:139:40:139:40:139:Infinity":33,"b:143:13:143:Infinity:144:14:146:Infinity":34,"b:150:9:150:20:150:20:150:Infinity:151:10:164:Infinity":35,"b:153:41:153:50:153:50:153:Infinity":36,"f:158:12:158:23":14,"s:159:14:159:Infinity":51,"s:160:14:160:Infinity":52,"b:166:9:166:20:166:20:166:33:166:33:166:Infinity":37,"b:167:9:167:22:167:22:167:Infinity:168:10:170:Infinity":38,"b:169:31:169:60:169:60:169:Infinity":39,"b:173:7:173:Infinity:174:8:193:Infinity":40,"b:176:11:176:32:176:32:176:Infinity:177:12:179:Infinity":41,"f:181:30:181:35":15,"s:182:12:190:Infinity":53,"b:184:15:184:25:184:25:184:Infinity":42,"f:185:24:185:29":16,"s:186:16:188:Infinity":54},"fnNames":{}}}
,"/Users/alvarogonzaleztabernero/dev/IFS-Tests/web/src/lib/api.ts": {"path":"/Users/alvarogonzaleztabernero/dev/IFS-Tests/web/src/lib/api.ts","statementMap":{"0":{"start":{"line":7,"column":0},"end":{"line":12,"column":null}},"1":{"start":{"line":14,"column":27},"end":{"line":16,"column":null}},"2":{"start":{"line":18,"column":22},"end":{"line":18,"column":null}},"3":{"start":{"line":22,"column":19},"end":{"line":22,"column":null}},"4":{"start":{"line":23,"column":0},"end":{"line":30,"column":null}},"5":{"start":{"line":24,"column":15},"end":{"line":24,"column":null}},"6":{"start":{"line":25,"column":2},"end":{"line":28,"column":null}},"7":{"start":{"line":26,"column":4},"end":{"line":26,"column":null}},"8":{"start":{"line":27,"column":4},"end":{"line":27,"column":null}},"9":{"start":{"line":29,"column":2},"end":{"line":29,"column":null}},"10":{"start":{"line":33,"column":16},"end":{"line":33,"column":null}},"11":{"start":{"line":34,"column":2},"end":{"line":34,"column":null}},"12":{"start":{"line":35,"column":2},"end":{"line":35,"column":null}},"13":{"start":{"line":39,"column":29},"end":{"line":39,"column":null}},"14":{"start":{"line":40,"column":2},"end":{"line":40,"column":null}},"15":{"start":{"line":40,"column":32},"end":{"line":40,"column":null}},"16":{"start":{"line":41,"column":2},"end":{"line":41,"column":null}},"17":{"start":{"line":41,"column":30},"end":{"line":41,"column":null}},"18":{"start":{"line":42,"column":2},"end":{"line":42,"column":null}},"19":{"start":{"line":47,"column":2},"end":{"line":47,"column":null}},"20":{"start":{"line":51,"column":2},"end":{"line":52,"column":null}},"21":{"start":{"line":56,"column":2},"end":{"line":56,"column":null}},"22":{"start":{"line":63,"column":18},"end":{"line":63,"column":null}},"23":{"start":{"line":64,"column":2},"end":{"line":64,"column":null}},"24":{"start":{"line":64,"column":34},"end":{"line":64,"column":null}},"25":{"start":{"line":65,"column":2},"end":{"line":65,"column":null}},"26":{"start":{"line":65,"column":47},"end":{"line":65,"column":null}},"27":{"start":{"line":66,"column":2},"end":{"line":66,"column":null}},"28":{"start":{"line":66,"column":30},"end":{"line":66,"column":null}},"29":{"start":{"line":67,"column":2},"end":{"line":67,"column":null}},"30":{"start":{"line":72,"column":2},"end":{"line":72,"column":null}}},"fnMap":{"0":{"name":"(anonymous_0)","decl":{"start":{"line":23,"column":29},"end":{"line":23,"column":34}},"loc":{"start":{"line":23,"column":56},"end":{"line":30,"column":1}},"line":23},"1":{"name":"consumeSessionEnded","decl":{"start":{"line":32,"column":16},"end":{"line":32,"column":47}},"loc":{"start":{"line":32,"column":47},"end":{"line":36,"column":null}},"line":32},"2":{"name":"fetchMe","decl":{"start":{"line":38,"column":15},"end":{"line":38,"column":45}},"loc":{"start":{"line":38,"column":45},"end":{"line":43,"column":null}},"line":38},"3":{"name":"useMe","decl":{"start":{"line":46,"column":16},"end":{"line":46,"column":24}},"loc":{"start":{"line":46,"column":24},"end":{"line":48,"column":null}},"line":46},"4":{"name":"sessionWorks","decl":{"start":{"line":55,"column":22},"end":{"line":55,"column":55}},"loc":{"start":{"line":55,"column":55},"end":{"line":57,"column":null}},"line":55},"5":{"name":"errorMessage","decl":{"start":{"line":62,"column":16},"end":{"line":62,"column":29}},"loc":{"start":{"line":62,"column":53},"end":{"line":68,"column":null}},"line":62},"6":{"name":"fieldErrors","decl":{"start":{"line":71,"column":16},"end":{"line":71,"column":28}},"loc":{"start":{"line":71,"column":68},"end":{"line":73,"column":null}},"line":71}},"branchMap":{"0":{"loc":{"start":{"line":25,"column":2},"end":{"line":28,"column":null}},"type":"if","locations":[{"start":{"line":25,"column":2},"end":{"line":28,"column":null}},{"start":{},"end":{}}],"line":25},"1":{"loc":{"start":{"line":25,"column":6},"end":{"line":25,"column":95}},"type":"binary-expr","locations":[{"start":{"line":25,"column":6},"end":{"line":25,"column":33}},{"start":{"line":25,"column":33},"end":{"line":25,"column":61}},{"start":{"line":25,"column":61},"end":{"line":25,"column":95}}],"line":25},"2":{"loc":{"start":{"line":40,"column":2},"end":{"line":40,"column":null}},"type":"if","locations":[{"start":{"line":40,"column":2},"end":{"line":40,"column":null}},{"start":{},"end":{}}],"line":40},"3":{"loc":{"start":{"line":41,"column":2},"end":{"line":41,"column":null}},"type":"if","locations":[{"start":{"line":41,"column":2},"end":{"line":41,"column":null}},{"start":{},"end":{}}],"line":41},"4":{"loc":{"start":{"line":41,"column":6},"end":{"line":41,"column":30}},"type":"binary-expr","locations":[{"start":{"line":41,"column":6},"end":{"line":41,"column":23}},{"start":{"line":41,"column":23},"end":{"line":41,"column":30}}],"line":41},"5":{"loc":{"start":{"line":64,"column":2},"end":{"line":64,"column":null}},"type":"if","locations":[{"start":{"line":64,"column":2},"end":{"line":64,"column":null}},{"start":{},"end":{}}],"line":64},"6":{"loc":{"start":{"line":65,"column":2},"end":{"line":65,"column":null}},"type":"if","locations":[{"start":{"line":65,"column":2},"end":{"line":65,"column":null}},{"start":{},"end":{}}],"line":65},"7":{"loc":{"start":{"line":65,"column":6},"end":{"line":65,"column":47}},"type":"binary-expr","locations":[{"start":{"line":65,"column":6},"end":{"line":65,"column":31}},{"start":{"line":65,"column":31},"end":{"line":65,"column":47}}],"line":65},"8":{"loc":{"start":{"line":66,"column":2},"end":{"line":66,"column":null}},"type":"if","locations":[{"start":{"line":66,"column":2},"end":{"line":66,"column":null}},{"start":{},"end":{}}],"line":66},"9":{"loc":{"start":{"line":72,"column":10},"end":{"line":72,"column":null}},"type":"binary-expr","locations":[{"start":{"line":72,"column":10},"end":{"line":72,"column":47}},{"start":{"line":72,"column":47},"end":{"line":72,"column":null}}],"line":72}},"s":{"0":8,"1":8,"2":8,"3":8,"4":8,"5":151,"6":151,"7":1,"8":1,"9":151,"10":2,"11":2,"12":2,"13":41,"14":41,"15":6,"16":35,"17":2,"18":33,"19":239,"20":8,"21":3,"22":10,"23":10,"24":6,"25":4,"26":1,"27":3,"28":1,"29":2,"30":187},"f":{"0":151,"1":2,"2":41,"3":239,"4":3,"5":10,"6":187},"b":{"0":[1,150],"1":[151,8,7],"2":[6,35],"3":[2,33],"4":[35,33],"5":[6,4],"6":[1,3],"7":[4,2],"8":[1,2],"9":[187,173]},"meta":{"lastBranch":10,"lastFunction":7,"lastStatement":31,"seen":{"s:7:0:12:Infinity":0,"s:14:27:16:Infinity":1,"s:18:22:18:Infinity":2,"s:22:19:22:Infinity":3,"s:23:0:30:Infinity":4,"f:23:29:23:34":0,"s:24:15:24:Infinity":5,"b:25:2:28:Infinity:undefined:undefined:undefined:undefined":0,"s:25:2:28:Infinity":6,"b:25:6:25:33:25:33:25:61:25:61:25:95":1,"s:26:4:26:Infinity":7,"s:27:4:27:Infinity":8,"s:29:2:29:Infinity":9,"f:32:16:32:47":1,"s:33:16:33:Infinity":10,"s:34:2:34:Infinity":11,"s:35:2:35:Infinity":12,"f:38:15:38:45":2,"s:39:29:39:Infinity":13,"b:40:2:40:Infinity:undefined:undefined:undefined:undefined":2,"s:40:2:40:Infinity":14,"s:40:32:40:Infinity":15,"b:41:2:41:Infinity:undefined:undefined:undefined:undefined":3,"s:41:2:41:Infinity":16,"b:41:6:41:23:41:23:41:30":4,"s:41:30:41:Infinity":17,"s:42:2:42:Infinity":18,"f:46:16:46:24":3,"s:47:2:47:Infinity":19,"s:51:2:52:Infinity":20,"f:55:22:55:55":4,"s:56:2:56:Infinity":21,"f:62:16:62:29":5,"s:63:18:63:Infinity":22,"b:64:2:64:Infinity:undefined:undefined:undefined:undefined":5,"s:64:2:64:Infinity":23,"s:64:34:64:Infinity":24,"b:65:2:65:Infinity:undefined:undefined:undefined:undefined":6,"s:65:2:65:Infinity":25,"b:65:6:65:31:65:31:65:47":7,"s:65:47:65:Infinity":26,"b:66:2:66:Infinity:undefined:undefined:undefined:undefined":8,"s:66:2:66:Infinity":27,"s:66:30:66:Infinity":28,"s:67:2:67:Infinity":29,"f:71:16:71:28":6,"s:72:2:72:Infinity":30,"b:72:10:72:47:72:47:72:Infinity":9},"fnNames":{}}}
,"/Users/alvarogonzaleztabernero/dev/IFS-Tests/web/src/lib/areas.ts": {"path":"/Users/alvarogonzaleztabernero/dev/IFS-Tests/web/src/lib/areas.ts","statementMap":{"0":{"start":{"line":2,"column":45},"end":{"line":7,"column":null}},"1":{"start":{"line":9,"column":46},"end":{"line":18,"column":null}}},"fnMap":{},"branchMap":{},"s":{"0":7,"1":7},"f":{},"b":{},"meta":{"lastBranch":0,"lastFunction":0,"lastStatement":2,"seen":{"s:2:45:7:Infinity":0,"s:9:46:18:Infinity":1},"fnNames":{}}}
,"/Users/alvarogonzaleztabernero/dev/IFS-Tests/web/src/routes/Admin.tsx": {"path":"/Users/alvarogonzaleztabernero/dev/IFS-Tests/web/src/routes/Admin.tsx","statementMap":{"0":{"start":{"line":22,"column":6},"end":{"line":25,"column":null}},"1":{"start":{"line":23,"column":2},"end":{"line":25,"column":null}},"2":{"start":{"line":29,"column":2},"end":{"line":29,"column":null}},"3":{"start":{"line":29,"column":56},"end":{"line":29,"column":null}},"4":{"start":{"line":33,"column":23},"end":{"line":33,"column":29}},"5":{"start":{"line":34,"column":2},"end":{"line":40,"column":null}},"6":{"start":{"line":35,"column":4},"end":{"line":38,"column":null}},"7":{"start":{"line":41,"column":2},"end":{"line":47,"column":null}},"8":{"start":{"line":53,"column":16},"end":{"line":53,"column":null}},"9":{"start":{"line":54,"column":30},"end":{"line":54,"column":null}},"10":{"start":{"line":55,"column":2},"end":{"line":55,"column":null}},"11":{"start":{"line":55,"column":18},"end":{"line":55,"column":42}},"12":{"start":{"line":56,"column":15},"end":{"line":64,"column":null}},"13":{"start":{"line":57,"column":4},"end":{"line":63,"column":null}},"14":{"start":{"line":58,"column":6},"end":{"line":58,"column":null}},"15":{"start":{"line":59,"column":6},"end":{"line":59,"column":null}},"16":{"start":{"line":61,"column":6},"end":{"line":61,"column":null}},"17":{"start":{"line":62,"column":6},"end":{"line":62,"column":null}},"18":{"start":{"line":65,"column":2},"end":{"line":77,"column":null}},"19":{"start":{"line":71,"column":83},"end":{"line":71,"column":103}},"20":{"start":{"line":82,"column":26},"end":{"line":82,"column":null}},"21":{"start":{"line":83,"column":32},"end":{"line":83,"column":null}},"22":{"start":{"line":84,"column":18},"end":{"line":84,"column":null}},"23":{"start":{"line":85,"column":17},"end":{"line":92,"column":null}},"24":{"start":{"line":88,"column":6},"end":{"line":88,"column":null}},"25":{"start":{"line":89,"column":6},"end":{"line":89,"column":null}},"26":{"start":{"line":90,"column":6},"end":{"line":90,"column":null}},"27":{"start":{"line":93,"column":17},"end":{"line":93,"column":null}},"28":{"start":{"line":93,"column":75},"end":{"line":93,"column":106}},"29":{"start":{"line":94,"column":8},"end":{"line":97,"column":null}},"30":{"start":{"line":95,"column":4},"end":{"line":96,"column":null}},"31":{"start":{"line":96,"column":6},"end":{"line":96,"column":null}},"32":{"start":{"line":99,"column":2},"end":{"line":162,"column":null}},"33":{"start":{"line":102,"column":28},"end":{"line":102,"column":59}},"34":{"start":{"line":106,"column":27},"end":{"line":106,"column":null}},"35":{"start":{"line":109,"column":12},"end":{"line":109,"column":null}},"36":{"start":{"line":115,"column":27},"end":{"line":115,"column":null}},"37":{"start":{"line":119,"column":12},"end":{"line":119,"column":null}},"38":{"start":{"line":128,"column":29},"end":{"line":128,"column":null}},"39":{"start":{"line":143,"column":14},"end":{"line":157,"column":null}},"40":{"start":{"line":153,"column":33},"end":{"line":153,"column":null}},"41":{"start":{"line":166,"column":67},"end":{"line":170,"column":null}},"42":{"start":{"line":167,"column":19},"end":{"line":167,"column":null}},"43":{"start":{"line":168,"column":17},"end":{"line":168,"column":null}},"44":{"start":{"line":169,"column":16},"end":{"line":169,"column":null}},"45":{"start":{"line":172,"column":6},"end":{"line":173,"column":null}},"46":{"start":{"line":173,"column":2},"end":{"line":173,"column":null}},"47":{"start":{"line":173,"column":76},"end":{"line":173,"column":103}},"48":{"start":{"line":176,"column":16},"end":{"line":176,"column":null}},"49":{"start":{"line":177,"column":28},"end":{"line":177,"column":null}},"50":{"start":{"line":178,"column":32},"end":{"line":178,"column":null}},"51":{"start":{"line":179,"column":26},"end":{"line":179,"column":null}},"52":{"start":{"line":180,"column":17},"end":{"line":184,"column":null}},"53":{"start":{"line":182,"column":22},"end":{"line":182,"column":null}},"54":{"start":{"line":183,"column":21},"end":{"line":183,"column":null}},"55":{"start":{"line":185,"column":16},"end":{"line":191,"column":null}},"56":{"start":{"line":188,"column":6},"end":{"line":188,"column":null}},"57":{"start":{"line":189,"column":6},"end":{"line":189,"column":null}},"58":{"start":{"line":193,"column":8},"end":{"line":198,"column":null}},"59":{"start":{"line":194,"column":16},"end":{"line":194,"column":null}},"60":{"start":{"line":195,"column":4},"end":{"line":195,"column":null}},"61":{"start":{"line":195,"column":53},"end":{"line":195,"column":null}},"62":{"start":{"line":196,"column":4},"end":{"line":196,"column":null}},"63":{"start":{"line":197,"column":4},"end":{"line":197,"column":null}},"64":{"start":{"line":199,"column":12},"end":{"line":199,"column":null}},"65":{"start":{"line":200,"column":16},"end":{"line":200,"column":null}},"66":{"start":{"line":200,"column":42},"end":{"line":200,"column":55}},"67":{"start":{"line":202,"column":2},"end":{"line":278,"column":null}},"68":{"start":{"line":210,"column":27},"end":{"line":210,"column":null}},"69":{"start":{"line":219,"column":23},"end":{"line":219,"column":null}},"70":{"start":{"line":220,"column":25},"end":{"line":220,"column":null}},"71":{"start":{"line":221,"column":10},"end":{"line":274,"column":null}},"72":{"start":{"line":240,"column":35},"end":{"line":240,"column":null}},"73":{"start":{"line":243,"column":20},"end":{"line":243,"column":null}},"74":{"start":{"line":250,"column":35},"end":{"line":250,"column":null}},"75":{"start":{"line":253,"column":20},"end":{"line":253,"column":null}},"76":{"start":{"line":260,"column":33},"end":{"line":260,"column":null}},"77":{"start":{"line":283,"column":25},"end":{"line":283,"column":null}},"78":{"start":{"line":284,"column":2},"end":{"line":284,"column":null}},"79":{"start":{"line":284,"column":13},"end":{"line":284,"column":null}},"80":{"start":{"line":285,"column":2},"end":{"line":317,"column":null}},"81":{"start":{"line":301,"column":14},"end":{"line":303,"column":null}},"82":{"start":{"line":321,"column":40},"end":{"line":332,"column":null}},"83":{"start":{"line":335,"column":14},"end":{"line":335,"column":null}},"84":{"start":{"line":336,"column":2},"end":{"line":361,"column":null}},"85":{"start":{"line":341,"column":23},"end":{"line":341,"column":null}},"86":{"start":{"line":342,"column":10},"end":{"line":348,"column":null}},"87":{"start":{"line":343,"column":12},"end":{"line":346,"column":null}},"88":{"start":{"line":349,"column":10},"end":{"line":357,"column":null}},"89":{"start":{"line":355,"column":35},"end":{"line":355,"column":65}}},"fnMap":{"0":{"name":"(anonymous_0)","decl":{"start":{"line":22,"column":6},"end":{"line":22,"column":14}},"loc":{"start":{"line":23,"column":2},"end":{"line":25,"column":null}},"line":23},"1":{"name":"refresh","decl":{"start":{"line":28,"column":9},"end":{"line":28,"column":17}},"loc":{"start":{"line":28,"column":38},"end":{"line":30,"column":null}},"line":28},"2":{"name":"Admin","decl":{"start":{"line":32,"column":24},"end":{"line":32,"column":32}},"loc":{"start":{"line":32,"column":32},"end":{"line":49,"column":null}},"line":32},"3":{"name":"OneTimeLink","decl":{"start":{"line":52,"column":9},"end":{"line":52,"column":21}},"loc":{"start":{"line":52,"column":95},"end":{"line":79,"column":null}},"line":52},"4":{"name":"(anonymous_4)","decl":{"start":{"line":55,"column":2},"end":{"line":55,"column":18}},"loc":{"start":{"line":55,"column":18},"end":{"line":55,"column":42}},"line":55},"5":{"name":"(anonymous_5)","decl":{"start":{"line":56,"column":15},"end":{"line":56,"column":27}},"loc":{"start":{"line":56,"column":27},"end":{"line":64,"column":null}},"line":56},"6":{"name":"(anonymous_6)","decl":{"start":{"line":71,"column":67},"end":{"line":71,"column":77}},"loc":{"start":{"line":71,"column":83},"end":{"line":71,"column":103}},"line":71},"7":{"name":"InvitePanel","decl":{"start":{"line":81,"column":9},"end":{"line":81,"column":23}},"loc":{"start":{"line":81,"column":23},"end":{"line":164,"column":null}},"line":81},"8":{"name":"(anonymous_8)","decl":{"start":{"line":87,"column":4},"end":{"line":87,"column":16}},"loc":{"start":{"line":87,"column":32},"end":{"line":91,"column":null}},"line":87},"9":{"name":"(anonymous_9)","decl":{"start":{"line":93,"column":58},"end":{"line":93,"column":75}},"loc":{"start":{"line":93,"column":75},"end":{"line":93,"column":106}},"line":93},"10":{"name":"(anonymous_10)","decl":{"start":{"line":94,"column":8},"end":{"line":94,"column":24}},"loc":{"start":{"line":94,"column":53},"end":{"line":97,"column":null}},"line":94},"11":{"name":"(anonymous_11)","decl":{"start":{"line":102,"column":12},"end":{"line":102,"column":28}},"loc":{"start":{"line":102,"column":28},"end":{"line":102,"column":59}},"line":102},"12":{"name":"(anonymous_12)","decl":{"start":{"line":106,"column":10},"end":{"line":106,"column":21}},"loc":{"start":{"line":106,"column":27},"end":{"line":106,"column":null}},"line":106},"13":{"name":"(anonymous_13)","decl":{"start":{"line":108,"column":31},"end":{"line":108,"column":36}},"loc":{"start":{"line":109,"column":12},"end":{"line":109,"column":null}},"line":109},"14":{"name":"(anonymous_14)","decl":{"start":{"line":115,"column":10},"end":{"line":115,"column":21}},"loc":{"start":{"line":115,"column":27},"end":{"line":115,"column":null}},"line":115},"15":{"name":"(anonymous_15)","decl":{"start":{"line":118,"column":35},"end":{"line":118,"column":40}},"loc":{"start":{"line":119,"column":12},"end":{"line":119,"column":null}},"line":119},"16":{"name":"(anonymous_16)","decl":{"start":{"line":128,"column":12},"end":{"line":128,"column":23}},"loc":{"start":{"line":128,"column":29},"end":{"line":128,"column":null}},"line":128},"17":{"name":"(anonymous_17)","decl":{"start":{"line":142,"column":26},"end":{"line":142,"column":31}},"loc":{"start":{"line":143,"column":14},"end":{"line":157,"column":null}},"line":143},"18":{"name":"(anonymous_18)","decl":{"start":{"line":153,"column":18},"end":{"line":153,"column":33}},"loc":{"start":{"line":153,"column":33},"end":{"line":153,"column":null}},"line":153},"19":{"name":"(anonymous_19)","decl":{"start":{"line":167,"column":2},"end":{"line":167,"column":13}},"loc":{"start":{"line":167,"column":19},"end":{"line":167,"column":null}},"line":167},"20":{"name":"(anonymous_20)","decl":{"start":{"line":168,"column":2},"end":{"line":168,"column":11}},"loc":{"start":{"line":168,"column":17},"end":{"line":168,"column":null}},"line":168},"21":{"name":"(anonymous_21)","decl":{"start":{"line":169,"column":2},"end":{"line":169,"column":10}},"loc":{"start":{"line":169,"column":16},"end":{"line":169,"column":null}},"line":169},"22":{"name":"(anonymous_22)","decl":{"start":{"line":172,"column":6},"end":{"line":172,"column":17}},"loc":{"start":{"line":173,"column":2},"end":{"line":173,"column":null}},"line":173},"23":{"name":"(anonymous_23)","decl":{"start":{"line":173,"column":64},"end":{"line":173,"column":70}},"loc":{"start":{"line":173,"column":76},"end":{"line":173,"column":103}},"line":173},"24":{"name":"Members","decl":{"start":{"line":175,"column":9},"end":{"line":175,"column":17}},"loc":{"start":{"line":175,"column":49},"end":{"line":280,"column":null}},"line":175},"25":{"name":"(anonymous_25)","decl":{"start":{"line":182,"column":4},"end":{"line":182,"column":16}},"loc":{"start":{"line":182,"column":22},"end":{"line":182,"column":null}},"line":182},"26":{"name":"(anonymous_26)","decl":{"start":{"line":183,"column":4},"end":{"line":183,"column":21}},"loc":{"start":{"line":183,"column":21},"end":{"line":183,"column":null}},"line":183},"27":{"name":"(anonymous_27)","decl":{"start":{"line":187,"column":4},"end":{"line":187,"column":16}},"loc":{"start":{"line":187,"column":28},"end":{"line":190,"column":null}},"line":187},"28":{"name":"(anonymous_28)","decl":{"start":{"line":193,"column":8},"end":{"line":193,"column":18}},"loc":{"start":{"line":193,"column":75},"end":{"line":198,"column":null}},"line":193},"29":{"name":"(anonymous_29)","decl":{"start":{"line":200,"column":28},"end":{"line":200,"column":36}},"loc":{"start":{"line":200,"column":42},"end":{"line":200,"column":55}},"line":200},"30":{"name":"(anonymous_30)","decl":{"start":{"line":210,"column":10},"end":{"line":210,"column":21}},"loc":{"start":{"line":210,"column":27},"end":{"line":210,"column":null}},"line":210},"31":{"name":"(anonymous_31)","decl":{"start":{"line":218,"column":16},"end":{"line":218,"column":21}},"loc":{"start":{"line":218,"column":27},"end":{"line":276,"column":9}},"line":218},"32":{"name":"(anonymous_32)","decl":{"start":{"line":240,"column":18},"end":{"line":240,"column":29}},"loc":{"start":{"line":240,"column":35},"end":{"line":240,"column":null}},"line":240},"33":{"name":"(anonymous_33)","decl":{"start":{"line":242,"column":39},"end":{"line":242,"column":44}},"loc":{"start":{"line":243,"column":20},"end":{"line":243,"column":null}},"line":243},"34":{"name":"(anonymous_34)","decl":{"start":{"line":250,"column":18},"end":{"line":250,"column":29}},"loc":{"start":{"line":250,"column":35},"end":{"line":250,"column":null}},"line":250},"35":{"name":"(anonymous_35)","decl":{"start":{"line":252,"column":41},"end":{"line":252,"column":46}},"loc":{"start":{"line":253,"column":20},"end":{"line":253,"column":null}},"line":253},"36":{"name":"(anonymous_36)","decl":{"start":{"line":260,"column":18},"end":{"line":260,"column":33}},"loc":{"start":{"line":260,"column":33},"end":{"line":260,"column":null}},"line":260},"37":{"name":"BankPanel","decl":{"start":{"line":282,"column":9},"end":{"line":282,"column":21}},"loc":{"start":{"line":282,"column":21},"end":{"line":319,"column":null}},"line":282},"38":{"name":"(anonymous_38)","decl":{"start":{"line":300,"column":35},"end":{"line":300,"column":40}},"loc":{"start":{"line":301,"column":14},"end":{"line":303,"column":null}},"line":301},"39":{"name":"AuditTrail","decl":{"start":{"line":334,"column":9},"end":{"line":334,"column":22}},"loc":{"start":{"line":334,"column":22},"end":{"line":363,"column":null}},"line":334},"40":{"name":"(anonymous_40)","decl":{"start":{"line":340,"column":19},"end":{"line":340,"column":24}},"loc":{"start":{"line":340,"column":30},"end":{"line":359,"column":9}},"line":340},"41":{"name":"(anonymous_41)","decl":{"start":{"line":355,"column":19},"end":{"line":355,"column":24}},"loc":{"start":{"line":355,"column":35},"end":{"line":355,"column":65}},"line":355}},"branchMap":{"0":{"loc":{"start":{"line":23,"column":2},"end":{"line":25,"column":null}},"type":"cond-expr","locations":[{"start":{"line":24,"column":6},"end":{"line":24,"column":null}},{"start":{"line":25,"column":6},"end":{"line":25,"column":null}}],"line":23},"1":{"loc":{"start":{"line":34,"column":2},"end":{"line":40,"column":null}},"type":"if","locations":[{"start":{"line":34,"column":2},"end":{"line":40,"column":null}},{"start":{},"end":{}}],"line":34},"2":{"loc":{"start":{"line":73,"column":11},"end":{"line":73,"column":null}},"type":"cond-expr","locations":[{"start":{"line":73,"column":30},"end":{"line":73,"column":41}},{"start":{"line":73,"column":41},"end":{"line":73,"column":null}}],"line":73},"3":{"loc":{"start":{"line":76,"column":7},"end":{"line":76,"column":null}},"type":"binary-expr","locations":[{"start":{"line":76,"column":7},"end":{"line":76,"column":30}},{"start":{"line":76,"column":30},"end":{"line":76,"column":null}}],"line":76},"4":{"loc":{"start":{"line":88,"column":25},"end":{"line":88,"column":42}},"type":"binary-expr","locations":[{"start":{"line":88,"column":25},"end":{"line":88,"column":38}},{"start":{"line":88,"column":38},"end":{"line":88,"column":42}}],"line":88},"5":{"loc":{"start":{"line":95,"column":4},"end":{"line":96,"column":null}},"type":"if","locations":[{"start":{"line":95,"column":4},"end":{"line":96,"column":null}},{"start":{},"end":{}}],"line":95},"6":{"loc":{"start":{"line":114,"column":17},"end":{"line":114,"column":null}},"type":"binary-expr","locations":[{"start":{"line":114,"column":17},"end":{"line":114,"column":34}},{"start":{"line":114,"column":34},"end":{"line":114,"column":null}}],"line":114},"7":{"loc":{"start":{"line":115,"column":57},"end":{"line":115,"column":100}},"type":"binary-expr","locations":[{"start":{"line":115,"column":57},"end":{"line":115,"column":75}},{"start":{"line":115,"column":75},"end":{"line":115,"column":100}}],"line":115},"8":{"loc":{"start":{"line":127,"column":19},"end":{"line":127,"column":null}},"type":"binary-expr","locations":[{"start":{"line":127,"column":19},"end":{"line":127,"column":32}},{"start":{"line":127,"column":32},"end":{"line":127,"column":null}}],"line":127},"9":{"loc":{"start":{"line":131,"column":40},"end":{"line":131,"column":80}},"type":"binary-expr","locations":[{"start":{"line":131,"column":40},"end":{"line":131,"column":60}},{"start":{"line":131,"column":60},"end":{"line":131,"column":80}}],"line":131},"10":{"loc":{"start":{"line":137,"column":7},"end":{"line":137,"column":null}},"type":"binary-expr","locations":[{"start":{"line":137,"column":7},"end":{"line":137,"column":18}},{"start":{"line":137,"column":18},"end":{"line":137,"column":null}}],"line":137},"11":{"loc":{"start":{"line":138,"column":7},"end":{"line":160,"column":null}},"type":"binary-expr","locations":[{"start":{"line":138,"column":7},"end":{"line":138,"column":null}},{"start":{"line":139,"column":8},"end":{"line":160,"column":null}}],"line":138},"12":{"loc":{"start":{"line":144,"column":46},"end":{"line":144,"column":72}},"type":"binary-expr","locations":[{"start":{"line":144,"column":46},"end":{"line":144,"column":56}},{"start":{"line":144,"column":56},"end":{"line":144,"column":72}}],"line":144},"13":{"loc":{"start":{"line":147,"column":19},"end":{"line":147,"column":52}},"type":"binary-expr","locations":[{"start":{"line":147,"column":19},"end":{"line":147,"column":33}},{"start":{"line":147,"column":33},"end":{"line":147,"column":52}}],"line":147},"14":{"loc":{"start":{"line":152,"column":51},"end":{"line":152,"column":null}},"type":"binary-expr","locations":[{"start":{"line":152,"column":51},"end":{"line":152,"column":61}},{"start":{"line":152,"column":61},"end":{"line":152,"column":null}}],"line":152},"15":{"loc":{"start":{"line":153,"column":52},"end":{"line":153,"column":71}},"type":"binary-expr","locations":[{"start":{"line":153,"column":52},"end":{"line":153,"column":62}},{"start":{"line":153,"column":62},"end":{"line":153,"column":71}}],"line":153},"16":{"loc":{"start":{"line":173,"column":28},"end":{"line":173,"column":46}},"type":"binary-expr","locations":[{"start":{"line":173,"column":28},"end":{"line":173,"column":42}},{"start":{"line":173,"column":42},"end":{"line":173,"column":46}}],"line":173},"17":{"loc":{"start":{"line":194,"column":24},"end":{"line":194,"column":null}},"type":"binary-expr","locations":[{"start":{"line":194,"column":24},"end":{"line":194,"column":37}},{"start":{"line":194,"column":37},"end":{"line":194,"column":52}},{"start":{"line":194,"column":52},"end":{"line":194,"column":null}}],"line":194},"18":{"loc":{"start":{"line":195,"column":4},"end":{"line":195,"column":null}},"type":"if","locations":[{"start":{"line":195,"column":4},"end":{"line":195,"column":null}},{"start":{},"end":{}}],"line":195},"19":{"loc":{"start":{"line":195,"column":8},"end":{"line":195,"column":53}},"type":"binary-expr","locations":[{"start":{"line":195,"column":8},"end":{"line":195,"column":15}},{"start":{"line":195,"column":15},"end":{"line":195,"column":53}}],"line":195},"20":{"loc":{"start":{"line":204,"column":39},"end":{"line":204,"column":65}},"type":"binary-expr","locations":[{"start":{"line":204,"column":39},"end":{"line":204,"column":61}},{"start":{"line":204,"column":61},"end":{"line":204,"column":65}}],"line":204},"21":{"loc":{"start":{"line":205,"column":8},"end":{"line":212,"column":null}},"type":"binary-expr","locations":[{"start":{"line":205,"column":8},"end":{"line":205,"column":null}},{"start":{"line":206,"column":8},"end":{"line":212,"column":null}}],"line":205},"22":{"loc":{"start":{"line":205,"column":8},"end":{"line":205,"column":35}},"type":"binary-expr","locations":[{"start":{"line":205,"column":8},"end":{"line":205,"column":30}},{"start":{"line":205,"column":30},"end":{"line":205,"column":35}}],"line":205},"23":{"loc":{"start":{"line":215,"column":7},"end":{"line":215,"column":null}},"type":"binary-expr","locations":[{"start":{"line":215,"column":7},"end":{"line":215,"column":18}},{"start":{"line":215,"column":18},"end":{"line":215,"column":null}}],"line":215},"24":{"loc":{"start":{"line":216,"column":7},"end":{"line":216,"column":null}},"type":"binary-expr","locations":[{"start":{"line":216,"column":7},"end":{"line":216,"column":12}},{"start":{"line":216,"column":12},"end":{"line":216,"column":35}},{"start":{"line":216,"column":35},"end":{"line":216,"column":null}}],"line":216},"25":{"loc":{"start":{"line":220,"column":25},"end":{"line":220,"column":null}},"type":"binary-expr","locations":[{"start":{"line":220,"column":25},"end":{"line":220,"column":43}},{"start":{"line":220,"column":43},"end":{"line":220,"column":null}}],"line":220},"26":{"loc":{"start":{"line":228,"column":21},"end":{"line":228,"column":null}},"type":"binary-expr","locations":[{"start":{"line":228,"column":21},"end":{"line":228,"column":29}},{"start":{"line":228,"column":29},"end":{"line":228,"column":null}}],"line":228},"27":{"loc":{"start":{"line":229,"column":21},"end":{"line":229,"column":null}},"type":"binary-expr","locations":[{"start":{"line":229,"column":21},"end":{"line":229,"column":46}},{"start":{"line":229,"column":46},"end":{"line":229,"column":null}}],"line":229},"28":{"loc":{"start":{"line":230,"column":21},"end":{"line":230,"column":null}},"type":"binary-expr","locations":[{"start":{"line":230,"column":21},"end":{"line":230,"column":31}},{"start":{"line":230,"column":31},"end":{"line":230,"column":null}}],"line":230},"29":{"loc":{"start":{"line":233,"column":33},"end":{"line":233,"column":61}},"type":"binary-expr","locations":[{"start":{"line":233,"column":33},"end":{"line":233,"column":47}},{"start":{"line":233,"column":47},"end":{"line":233,"column":61}}],"line":233},"30":{"loc":{"start":{"line":264,"column":17},"end":{"line":271,"column":null}},"type":"binary-expr","locations":[{"start":{"line":264,"column":17},"end":{"line":264,"column":null}},{"start":{"line":265,"column":18},"end":{"line":271,"column":null}}],"line":264},"31":{"loc":{"start":{"line":284,"column":2},"end":{"line":284,"column":null}},"type":"if","locations":[{"start":{"line":284,"column":2},"end":{"line":284,"column":null}},{"start":{},"end":{}}],"line":284},"32":{"loc":{"start":{"line":288,"column":7},"end":{"line":317,"column":null}},"type":"cond-expr","locations":[{"start":{"line":289,"column":8},"end":{"line":294,"column":null}},{"start":{"line":294,"column":8},"end":{"line":317,"column":null}}],"line":288},"33":{"loc":{"start":{"line":302,"column":25},"end":{"line":302,"column":57}},"type":"binary-expr","locations":[{"start":{"line":302,"column":25},"end":{"line":302,"column":47}},{"start":{"line":302,"column":47},"end":{"line":302,"column":57}}],"line":302},"34":{"loc":{"start":{"line":306,"column":11},"end":{"line":307,"column":null}},"type":"binary-expr","locations":[{"start":{"line":306,"column":11},"end":{"line":306,"column":null}},{"start":{"line":307,"column":12},"end":{"line":307,"column":null}}],"line":306},"35":{"loc":{"start":{"line":309,"column":11},"end":{"line":313,"column":null}},"type":"binary-expr","locations":[{"start":{"line":309,"column":11},"end":{"line":309,"column":null}},{"start":{"line":310,"column":12},"end":{"line":313,"column":null}}],"line":309},"36":{"loc":{"start":{"line":311,"column":81},"end":{"line":311,"column":113}},"type":"cond-expr","locations":[{"start":{"line":311,"column":104},"end":{"line":311,"column":110}},{"start":{"line":311,"column":110},"end":{"line":311,"column":113}}],"line":311},"37":{"loc":{"start":{"line":342,"column":10},"end":{"line":348,"column":null}},"type":"if","locations":[{"start":{"line":342,"column":10},"end":{"line":348,"column":null}},{"start":{},"end":{}}],"line":342},"38":{"loc":{"start":{"line":351,"column":57},"end":{"line":351,"column":77}},"type":"binary-expr","locations":[{"start":{"line":351,"column":57},"end":{"line":351,"column":68}},{"start":{"line":351,"column":68},"end":{"line":351,"column":77}}],"line":351},"39":{"loc":{"start":{"line":351,"column":79},"end":{"line":351,"column":null}},"type":"binary-expr","locations":[{"start":{"line":351,"column":79},"end":{"line":351,"column":100}},{"start":{"line":351,"column":100},"end":{"line":351,"column":null}}],"line":351},"40":{"loc":{"start":{"line":352,"column":15},"end":{"line":352,"column":null}},"type":"binary-expr","locations":[{"start":{"line":352,"column":15},"end":{"line":352,"column":24}},{"start":{"line":352,"column":24},"end":{"line":352,"column":36}},{"start":{"line":352,"column":36},"end":{"line":352,"column":56}},{"start":{"line":352,"column":56},"end":{"line":352,"column":91}},{"start":{"line":352,"column":91},"end":{"line":352,"column":null}}],"line":352},"41":{"loc":{"start":{"line":353,"column":15},"end":{"line":356,"column":null}},"type":"binary-expr","locations":[{"start":{"line":353,"column":15},"end":{"line":353,"column":null}},{"start":{"line":354,"column":16},"end":{"line":356,"column":null}}],"line":353}},"s":{"0":2,"1":121,"2":5,"3":9,"4":12,"5":12,"6":2,"7":10,"8":15,"9":15,"10":15,"11":2,"12":15,"13":1,"14":1,"15":0,"16":1,"17":1,"18":15,"19":2,"20":46,"21":46,"22":46,"23":46,"24":1,"25":1,"26":1,"27":46,"28":1,"29":46,"30":1,"31":1,"32":46,"33":1,"34":0,"35":138,"36":0,"37":322,"38":23,"39":2,"40":1,"41":2,"42":2,"43":0,"44":0,"45":2,"46":114,"47":366,"48":39,"49":39,"50":39,"51":39,"52":39,"53":2,"54":2,"55":39,"56":1,"57":1,"58":39,"59":3,"60":3,"61":1,"62":2,"63":2,"64":39,"65":39,"66":114,"67":39,"68":13,"69":54,"70":54,"71":54,"72":1,"73":162,"74":2,"75":162,"76":1,"77":12,"78":12,"79":10,"80":2,"81":4,"82":2,"83":20,"84":20,"85":10,"86":10,"87":0,"88":10,"89":0},"f":{"0":121,"1":5,"2":12,"3":15,"4":2,"5":1,"6":2,"7":46,"8":1,"9":1,"10":1,"11":1,"12":0,"13":138,"14":0,"15":322,"16":23,"17":2,"18":1,"19":2,"20":0,"21":0,"22":114,"23":366,"24":39,"25":2,"26":2,"27":1,"28":3,"29":114,"30":13,"31":54,"32":1,"33":162,"34":2,"35":162,"36":1,"37":12,"38":4,"39":20,"40":10,"41":0},"b":{"0":[106,15],"1":[2,10],"2":[0,15],"3":[15,1],"4":[1,0],"5":[1,0],"6":[46,46],"7":[0,0],"8":[46,0],"9":[46,46],"10":[46,14],"11":[46,2],"12":[2,0],"13":[2,0],"14":[2,0],"15":[1,0],"16":[114,0],"17":[3,2,0],"18":[1,2],"19":[3,2],"20":[39,10],"21":[39,14],"22":[39,10],"23":[39,4],"24":[39,12,5],"25":[54,39],"26":[54,15],"27":[54,0],"28":[54,39],"29":[54,0],"30":[54,2],"31":[10,2],"32":[1,1],"33":[4,0],"34":[1,1],"35":[1,1],"36":[1,0],"37":[0,10],"38":[10,0],"39":[10,0],"40":[10,10,10,10,10],"41":[10,0]},"meta":{"lastBranch":42,"lastFunction":42,"lastStatement":90,"seen":{"s:22:6:25:Infinity":0,"f:22:6:22:14":0,"s:23:2:25:Infinity":1,"b:24:6:24:Infinity:25:6:25:Infinity":0,"f:28:9:28:17":1,"s:29:2:29:Infinity":2,"s:29:56:29:Infinity":3,"f:32:24:32:32":2,"s:33:23:33:29":4,"b:34:2:40:Infinity:undefined:undefined:undefined:undefined":1,"s:34:2:40:Infinity":5,"s:35:4:38:Infinity":6,"s:41:2:47:Infinity":7,"f:52:9:52:21":3,"s:53:16:53:Infinity":8,"s:54:30:54:Infinity":9,"s:55:2:55:Infinity":10,"f:55:2:55:18":4,"s:55:18:55:42":11,"s:56:15:64:Infinity":12,"f:56:15:56:27":5,"s:57:4:63:Infinity":13,"s:58:6:58:Infinity":14,"s:59:6:59:Infinity":15,"s:61:6:61:Infinity":16,"s:62:6:62:Infinity":17,"s:65:2:77:Infinity":18,"f:71:67:71:77":6,"s:71:83:71:103":19,"b:73:30:73:41:73:41:73:Infinity":2,"b:76:7:76:30:76:30:76:Infinity":3,"f:81:9:81:23":7,"s:82:26:82:Infinity":20,"s:83:32:83:Infinity":21,"s:84:18:84:Infinity":22,"s:85:17:92:Infinity":23,"f:87:4:87:16":8,"s:88:6:88:Infinity":24,"b:88:25:88:38:88:38:88:42":4,"s:89:6:89:Infinity":25,"s:90:6:90:Infinity":26,"s:93:17:93:Infinity":27,"f:93:58:93:75":9,"s:93:75:93:106":28,"s:94:8:97:Infinity":29,"f:94:8:94:24":10,"b:95:4:96:Infinity:undefined:undefined:undefined:undefined":5,"s:95:4:96:Infinity":30,"s:96:6:96:Infinity":31,"s:99:2:162:Infinity":32,"f:102:12:102:28":11,"s:102:28:102:59":33,"f:106:10:106:21":12,"s:106:27:106:Infinity":34,"f:108:31:108:36":13,"s:109:12:109:Infinity":35,"b:114:17:114:34:114:34:114:Infinity":6,"f:115:10:115:21":14,"s:115:27:115:Infinity":36,"b:115:57:115:75:115:75:115:100":7,"f:118:35:118:40":15,"s:119:12:119:Infinity":37,"b:127:19:127:32:127:32:127:Infinity":8,"f:128:12:128:23":16,"s:128:29:128:Infinity":38,"b:131:40:131:60:131:60:131:80":9,"b:137:7:137:18:137:18:137:Infinity":10,"b:138:7:138:Infinity:139:8:160:Infinity":11,"f:142:26:142:31":17,"s:143:14:157:Infinity":39,"b:144:46:144:56:144:56:144:72":12,"b:147:19:147:33:147:33:147:52":13,"b:152:51:152:61:152:61:152:Infinity":14,"f:153:18:153:33":18,"s:153:33:153:Infinity":40,"b:153:52:153:62:153:62:153:71":15,"s:166:67:170:Infinity":41,"f:167:2:167:13":19,"s:167:19:167:Infinity":42,"f:168:2:168:11":20,"s:168:17:168:Infinity":43,"f:169:2:169:10":21,"s:169:16:169:Infinity":44,"s:172:6:173:Infinity":45,"f:172:6:172:17":22,"s:173:2:173:Infinity":46,"b:173:28:173:42:173:42:173:46":16,"f:173:64:173:70":23,"s:173:76:173:103":47,"f:175:9:175:17":24,"s:176:16:176:Infinity":48,"s:177:28:177:Infinity":49,"s:178:32:178:Infinity":50,"s:179:26:179:Infinity":51,"s:180:17:184:Infinity":52,"f:182:4:182:16":25,"s:182:22:182
[...]
:{"start":{"line":64,"column":20},"end":{"line":64,"column":null}},"type":"binary-expr","locations":[{"start":{"line":64,"column":20},"end":{"line":64,"column":42}},{"start":{"line":64,"column":42},"end":{"line":64,"column":null}}],"line":64},"12":{"loc":{"start":{"line":65,"column":15},"end":{"line":65,"column":null}},"type":"cond-expr","locations":[{"start":{"line":65,"column":49},"end":{"line":65,"column":61}},{"start":{"line":65,"column":61},"end":{"line":65,"column":null}}],"line":65},"13":{"loc":{"start":{"line":66,"column":17},"end":{"line":66,"column":null}},"type":"binary-expr","locations":[{"start":{"line":66,"column":17},"end":{"line":66,"column":25}},{"start":{"line":66,"column":25},"end":{"line":66,"column":49}},{"start":{"line":66,"column":49},"end":{"line":66,"column":null}}],"line":66},"14":{"loc":{"start":{"line":71,"column":7},"end":{"line":74,"column":null}},"type":"binary-expr","locations":[{"start":{"line":71,"column":7},"end":{"line":71,"column":null}},{"start":{"line":72,"column":8},"end":{"line":74,"column":null}}],"line":71},"15":{"loc":{"start":{"line":80,"column":98},"end":{"line":80,"column":115}},"type":"cond-expr","locations":[{"start":{"line":80,"column":108},"end":{"line":80,"column":112}},{"start":{"line":80,"column":112},"end":{"line":80,"column":115}}],"line":80},"16":{"loc":{"start":{"line":100,"column":6},"end":{"line":100,"column":null}},"type":"if","locations":[{"start":{"line":100,"column":6},"end":{"line":100,"column":null}},{"start":{},"end":{}}],"line":100},"17":{"loc":{"start":{"line":114,"column":7},"end":{"line":114,"column":null}},"type":"binary-expr","locations":[{"start":{"line":114,"column":7},"end":{"line":114,"column":28}},{"start":{"line":114,"column":28},"end":{"line":114,"column":null}}],"line":114},"18":{"loc":{"start":{"line":115,"column":7},"end":{"line":118,"column":null}},"type":"binary-expr","locations":[{"start":{"line":115,"column":7},"end":{"line":115,"column":null}},{"start":{"line":116,"column":8},"end":{"line":118,"column":null}}],"line":115},"19":{"loc":{"start":{"line":117,"column":41},"end":{"line":117,"column":null}},"type":"binary-expr","locations":[{"start":{"line":117,"column":41},"end":{"line":117,"column":50}},{"start":{"line":117,"column":50},"end":{"line":117,"column":null}}],"line":117},"20":{"loc":{"start":{"line":120,"column":7},"end":{"line":132,"column":null}},"type":"binary-expr","locations":[{"start":{"line":120,"column":7},"end":{"line":120,"column":null}},{"start":{"line":121,"column":8},"end":{"line":132,"column":null}}],"line":120},"21":{"loc":{"start":{"line":135,"column":7},"end":{"line":140,"column":null}},"type":"binary-expr","locations":[{"start":{"line":135,"column":7},"end":{"line":135,"column":19}},{"start":{"line":135,"column":19},"end":{"line":135,"column":null}},{"start":{"line":136,"column":8},"end":{"line":140,"column":null}}],"line":135}},"s":{"0":17,"1":17,"2":17,"3":7,"4":10,"5":20,"6":10,"7":18,"8":17,"9":20,"10":1,"11":4,"12":11,"13":11,"14":11,"15":11,"16":11,"17":11,"18":2,"19":2,"20":26,"21":26,"22":26,"23":26,"24":10,"25":26,"26":3,"27":3,"28":2,"29":3,"30":26,"31":1,"32":1,"33":1,"34":1,"35":1,"36":26,"37":26,"38":3},"f":{"0":17,"1":20,"2":18,"3":20,"4":1,"5":4,"6":11,"7":2,"8":2,"9":26,"10":10,"11":3,"12":1,"13":1,"14":3},"b":{"0":[7,10],"1":[10,7],"2":[7,3],"3":[3,17],"4":[20,0],"5":[20,10],"6":[17,3,2],"7":[2,1],"8":[1,0],"9":[2,0],"10":[4,0],"11":[11,7],"12":[3,8],"13":[11,3,10],"14":[11,2],"15":[1,1],"16":[2,1],"17":[26,10],"18":[26,1],"19":[1,1],"20":[26,15],"21":[26,15,9]},"meta":{"lastBranch":22,"lastFunction":15,"lastStatement":39,"seen":{"f:16:9:16:20":0,"s:17:26:17:Infinity":0,"s:18:24:18:40":1,"b:19:2:19:Infinity:undefined:undefined:undefined:undefined":0,"s:19:2:19:Infinity":2,"s:19:22:19:Infinity":3,"s:20:16:20:Infinity":4,"f:20:22:20:30":1,"s:20:39:20:56":5,"s:21:17:21:Infinity":6,"b:21:17:21:63:21:63:21:Infinity":1,"f:21:23:21:29":2,"s:21:35:21:50":7,"s:22:2:56:Infinity":8,"b:26:53:26:62:26:62:26:73":2,"f:30:15:30:20":3,"s:31:10:36:Infinity":9,"b:32:82:32:91:32:91:32:Infinity":3,"b:33:15:33:32:33:32:33:39":4,"b:34:15:34:33:34:33:34:Infinity":5,"b:39:7:39:15:39:15:39:Infinity:40:8:56:Infinity":6,"b:44:19:44:28:44:28:44:Infinity":7,"f:45:12:45:23":4,"s:45:29:45:Infinity":10,"b:45:56:45:90:45:90:45:98":8,"b:47:36:47:66:47:66:47:71":9,"f:48:36:48:41":5,"s:49:14:51:Infinity":11,"b:50:17:50:30:50:30:50:32":10,"f:62:24:62:35":6,"s:63:19:63:35":12,"s:64:20:64:Infinity":13,"b:64:20:64:42:64:42:64:Infinity":11,"s:65:15:65:Infinity":14,"b:65:49:65:61:65:61:65:Infinity":12,"s:66:17:66:Infinity":15,"b:66:17:66:25:66:25:66:49:66:49:66:Infinity":13,"s:67:28:67:Infinity":16,"s:68:2:82:Infinity":17,"b:71:7:71:Infinity:72:8:74:Infinity":14,"f:80:8:80:19":7,"s:80:31:80:Infinity":18,"f:80:31:80:41":8,"s:80:48:80:117":19,"b:80:108:80:112:80:112:80:115":15,"f:86:9:86:17":9,"s:87:28:87:Infinity":20,"s:88:26:88:43":21,"s:89:34:89:53":22,"s:90:18:95:Infinity":23,"f:92:13:92:26":10,"s:92:13:92:Infinity":24,"s:96:17:103:Infinity":25,"f:98:4:98:16":11,"s:99:6:99:Infinity":26,"b:100:6:100:Infinity:undefined:undefined:undefined:undefined":16,"s:100:6:100:Infinity":27,"s:100:35:100:Infinity":28,"s:101:6:101:Infinity":29,"s:104:8:109:Infinity":30,"f:104:8:104:21":12,"s:105:4:105:Infinity":31,"s:106:4:106:Infinity":32,"s:107:4:107:Infinity":33,"s:108:4:108:Infinity":34,"f:108:4:108:14":13,"s:108:20:108:25":35,"s:111:19:111:Infinity":36,"s:112:2:142:Infinity":37,"b:114:7:114:28:114:28:114:Infinity":17,"b:115:7:115:Infinity:116:8:118:Infinity":18,"b:117:41:117:50:117:50:117:Infinity":19,"b:120:7:120:Infinity:121:8:132:Infinity":20,"f:126:10:126:21":14,"s:126:30:126:Infinity":38,"b:135:7:135:19:135:19:135:Infinity:136:8:140:Infinity":21},"fnNames":{}}}
,"/Users/alvarogonzaleztabernero/dev/IFS-Tests/web/src/routes/Profile.tsx": {"path":"/Users/alvarogonzaleztabernero/dev/IFS-Tests/web/src/routes/Profile.tsx","statementMap":{"0":{"start":{"line":11,"column":25},"end":{"line":11,"column":31}},"1":{"start":{"line":12,"column":19},"end":{"line":12,"column":31}},"2":{"start":{"line":13,"column":18},"end":{"line":19,"column":null}},"3":{"start":{"line":16,"column":6},"end":{"line":16,"column":null}},"4":{"start":{"line":17,"column":6},"end":{"line":17,"column":null}},"5":{"start":{"line":20,"column":2},"end":{"line":20,"column":null}},"6":{"start":{"line":20,"column":13},"end":{"line":20,"column":null}},"7":{"start":{"line":21,"column":2},"end":{"line":31,"column":null}},"8":{"start":{"line":27,"column":67},"end":{"line":27,"column":87}},"9":{"start":{"line":36,"column":26},"end":{"line":40,"column":null}},"10":{"start":{"line":41,"column":15},"end":{"line":44,"column":null}},"11":{"start":{"line":43,"column":23},"end":{"line":43,"column":null}},"12":{"start":{"line":45,"column":28},"end":{"line":45,"column":null}},"13":{"start":{"line":46,"column":8},"end":{"line":50,"column":null}},"14":{"start":{"line":47,"column":4},"end":{"line":47,"column":null}},"15":{"start":{"line":48,"column":4},"end":{"line":48,"column":null}},"16":{"start":{"line":49,"column":4},"end":{"line":49,"column":null}},"17":{"start":{"line":49,"column":24},"end":{"line":49,"column":null}},"18":{"start":{"line":51,"column":8},"end":{"line":51,"column":null}},"19":{"start":{"line":51,"column":23},"end":{"line":51,"column":null}},"20":{"start":{"line":53,"column":2},"end":{"line":89,"column":null}},"21":{"start":{"line":61,"column":25},"end":{"line":61,"column":null}},"22":{"start":{"line":67,"column":25},"end":{"line":67,"column":null}},"23":{"start":{"line":73,"column":10},"end":{"line":73,"column":null}},"24":{"start":{"line":80,"column":27},"end":{"line":80,"column":null}},"25":{"start":{"line":94,"column":16},"end":{"line":94,"column":null}},"26":{"start":{"line":95,"column":26},"end":{"line":95,"column":null}},"27":{"start":{"line":96,"column":15},"end":{"line":96,"column":null}},"28":{"start":{"line":96,"column":75},"end":{"line":96,"column":90}},"29":{"start":{"line":97,"column":28},"end":{"line":97,"column":null}},"30":{"start":{"line":98,"column":8},"end":{"line":102,"column":null}},"31":{"start":{"line":98,"column":16},"end":{"line":102,"column":null}},"32":{"start":{"line":99,"column":4},"end":{"line":99,"column":null}},"33":{"start":{"line":100,"column":4},"end":{"line":100,"column":null}},"34":{"start":{"line":101,"column":4},"end":{"line":101,"column":null}},"35":{"start":{"line":101,"column":24},"end":{"line":101,"column":null}},"36":{"start":{"line":104,"column":2},"end":{"line":136,"column":null}},"37":{"start":{"line":106,"column":22},"end":{"line":106,"column":null}}},"fnMap":{"0":{"name":"Profile","decl":{"start":{"line":10,"column":24},"end":{"line":10,"column":34}},"loc":{"start":{"line":10,"column":34},"end":{"line":33,"column":null}},"line":10},"1":{"name":"(anonymous_1)","decl":{"start":{"line":15,"column":4},"end":{"line":15,"column":21}},"loc":{"start":{"line":15,"column":21},"end":{"line":18,"column":null}},"line":15},"2":{"name":"(anonymous_2)","decl":{"start":{"line":27,"column":52},"end":{"line":27,"column":67}},"loc":{"start":{"line":27,"column":67},"end":{"line":27,"column":87}},"line":27},"3":{"name":"ProfileForm","decl":{"start":{"line":35,"column":9},"end":{"line":35,"column":21}},"loc":{"start":{"line":35,"column":45},"end":{"line":91,"column":null}},"line":35},"4":{"name":"(anonymous_4)","decl":{"start":{"line":43,"column":4},"end":{"line":43,"column":16}},"loc":{"start":{"line":43,"column":23},"end":{"line":43,"column":null}},"line":43},"5":{"name":"(anonymous_5)","decl":{"start":{"line":46,"column":8},"end":{"line":46,"column":16}},"loc":{"start":{"line":46,"column":48},"end":{"line":50,"column":null}},"line":46},"6":{"name":"(anonymous_6)","decl":{"start":{"line":51,"column":8},"end":{"line":51,"column":23}},"loc":{"start":{"line":51,"column":23},"end":{"line":51,"column":null}},"line":51},"7":{"name":"(anonymous_7)","decl":{"start":{"line":61,"column":8},"end":{"line":61,"column":19}},"loc":{"start":{"line":61,"column":25},"end":{"line":61,"column":null}},"line":61},"8":{"name":"(anonymous_8)","decl":{"start":{"line":67,"column":8},"end":{"line":67,"column":19}},"loc":{"start":{"line":67,"column":25},"end":{"line":67,"column":null}},"line":67},"9":{"name":"(anonymous_9)","decl":{"start":{"line":72,"column":33},"end":{"line":72,"column":38}},"loc":{"start":{"line":73,"column":10},"end":{"line":73,"column":null}},"line":73},"10":{"name":"(anonymous_10)","decl":{"start":{"line":80,"column":10},"end":{"line":80,"column":21}},"loc":{"start":{"line":80,"column":27},"end":{"line":80,"column":null}},"line":80},"11":{"name":"PasswordForm","decl":{"start":{"line":93,"column":9},"end":{"line":93,"column":24}},"loc":{"start":{"line":93,"column":24},"end":{"line":138,"column":null}},"line":93},"12":{"name":"(anonymous_12)","decl":{"start":{"line":96,"column":58},"end":{"line":96,"column":75}},"loc":{"start":{"line":96,"column":75},"end":{"line":96,"column":90}},"line":96},"13":{"name":"(anonymous_13)","decl":{"start":{"line":98,"column":8},"end":{"line":98,"column":16}},"loc":{"start":{"line":98,"column":16},"end":{"line":102,"column":null}},"line":98},"14":{"name":"(anonymous_14)","decl":{"start":{"line":98,"column":16},"end":{"line":98,"column":44}},"loc":{"start":{"line":98,"column":87},"end":{"line":102,"column":null}},"line":98},"15":{"name":"(anonymous_15)","decl":{"start":{"line":106,"column":6},"end":{"line":106,"column":22}},"loc":{"start":{"line":106,"column":22},"end":{"line":106,"column":null}},"line":106}},"branchMap":{"0":{"loc":{"start":{"line":20,"column":2},"end":{"line":20,"column":null}},"type":"if","locations":[{"start":{"line":20,"column":2},"end":{"line":20,"column":null}},{"start":{},"end":{}}],"line":20},"1":{"loc":{"start":{"line":38,"column":14},"end":{"line":38,"column":null}},"type":"binary-expr","locations":[{"start":{"line":38,"column":14},"end":{"line":38,"column":31}},{"start":{"line":38,"column":31},"end":{"line":38,"column":null}}],"line":38},"2":{"loc":{"start":{"line":49,"column":4},"end":{"line":49,"column":null}},"type":"if","locations":[{"start":{"line":49,"column":4},"end":{"line":49,"column":null}},{"start":{},"end":{}}],"line":49},"3":{"loc":{"start":{"line":51,"column":65},"end":{"line":51,"column":107}},"type":"binary-expr","locations":[{"start":{"line":51,"column":65},"end":{"line":51,"column":82}},{"start":{"line":51,"column":82},"end":{"line":51,"column":107}}],"line":51},"4":{"loc":{"start":{"line":85,"column":7},"end":{"line":85,"column":null}},"type":"binary-expr","locations":[{"start":{"line":85,"column":7},"end":{"line":85,"column":25}},{"start":{"line":85,"column":25},"end":{"line":85,"column":null}}],"line":85},"5":{"loc":{"start":{"line":101,"column":4},"end":{"line":101,"column":null}},"type":"if","locations":[{"start":{"line":101,"column":4},"end":{"line":101,"column":null}},{"start":{},"end":{}}],"line":101},"6":{"loc":{"start":{"line":132,"column":7},"end":{"line":132,"column":null}},"type":"binary-expr","locations":[{"start":{"line":132,"column":7},"end":{"line":132,"column":25}},{"start":{"line":132,"column":25},"end":{"line":132,"column":null}}],"line":132}},"s":{"0":7,"1":7,"2":7,"3":1,"4":1,"5":7,"6":0,"7":7,"8":1,"9":13,"10":13,"11":1,"12":13,"13":13,"14":3,"15":3,"16":3,"17":0,"18":13,"19":3,"20":13,"21":1,"22":1,"23":91,"24":1,"25":36,"26":36,"27":36,"28":1,"29":36,"30":36,"31":72,"32":26,"33":26,"34":26,"35":0,"36":36,"37":2},"f":{"0":7,"1":1,"2":1,"3":13,"4":1,"5":3,"6":3,"7":1,"8":1,"9":91,"10":1,"11":36,"12":1,"13":72,"14":26,"15":2},"b":{"0":[0,7],"1":[13,1],"2":[0,3],"3":[3,1],"4":[13,2],"5":[0,26],"6":[36,2]},"meta":{"lastBranch":7,"lastFunction":16,"lastStatement":38,"seen":{"f:10:24:10:34":0,"s:11:25:11:31":0,"s:12:19:12:31":1,"s:13:18:19:Infinity":2,"f:15:4:15:21":1,"s:16:6:16:Infinity":3,"s:17:6:17:Infinity":4,"b:20:2:20:Infinity:undefined:undefined:undefined:undefined":0,"s:20:2:20:Infinity":5,"s:20:13:20:Infinity":6,"s:21:2:31:Infinity":7,"f:27:52:27:67":2,"s:27:67:27:87":8,"f:35:9:35:21":3,"s:36:26:40:Infinity":9,"b:38:14:38:31:38:31:38:Infinity":1,"s:41:15:44:Infinity":10,"f:43:4:43:16":4,"s:43:23:43:Infinity":11,"s:45:28:45:Infinity":12,"s:46:8:50:Infinity":13,"f:46:8:46:16":5,"s:47:4:47:Infinity":14,"s:48:4:48:Infinity":15,"b:49:4:49:Infinity:undefined:undefined:undefined:undefined":2,"s:49:4:49:Infinity":16,"s:49:24:49:Infinity":17,"s:51:8:51:Infinity":18,"f:51:8:51:23":6,"s:51:23:51:Infinity":19,"b:51:65:51:82:51:82:51:107":3,"s:53:2:89:Infinity":20,"f:61:8:61:19":7,"s:61:25:61:Infinity":21,"f:67:8:67:19":8,"s:67:25:67:Infinity":22,"f:72:33:72:38":9,"s:73:10:73:Infinity":23,"f:80:10:80:21":10,"s:80:27:80:Infinity":24,"b:85:7:85:25:85:25:85:Infinity":4,"f:93:9:93:24":11,"s:94:16:94:Infinity":25,"s:95:26:95:Infinity":26,"s:96:15:96:Infinity":27,"f:96:58:96:75":12,"s:96:75:96:90":28,"s:97:28:97:Infinity":29,"s:98:8:102:Infinity":30,"f:98:8:98:16":13,"s:98:16:102:Infinity":31,"f:98:16:98:44":14,"s:99:4:99:Infinity":32,"s:100:4:100:Infinity":33,"b:101:4:101:Infinity:undefined:undefined:undefined:undefined":5,"s:101:4:101:Infinity":34,"s:101:24:101:Infinity":35,"s:104:2:136:Infinity":36,"f:106:6:106:22":15,"s:106:22:106:Infinity":37,"b:132:7:132:25:132:25:132:Infinity":6},"fnNames":{}}}
,"/Users/alvarogonzaleztabernero/dev/IFS-Tests/web/src/routes/Reset.tsx": {"path":"/Users/alvarogonzaleztabernero/dev/IFS-Tests/web/src/routes/Reset.tsx","statementMap":{"0":{"start":{"line":11,"column":16},"end":{"line":11,"column":33}},"1":{"start":{"line":12,"column":15},"end":{"line":16,"column":null}},"2":{"start":{"line":14,"column":13},"end":{"line":14,"column":null}},"3":{"start":{"line":17,"column":34},"end":{"line":17,"column":null}},"4":{"start":{"line":18,"column":15},"end":{"line":18,"column":null}},"5":{"start":{"line":20,"column":2},"end":{"line":29,"column":null}},"6":{"start":{"line":21,"column":4},"end":{"line":27,"column":null}},"7":{"start":{"line":31,"column":2},"end":{"line":55,"column":null}},"8":{"start":{"line":35,"column":30},"end":{"line":35,"column":74}},"9":{"start":{"line":43,"column":14},"end":{"line":43,"column":null}},"10":{"start":{"line":44,"column":14},"end":{"line":44,"column":null}}},"fnMap":{"0":{"name":"Reset","decl":{"start":{"line":10,"column":24},"end":{"line":10,"column":32}},"loc":{"start":{"line":10,"column":32},"end":{"line":57,"column":null}},"line":10},"1":{"name":"(anonymous_1)","decl":{"start":{"line":14,"column":13},"end":{"line":14,"column":26}},"loc":{"start":{"line":14,"column":13},"end":{"line":14,"column":null}},"line":14},"2":{"name":"(anonymous_2)","decl":{"start":{"line":35,"column":14},"end":{"line":35,"column":30}},"loc":{"start":{"line":35,"column":30},"end":{"line":35,"column":74}},"line":35},"3":{"name":"(anonymous_3)","decl":{"start":{"line":42,"column":12},"end":{"line":42,"column":23}},"loc":{"start":{"line":42,"column":29},"end":{"line":45,"column":null}},"line":42}},"branchMap":{"0":{"loc":{"start":{"line":20,"column":2},"end":{"line":29,"column":null}},"type":"if","locations":[{"start":{"line":20,"column":2},"end":{"line":29,"column":null}},{"start":{},"end":{}}],"line":20},"1":{"loc":{"start":{"line":33,"column":7},"end":{"line":34,"column":12}},"type":"binary-expr","locations":[{"start":{"line":33,"column":7},"end":{"line":33,"column":23}},{"start":{"line":33,"column":23},"end":{"line":34,"column":12}}],"line":33},"2":{"loc":{"start":{"line":34,"column":7},"end":{"line":55,"column":null}},"type":"binary-expr","locations":[{"start":{"line":34,"column":7},"end":{"line":34,"column":null}},{"start":{"line":35,"column":8},"end":{"line":55,"column":null}}],"line":34}},"s":{"0":38,"1":38,"2":3,"3":38,"4":38,"5":38,"6":1,"7":37,"8":2,"9":30,"10":30},"f":{"0":38,"1":3,"2":2,"3":30},"b":{"0":[1,37],"1":[37,1],"2":[38,33]},"meta":{"lastBranch":3,"lastFunction":4,"lastStatement":11,"seen":{"f:10:24:10:32":0,"s:11:16:11:33":0,"s:12:15:16:Infinity":1,"f:14:13:14:26":1,"s:14:13:14:Infinity":2,"s:17:34:17:Infinity":3,"s:18:15:18:Infinity":4,"b:20:2:29:Infinity:undefined:undefined:undefined:undefined":0,"s:20:2:29:Infinity":5,"s:21:4:27:Infinity":6,"s:31:2:55:Infinity":7,"b:33:7:33:23:33:23:34:12":1,"b:34:7:34:Infinity:35:8:55:Infinity":2,"f:35:14:35:30":2,"s:35:30:35:74":8,"f:42:12:42:23":3,"s:43:14:43:Infinity":9,"s:44:14:44:Infinity":10},"fnNames":{}}}
,"/Users/alvarogonzaleztabernero/dev/IFS-Tests/web/src/routes/index.tsx": {"path":"/Users/alvarogonzaleztabernero/dev/IFS-Tests/web/src/routes/index.tsx","statementMap":{"0":{"start":{"line":14,"column":14},"end":{"line":14,"column":null}},"1":{"start":{"line":14,"column":25},"end":{"line":14,"column":null}},"2":{"start":{"line":17,"column":2},"end":{"line":23,"column":null}},"3":{"start":{"line":20,"column":43},"end":{"line":20,"column":69}},"4":{"start":{"line":28,"column":2},"end":{"line":33,"column":null}},"5":{"start":{"line":37,"column":37},"end":{"line":53,"column":null}}},"fnMap":{"0":{"name":"(anonymous_0)","decl":{"start":{"line":14,"column":14},"end":{"line":14,"column":25}},"loc":{"start":{"line":14,"column":25},"end":{"line":14,"column":null}},"line":14},"1":{"name":"Crashed","decl":{"start":{"line":16,"column":9},"end":{"line":16,"column":19}},"loc":{"start":{"line":16,"column":19},"end":{"line":25,"column":null}},"line":16},"2":{"name":"(anonymous_2)","decl":{"start":{"line":20,"column":28},"end":{"line":20,"column":43}},"loc":{"start":{"line":20,"column":43},"end":{"line":20,"column":69}},"line":20},"3":{"name":"NotFound","decl":{"start":{"line":27,"column":9},"end":{"line":27,"column":20}},"loc":{"start":{"line":27,"column":20},"end":{"line":35,"column":null}},"line":27}},"branchMap":{},"s":{"0":7,"1":2,"2":0,"3":0,"4":1,"5":7},"f":{"0":2,"1":0,"2":0,"3":1},"b":{},"meta":{"lastBranch":0,"lastFunction":4,"lastStatement":6,"seen":{"s:14:14:14:Infinity":0,"f:14:14:14:25":0,"s:14:25:14:Infinity":1,"f:16:9:16:19":1,"s:17:2:23:Infinity":2,"f:20:28:20:43":2,"s:20:43:20:69":3,"f:27:9:27:20":3,"s:28:2:33:Infinity":4,"s:37:37:53:Infinity":5},"fnNames":{}}}
}
