{"/Users/alvarogonzaleztabernero/dev/IFS-Tests/web/src/components/Countdown.tsx": {"path":"/Users/alvarogonzaleztabernero/dev/IFS-Tests/web/src/components/Countdown.tsx","statementMap":{"0":{"start":{"line":5,"column":19},"end":{"line":5,"column":null}},"1":{"start":{"line":5,"column":34},"end":{"line":5,"column":76}},"2":{"start":{"line":6,"column":14},"end":{"line":6,"column":null}},"3":{"start":{"line":7,"column":8},"end":{"line":7,"column":null}},"4":{"start":{"line":7,"column":21},"end":{"line":7,"column":null}},"5":{"start":{"line":8,"column":32},"end":{"line":8,"column":null}},"6":{"start":{"line":9,"column":2},"end":{"line":12,"column":null}},"7":{"start":{"line":10,"column":15},"end":{"line":10,"column":null}},"8":{"start":{"line":10,"column":40},"end":{"line":10,"column":60}},"9":{"start":{"line":11,"column":4},"end":{"line":11,"column":null}},"10":{"start":{"line":11,"column":17},"end":{"line":11,"column":null}},"11":{"start":{"line":13,"column":2},"end":{"line":13,"column":null}},"12":{"start":{"line":16,"column":6},"end":{"line":16,"column":null}},"13":{"start":{"line":16,"column":28},"end":{"line":16,"column":null}},"14":{"start":{"line":28,"column":18},"end":{"line":28,"column":null}},"15":{"start":{"line":29,"column":16},"end":{"line":29,"column":null}},"16":{"start":{"line":30,"column":2},"end":{"line":35,"column":null}},"17":{"start":{"line":31,"column":4},"end":{"line":34,"column":null}},"18":{"start":{"line":32,"column":6},"end":{"line":32,"column":null}},"19":{"start":{"line":33,"column":6},"end":{"line":33,"column":null}},"20":{"start":{"line":36,"column":18},"end":{"line":36,"column":null}},"21":{"start":{"line":37,"column":2},"end":{"line":45,"column":null}}},"fnMap":{"0":{"name":"useSecondsLeft","decl":{"start":{"line":4,"column":16},"end":{"line":4,"column":31}},"loc":{"start":{"line":4,"column":68},"end":{"line":14,"column":null}},"line":4},"1":{"name":"(anonymous_1)","decl":{"start":{"line":5,"column":19},"end":{"line":5,"column":34}},"loc":{"start":{"line":5,"column":34},"end":{"line":5,"column":76}},"line":5},"2":{"name":"(anonymous_2)","decl":{"start":{"line":7,"column":8},"end":{"line":7,"column":21}},"loc":{"start":{"line":7,"column":21},"end":{"line":7,"column":null}},"line":7},"3":{"name":"(anonymous_3)","decl":{"start":{"line":9,"column":2},"end":{"line":9,"column":18}},"loc":{"start":{"line":9,"column":18},"end":{"line":12,"column":3}},"line":9},"4":{"name":"(anonymous_4)","decl":{"start":{"line":10,"column":22},"end":{"line":10,"column":40}},"loc":{"start":{"line":10,"column":40},"end":{"line":10,"column":60}},"line":10},"5":{"name":"(anonymous_5)","decl":{"start":{"line":11,"column":4},"end":{"line":11,"column":17}},"loc":{"start":{"line":11,"column":17},"end":{"line":11,"column":null}},"line":11},"6":{"name":"(anonymous_6)","decl":{"start":{"line":16,"column":6},"end":{"line":16,"column":14}},"loc":{"start":{"line":16,"column":28},"end":{"line":16,"column":null}},"line":16},"7":{"name":"Countdown","decl":{"start":{"line":19,"column":16},"end":{"line":19,"column":26}},"loc":{"start":{"line":27,"column":3},"end":{"line":47,"column":null}},"line":27},"8":{"name":"(anonymous_8)","decl":{"start":{"line":30,"column":2},"end":{"line":30,"column":18}},"loc":{"start":{"line":30,"column":18},"end":{"line":35,"column":5}},"line":30}},"branchMap":{"0":{"loc":{"start":{"line":31,"column":4},"end":{"line":34,"column":null}},"type":"if","locations":[{"start":{"line":31,"column":4},"end":{"line":34,"column":null}},{"start":{},"end":{}}],"line":31},"1":{"loc":{"start":{"line":31,"column":8},"end":{"line":31,"column":41}},"type":"binary-expr","locations":[{"start":{"line":31,"column":8},"end":{"line":31,"column":25}},{"start":{"line":31,"column":25},"end":{"line":31,"column":41}}],"line":31},"2":{"loc":{"start":{"line":36,"column":18},"end":{"line":36,"column":null}},"type":"cond-expr","locations":[{"start":{"line":36,"column":34},"end":{"line":36,"column":56}},{"start":{"line":36,"column":56},"end":{"line":36,"column":null}}],"line":36},"3":{"loc":{"start":{"line":36,"column":56},"end":{"line":36,"column":null}},"type":"cond-expr","locations":[{"start":{"line":36,"column":72},"end":{"line":36,"column":93}},{"start":{"line":36,"column":93},"end":{"line":36,"column":null}}],"line":36},"4":{"loc":{"start":{"line":38,"column":33},"end":{"line":38,"column":null}},"type":"cond-expr","locations":[{"start":{"line":38,"column":49},"end":{"line":38,"column":60}},{"start":{"line":38,"column":60},"end":{"line":38,"column":null}}],"line":38},"5":{"loc":{"start":{"line":43,"column":9},"end":{"line":43,"column":null}},"type":"cond-expr","locations":[{"start":{"line":43,"column":25},"end":{"line":43,"column":40}},{"start":{"line":43,"column":40},"end":{"line":43,"column":null}}],"line":43}},"s":{"0":7,"1":5,"2":7,"3":7,"4":5,"5":7,"6":7,"7":7,"8":0,"9":7,"10":7,"11":7,"12":9,"13":7,"14":7,"15":7,"16":7,"17":5,"18":1,"19":1,"20":7,"21":7},"f":{"0":7,"1":5,"2":5,"3":7,"4":0,"5":7,"6":7,"7":7,"8":5},"b":{"0":[1,4],"1":[5,1],"2":[3,4],"3":[0,4],"4":[3,4],"5":[3,4]},"meta":{"lastBranch":6,"lastFunction":9,"lastStatement":22,"seen":{"f:4:16:4:31":0,"s:5:19:5:Infinity":0,"f:5:19:5:34":1,"s:5:34:5:76":1,"s:6:14:6:Infinity":2,"s:7:8:7:Infinity":3,"f:7:8:7:21":2,"s:7:21:7:Infinity":4,"s:8:32:8:Infinity":5,"s:9:2:12:Infinity":6,"f:9:2:9:18":3,"s:10:15:10:Infinity":7,"f:10:22:10:40":4,"s:10:40:10:60":8,"s:11:4:11:Infinity":9,"f:11:4:11:17":5,"s:11:17:11:Infinity":10,"s:13:2:13:Infinity":11,"s:16:6:16:Infinity":12,"f:16:6:16:14":6,"s:16:28:16:Infinity":13,"f:19:16:19:26":7,"s:28:18:28:Infinity":14,"s:29:16:29:Infinity":15,"s:30:2:35:Infinity":16,"f:30:2:30:18":8,"b:31:4:34:Infinity:undefined:undefined:undefined:undefined":0,"s:31:4:34:Infinity":17,"b:31:8:31:25:31:25:31:41":1,"s:32:6:32:Infinity":18,"s:33:6:33:Infinity":19,"s:36:18:36:Infinity":20,"b:36:34:36:56:36:56:36:Infinity":2,"b:36:72:36:93:36:93:36:Infinity":3,"s:37:2:45:Infinity":21,"b:38:49:38:60:38:60:38:Infinity":4,"b:43:25:43:40:43:40:43:Infinity":5},"fnNames":{}}}
,"/Users/alvarogonzaleztabernero/dev/IFS-Tests/web/src/components/Form.tsx": {"path":"/Users/alvarogonzaleztabernero/dev/IFS-Tests/web/src/components/Form.tsx","statementMap":{"0":{"start":{"line":13,"column":29},"end":{"line":13,"column":null}},"1":{"start":{"line":21,"column":15},"end":{"line":21,"column":null}},"2":{"start":{"line":22,"column":20},"end":{"line":22,"column":null}},"3":{"start":{"line":23,"column":2},"end":{"line":27,"column":null}},"4":{"start":{"line":24,"column":4},"end":{"line":24,"column":null}},"5":{"start":{"line":24,"column":38},"end":{"line":24,"column":null}},"6":{"start":{"line":25,"column":4},"end":{"line":25,"column":null}},"7":{"start":{"line":26,"column":4},"end":{"line":26,"column":null}},"8":{"start":{"line":28,"column":2},"end":{"line":38,"column":null}},"9":{"start":{"line":34,"column":8},"end":{"line":34,"column":null}},"10":{"start":{"line":35,"column":8},"end":{"line":35,"column":null}},"11":{"start":{"line":36,"column":8},"end":{"line":36,"column":null}},"12":{"start":{"line":44,"column":30},"end":{"line":44,"column":null}},"13":{"start":{"line":45,"column":17},"end":{"line":45,"column":null}},"14":{"start":{"line":46,"column":14},"end":{"line":46,"column":null}},"15":{"start":{"line":47,"column":17},"end":{"line":47,"column":null}},"16":{"start":{"line":47,"column":72},"end":{"line":47,"column":86}},"17":{"start":{"line":48,"column":8},"end":{"line":48,"column":null}},"18":{"start":{"line":48,"column":35},"end":{"line":48,"column":null}},"19":{"start":{"line":49,"column":2},"end":{"line":49,"column":null}},"20":{"start":{"line":55,"column":13},"end":{"line":55,"column":19}},"21":{"start":{"line":56,"column":22},"end":{"line":56,"column":null}},"22":{"start":{"line":58,"column":4},"end":{"line":69,"column":null}},"23":{"start":{"line":71,"column":2},"end":{"line":71,"column":null}},"24":{"start":{"line":75,"column":37},"end":{"line":75,"column":null}},"25":{"start":{"line":76,"column":2},"end":{"line":81,"column":null}},"26":{"start":{"line":92,"column":37},"end":{"line":92,"column":null}},"27":{"start":{"line":93,"column":2},"end":{"line":100,"column":null}},"28":{"start":{"line":105,"column":2},"end":{"line":108,"column":null}},"29":{"start":{"line":114,"column":2},"end":{"line":114,"column":null}},"30":{"start":{"line":114,"column":56},"end":{"line":114,"column":null}},"31":{"start":{"line":115,"column":2},"end":{"line":115,"column":null}}},"fnMap":{"0":{"name":"Form","decl":{"start":{"line":16,"column":16},"end":{"line":16,"column":21}},"loc":{"start":{"line":20,"column":89},"end":{"line":40,"column":null}},"line":20},"1":{"name":"(anonymous_1)","decl":{"start":{"line":23,"column":2},"end":{"line":23,"column":18}},"loc":{"start":{"line":23,"column":18},"end":{"line":27,"column":5}},"line":23},"2":{"name":"(anonymous_2)","decl":{"start":{"line":33,"column":6},"end":{"line":33,"column":17}},"loc":{"start":{"line":33,"column":23},"end":{"line":37,"column":null}},"line":33},"3":{"name":"useFieldErrors","decl":{"start":{"line":43,"column":16},"end":{"line":43,"column":31}},"loc":{"start":{"line":43,"column":47},"end":{"line":50,"column":null}},"line":43},"4":{"name":"(anonymous_4)","decl":{"start":{"line":47,"column":56},"end":{"line":47,"column":64}},"loc":{"start":{"line":47,"column":72},"end":{"line":47,"column":86}},"line":47},"5":{"name":"(anonymous_5)","decl":{"start":{"line":48,"column":8},"end":{"line":48,"column":17}},"loc":{"start":{"line":48,"column":35},"end":{"line":48,"column":null}},"line":48},"6":{"name":"useDescribed","decl":{"start":{"line":54,"column":9},"end":{"line":54,"column":22}},"loc":{"start":{"line":54,"column":50},"end":{"line":72,"column":null}},"line":54},"7":{"name":"Field","decl":{"start":{"line":74,"column":16},"end":{"line":74,"column":22}},"loc":{"start":{"line":74,"column":107},"end":{"line":83,"column":null}},"line":74},"8":{"name":"SelectField","decl":{"start":{"line":85,"column":16},"end":{"line":85,"column":28}},"loc":{"start":{"line":91,"column":56},"end":{"line":102,"column":null}},"line":91},"9":{"name":"Notice","decl":{"start":{"line":104,"column":16},"end":{"line":104,"column":23}},"loc":{"start":{"line":104,"column":90},"end":{"line":110,"column":null}},"line":104},"10":{"name":"ErrorNotice","decl":{"start":{"line":113,"column":16},"end":{"line":113,"column":28}},"loc":{"start":{"line":113,"column":59},"end":{"line":116,"column":null}},"line":113}},"branchMap":{"0":{"loc":{"start":{"line":24,"column":4},"end":{"line":24,"column":null}},"type":"if","locations":[{"start":{"line":24,"column":4},"end":{"line":24,"column":null}},{"start":{},"end":{}}],"line":24},"1":{"loc":{"start":{"line":24,"column":8},"end":{"line":24,"column":38}},"type":"binary-expr","locations":[{"start":{"line":24,"column":8},"end":{"line":24,"column":18}},{"start":{"line":24,"column":18},"end":{"line":24,"column":38}}],"line":24},"2":{"loc":{"start":{"line":45,"column":17},"end":{"line":45,"column":null}},"type":"cond-expr","locations":[{"start":{"line":45,"column":42},"end":{"line":45,"column":58}},{"start":{"line":45,"column":58},"end":{"line":45,"column":null}}],"line":45},"3":{"loc":{"start":{"line":56,"column":22},"end":{"line":56,"column":null}},"type":"binary-expr","locations":[{"start":{"line":56,"column":22},"end":{"line":56,"column":98}},{"start":{"line":56,"column":98},"end":{"line":56,"column":null}}],"line":56},"4":{"loc":{"start":{"line":56,"column":23},"end":{"line":56,"column":45}},"type":"binary-expr","locations":[{"start":{"line":56,"column":23},"end":{"line":56,"column":31}},{"start":{"line":56,"column":31},"end":{"line":56,"column":45}}],"line":56},"5":{"loc":{"start":{"line":56,"column":45},"end":{"line":56,"column":67}},"type":"binary-expr","locations":[{"start":{"line":56,"column":45},"end":{"line":56,"column":54}},{"start":{"line":56,"column":54},"end":{"line":56,"column":67}}],"line":56},"6":{"loc":{"start":{"line":59,"column":7},"end":{"line":64,"column":null}},"type":"binary-expr","locations":[{"start":{"line":59,"column":7},"end":{"line":59,"column":null}},{"start":{"line":60,"column":8},"end":{"line":64,"column":null}}],"line":59},"7":{"loc":{"start":{"line":64,"column":7},"end":{"line":69,"column":null}},"type":"binary-expr","locations":[{"start":{"line":64,"column":7},"end":{"line":64,"column":null}},{"start":{"line":65,"column":8},"end":{"line":69,"column":null}}],"line":64},"8":{"loc":{"start":{"line":106,"column":44},"end":{"line":106,"column":null}},"type":"cond-expr","locations":[{"start":{"line":106,"column":63},"end":{"line":106,"column":73}},{"start":{"line":106,"column":73},"end":{"line":106,"column":null}}],"line":106},"9":{"loc":{"start":{"line":114,"column":2},"end":{"line":114,"column":null}},"type":"if","locations":[{"start":{"line":114,"column":2},"end":{"line":114,"column":null}},{"start":{},"end":{}}],"line":114},"10":{"loc":{"start":{"line":114,"column":6},"end":{"line":114,"column":56}},"type":"binary-expr","locations":[{"start":{"line":114,"column":6},"end":{"line":114,"column":16}},{"start":{"line":114,"column":16},"end":{"line":114,"column":56}}],"line":114}},"s":{"0":10,"1":499,"2":499,"3":499,"4":83,"5":74,"6":9,"7":9,"8":499,"9":28,"10":28,"11":28,"12":166,"13":166,"14":166,"15":166,"16":8,"17":166,"18":128,"19":166,"20":1097,"21":1097,"22":1097,"23":1097,"24":806,"25":806,"26":291,"27":291,"28":49,"29":567,"30":564,"31":3},"f":{"0":499,"1":83,"2":28,"3":166,"4":8,"5":128,"6":1097,"7":806,"8":291,"9":49,"10":567},"b":{"0":[74,9],"1":[83,10],"2":[161,5],"3":[1097,688],"4":[1097,404],"5":[1097,10],"6":[1097,404],"7":[1097,10],"8":[15,34],"9":[564,3],"10":[567,10]},"meta":{"lastBranch":11,"lastFunction":11,"lastStatement":32,"seen":{"s:13:29:13:Infinity":0,"f:16:16:16:21":0,"s:21:15:21:Infinity":1,"s:22:20:22:Infinity":2,"s:23:2:27:Infinity":3,"f:23:2:23:18":1,"b:24:4:24:Infinity:undefined:undefined:undefined:undefined":0,"s:24:4:24:Infinity":4,"b:24:8:24:18:24:18:24:38":1,"s:24:38:24:Infinity":5,"s:25:4:25:Infinity":6,"s:26:4:26:Infinity":7,"s:28:2:38:Infinity":8,"f:33:6:33:17":2,"s:34:8:34:Infinity":9,"s:35:8:35:Infinity":10,"s:36:8:36:Infinity":11,"f:43:16:43:31":3,"s:44:30:44:Infinity":12,"s:45:17:45:Infinity":13,"b:45:42:45:58:45:58:45:Infinity":2,"s:46:14:46:Infinity":14,"s:47:17:47:Infinity":15,"f:47:56:47:64":4,"s:47:72:47:86":16,"s:48:8:48:Infinity":17,"f:48:8:48:17":5,"s:48:35:48:Infinity":18,"s:49:2:49:Infinity":19,"f:54:9:54:22":6,"s:55:13:55:19":20,"s:56:22:56:Infinity":21,"b:56:22:56:98:56:98:56:Infinity":3,"b:56:23:56:31:56:31:56:45":4,"b:56:45:56:54:56:54:56:67":5,"s:58:4:69:Infinity":22,"b:59:7:59:Infinity:60:8:64:Infinity":6,"b:64:7:64:Infinity:65:8:69:Infinity":7,"s:71:2:71:Infinity":23,"f:74:16:74:22":7,"s:75:37:75:Infinity":24,"s:76:2:81:Infinity":25,"f:85:16:85:28":8,"s:92:37:92:Infinity":26,"s:93:2:100:Infinity":27,"f:104:16:104:23":9,"s:105:2:108:Infinity":28,"b:106:63:106:73:106:73:106:Infinity":8,"f:113:16:113:28":10,"b:114:2:114:Infinity:undefined:undefined:undefined:undefined":9,"s:114:2:114:Infinity":29,"b:114:6:114:16:114:16:114:56":10,"s:114:56:114:Infinity":30,"s:115:2:115:Infinity":31},"fnNames":{}}}
,"/Users/alvarogonzaleztabernero/dev/IFS-Tests/web/src/components/Page.tsx": {"path":"/Users/alvarogonzaleztabernero/dev/IFS-Tests/web/src/components/Page.tsx","statementMap":{"0":{"start":{"line":16,"column":13},"end":{"line":16,"column":null}},"1":{"start":{"line":17,"column":2},"end":{"line":20,"column":null}},"2":{"start":{"line":18,"column":4},"end":{"line":18,"column":null}},"3":{"start":{"line":19,"column":4},"end":{"line":19,"column":null}},"4":{"start":{"line":21,"column":2},"end":{"line":28,"column":null}},"5":{"start":{"line":33,"column":2},"end":{"line":40,"column":null}},"6":{"start":{"line":45,"column":2},"end":{"line":48,"column":null}},"7":{"start":{"line":54,"column":2},"end":{"line":64,"column":null}},"8":{"start":{"line":71,"column":18},"end":{"line":71,"column":null}},"9":{"start":{"line":71,"column":33},"end":{"line":71,"column":62}},"10":{"start":{"line":72,"column":2},"end":{"line":75,"column":null}},"11":{"start":{"line":73,"column":39},"end":{"line":73,"column":null}},"12":{"start":{"line":74,"column":4},"end":{"line":74,"column":null}},"13":{"start":{"line":74,"column":14},"end":{"line":74,"column":null}},"14":{"start":{"line":76,"column":2},"end":{"line":76,"column":null}}},"fnMap":{"0":{"name":"Page","decl":{"start":{"line":5,"column":16},"end":{"line":5,"column":21}},"loc":{"start":{"line":15,"column":3},"end":{"line":30,"column":null}},"line":15},"1":{"name":"(anonymous_1)","decl":{"start":{"line":17,"column":2},"end":{"line":17,"column":18}},"loc":{"start":{"line":17,"column":18},"end":{"line":20,"column":5}},"line":17},"2":{"name":"Shell","decl":{"start":{"line":32,"column":16},"end":{"line":32,"column":22}},"loc":{"start":{"line":32,"column":61},"end":{"line":42,"column":null}},"line":32},"3":{"name":"Brand","decl":{"start":{"line":44,"column":16},"end":{"line":44,"column":24}},"loc":{"start":{"line":44,"column":24},"end":{"line":50,"column":null}},"line":44},"4":{"name":"PublicPage","decl":{"start":{"line":53,"column":16},"end":{"line":53,"column":27}},"loc":{"start":{"line":53,"column":115},"end":{"line":66,"column":null}},"line":53},"5":{"name":"useFragmentToken","decl":{"start":{"line":70,"column":16},"end":{"line":70,"column":43}},"loc":{"start":{"line":70,"column":43},"end":{"line":77,"column":null}},"line":70},"6":{"name":"(anonymous_6)","decl":{"start":{"line":71,"column":18},"end":{"line":71,"column":33}},"loc":{"start":{"line":71,"column":33},"end":{"line":71,"column":62}},"line":71},"7":{"name":"(anonymous_7)","decl":{"start":{"line":72,"column":2},"end":{"line":72,"column":18}},"loc":{"start":{"line":72,"column":18},"end":{"line":75,"column":5}},"line":72}},"branchMap":{"0":{"loc":{"start":{"line":23,"column":7},"end":{"line":23,"column":null}},"type":"binary-expr","locations":[{"start":{"line":23,"column":7},"end":{"line":23,"column":18}},{"start":{"line":23,"column":18},"end":{"line":23,"column":null}}],"line":23},"1":{"loc":{"start":{"line":25,"column":9},"end":{"line":25,"column":null}},"type":"binary-expr","locations":[{"start":{"line":25,"column":9},"end":{"line":25,"column":20}},{"start":{"line":25,"column":20},"end":{"line":25,"column":null}}],"line":25},"2":{"loc":{"start":{"line":74,"column":4},"end":{"line":74,"column":null}},"type":"if","locations":[{"start":{"line":74,"column":4},"end":{"line":74,"column":null}},{"start":{},"end":{}}],"line":74}},"s":{"0":370,"1":370,"2":59,"3":59,"4":370,"5":369,"6":326,"7":277,"8":133,"9":7,"10":133,"11":7,"12":7,"13":7,"14":133},"f":{"0":370,"1":59,"2":369,"3":326,"4":277,"5":133,"6":7,"7":7},"b":{"0":[370,89],"1":[370,267],"2":[7,0]},"meta":{"lastBranch":3,"lastFunction":8,"lastStatement":15,"seen":{"f:5:16:5:21":0,"s:16:13:16:Infinity":0,"s:17:2:20:Infinity":1,"f:17:2:17:18":1,"s:18:4:18:Infinity":2,"s:19:4:19:Infinity":3,"s:21:2:28:Infinity":4,"b:23:7:23:18:23:18:23:Infinity":0,"b:25:9:25:20:25:20:25:Infinity":1,"f:32:16:32:22":2,"s:33:2:40:Infinity":5,"f:44:16:44:24":3,"s:45:2:48:Infinity":6,"f:53:16:53:27":4,"s:54:2:64:Infinity":7,"f:70:16:70:43":5,"s:71:18:71:Infinity":8,"f:71:18:71:33":6,"s:71:33:71:62":9,"s:72:2:75:Infinity":10,"f:72:2:72:18":7,"s:73:39:73:Infinity":11,"b:74:4:74:Infinity:undefined:undefined:undefined:undefined":2,"s:74:4:74:Infinity":12,"s:74:14:74:Infinity":13,"s:76:2:76:Infinity":14},"fnNames":{}}}
,"/Users/alvarogonzaleztabernero/dev/IFS-Tests/web/src/components/QuestionCard.tsx": {"path":"/Users/alvarogonzaleztabernero/dev/IFS-Tests/web/src/components/QuestionCard.tsx","statementMap":{"0":{"start":{"line":7,"column":38},"end":{"line":11,"column":null}},"1":{"start":{"line":14,"column":2},"end":{"line":16,"column":null}},"2":{"start":{"line":15,"column":4},"end":{"line":15,"column":null}},"3":{"start":{"line":17,"column":2},"end":{"line":17,"column":null}},"4":{"start":{"line":21,"column":2},"end":{"line":21,"column":null}},"5":{"start":{"line":25,"column":2},"end":{"line":36,"column":null}},"6":{"start":{"line":30,"column":8},"end":{"line":32,"column":null}},"7":{"start":{"line":41,"column":2},"end":{"line":41,"column":null}},"8":{"start":{"line":41,"column":33},"end":{"line":41,"column":null}},"9":{"start":{"line":42,"column":2},"end":{"line":42,"column":null}},"10":{"start":{"line":42,"column":34},"end":{"line":42,"column":null}},"11":{"start":{"line":43,"column":2},"end":{"line":48,"column":null}},"12":{"start":{"line":75,"column":30},"end":{"line":75,"column":null}},"13":{"start":{"line":76,"column":28},"end":{"line":76,"column":null}},"14":{"start":{"line":77,"column":32},"end":{"line":77,"column":49}},"15":{"start":{"line":78,"column":16},"end":{"line":78,"column":null}},"16":{"start":{"line":79,"column":15},"end":{"line":79,"column":null}},"17":{"start":{"line":80,"column":17},"end":{"line":80,"column":23}},"18":{"start":{"line":81,"column":15},"end":{"line":81,"column":null}},"19":{"start":{"line":82,"column":17},"end":{"line":82,"column":null}},"20":{"start":{"line":83,"column":19},"end":{"line":83,"column":null}},"21":{"start":{"line":84,"column":17},"end":{"line":84,"column":null}},"22":{"start":{"line":86,"column":2},"end":{"line":88,"column":null}},"23":{"start":{"line":87,"column":4},"end":{"line":87,"column":null}},"24":{"start":{"line":87,"column":18},"end":{"line":87,"column":null}},"25":{"start":{"line":89,"column":2},"end":{"line":91,"column":null}},"26":{"start":{"line":90,"column":4},"end":{"line":90,"column":null}},"27":{"start":{"line":90,"column":21},"end":{"line":90,"column":null}},"28":{"start":{"line":93,"column":15},"end":{"line":93,"column":null}},"29":{"start":{"line":94,"column":2},"end":{"line":98,"column":null}},"30":{"start":{"line":95,"column":4},"end":{"line":95,"column":null}},"31":{"start":{"line":95,"column":46},"end":{"line":95,"column":null}},"32":{"start":{"line":96,"column":4},"end":{"line":96,"column":null}},"33":{"start":{"line":97,"column":4},"end":{"line":97,"column":null}},"34":{"start":{"line":100,"column":8},"end":{"line":108,"column":null}},"35":{"start":{"line":101,"column":4},"end":{"line":101,"column":null}},"36":{"start":{"line":101,"column":25},"end":{"line":101,"column":null}},"37":{"start":{"line":102,"column":18},"end":{"line":102,"column":null}},"38":{"start":{"line":103,"column":4},"end":{"line":106,"column":null}},"39":{"start":{"line":104,"column":6},"end":{"line":104,"column":null}},"40":{"start":{"line":105,"column":6},"end":{"line":105,"column":null}},"41":{"start":{"line":107,"column":4},"end":{"line":107,"column":null}},"42":{"start":{"line":110,"column":8},"end":{"line":114,"column":null}},"43":{"start":{"line":111,"column":4},"end":{"line":111,"column":null}},"44":{"start":{"line":112,"column":4},"end":{"line":113,"column":null}},"45":{"start":{"line":112,"column":31},"end":{"line":112,"column":null}},"46":{"start":{"line":113,"column":9},"end":{"line":113,"column":null}},"47":{"start":{"line":113,"column":62},"end":{"line":113,"column":70}},"48":{"start":{"line":116,"column":2},"end":{"line":205,"column":null}},"49":{"start":{"line":124,"column":8},"end":{"line":126,"column":null}},"50":{"start":{"line":133,"column":28},"end":{"line":133,"column":null}},"51":{"start":{"line":134,"column":29},"end":{"line":134,"column":null}},"52":{"start":{"line":135,"column":28},"end":{"line":135,"column":null}},"53":{"start":{"line":136,"column":14},"end":{"line":149,"column":null}},"54":{"start":{"line":144,"column":36},"end":{"line":144,"column":null}},"55":{"start":{"line":168,"column":14},"end":{"line":168,"column":null}},"56":{"start":{"line":169,"column":14},"end":{"line":169,"column":null}},"57":{"start":{"line":191,"column":12},"end":{"line":199,"column":null}},"58":{"start":{"line":195,"column":16},"end":{"line":197,"column":null}}},"fnMap":{"0":{"name":"hint","decl":{"start":{"line":13,"column":9},"end":{"line":13,"column":14}},"loc":{"start":{"line":13,"column":51},"end":{"line":18,"column":null}},"line":13},"1":{"name":"minutes","decl":{"start":{"line":20,"column":9},"end":{"line":20,"column":17}},"loc":{"start":{"line":20,"column":42},"end":{"line":22,"column":null}},"line":20},"2":{"name":"QuestionMeta","decl":{"start":{"line":24,"column":16},"end":{"line":24,"column":29}},"loc":{"start":{"line":24,"column":103},"end":{"line":38,"column":null}},"line":24},"3":{"name":"(anonymous_3)","decl":{"start":{"line":29,"column":24},"end":{"line":29,"column":29}},"loc":{"start":{"line":30,"column":8},"end":{"line":32,"column":null}},"line":30},"4":{"name":"Result","decl":{"start":{"line":40,"column":9},"end":{"line":40,"column":16}},"loc":{"start":{"line":40,"column":54},"end":{"line":50,"column":null}},"line":40},"5":{"name":"QuestionCard","decl":{"start":{"line":53,"column":16},"end":{"line":53,"column":29}},"loc":{"start":{"line":74,"column":3},"end":{"line":207,"column":null}},"line":74},"6":{"name":"(anonymous_6)","decl":{"start":{"line":86,"column":2},"end":{"line":86,"column":18}},"loc":{"start":{"line":86,"column":18},"end":{"line":88,"column":5}},"line":86},"7":{"name":"(anonymous_7)","decl":{"start":{"line":89,"column":2},"end":{"line":89,"column":18}},"loc":{"start":{"line":89,"column":18},"end":{"line":91,"column":5}},"line":89},"8":{"name":"(anonymous_8)","decl":{"start":{"line":94,"column":2},"end":{"line":94,"column":18}},"loc":{"start":{"line":94,"column":18},"end":{"line":98,"column":5}},"line":94},"9":{"name":"(anonymous_9)","decl":{"start":{"line":100,"column":8},"end":{"line":100,"column":23}},"loc":{"start":{"line":100,"column":23},"end":{"line":108,"column":null}},"line":100},"10":{"name":"(anonymous_10)","decl":{"start":{"line":110,"column":8},"end":{"line":110,"column":18}},"loc":{"start":{"line":110,"column":33},"end":{"line":114,"column":null}},"line":110},"11":{"name":"(anonymous_11)","decl":{"start":{"line":113,"column":48},"end":{"line":113,"column":56}},"loc":{"start":{"line":113,"column":62},"end":{"line":113,"column":70}},"line":113},"12":{"name":"(anonymous_12)","decl":{"start":{"line":123,"column":23},"end":{"line":123,"column":28}},"loc":{"start":{"line":124,"column":8},"end":{"line":126,"column":null}},"line":124},"13":{"name":"(anonymous_13)","decl":{"start":{"line":132,"column":30},"end":{"line":132,"column":35}},"loc":{"start":{"line":132,"column":41},"end":{"line":151,"column":13}},"line":132},"14":{"name":"(anonymous_14)","decl":{"start":{"line":144,"column":20},"end":{"line":144,"column":36}},"loc":{"start":{"line":144,"column":36},"end":{"line":144,"column":null}},"line":144},"15":{"name":"(anonymous_15)","decl":{"start":{"line":167,"column":12},"end":{"line":167,"column":23}},"loc":{"start":{"line":167,"column":29},"end":{"line":170,"column":null}},"line":167},"16":{"name":"(anonymous_16)","decl":{"start":{"line":190,"column":30},"end":{"line":190,"column":35}},"loc":{"start":{"line":191,"column":12},"end":{"line":199,"column":null}},"line":191},"17":{"name":"(anonymous_17)","decl":{"start":{"line":194,"column":24},"end":{"line":194,"column":29}},"loc":{"start":{"line":195,"column":16},"end":{"line":197,"column":null}},"line":195}},"branchMap":{"0":{"loc":{"start":{"line":14,"column":2},"end":{"line":16,"column":null}},"type":"if","locations":[{"start":{"line":14,"column":2},"end":{"line":16,"column":null}},{"start":{},"end":{}}],"line":14},"1":{"loc":{"start":{"line":15,"column":14},"end":{"line":15,"column":36}},"type":"binary-expr","locations":[{"start":{"line":15,"column":14},"end":{"line":15,"column":26}},{"start":{"line":15,"column":26},"end":{"line":15,"column":36}}],"line":15},"2":{"loc":{"start":{"line":21,"column":9},"end":{"line":21,"column":null}},"type":"cond-expr","locations":[{"start":{"line":21,"column":24},"end":{"line":21,"column":78}},{"start":{"line":21,"column":78},"end":{"line":21,"column":null}}],"line":21},"3":{"loc":{"start":{"line":27,"column":31},"end":{"line":27,"column":75}},"type":"binary-expr","locations":[{"start":{"line":27,"column":31},"end":{"line":27,"column":55}},{"start":{"line":27,"column":55},"end":{"line":27,"column":75}}],"line":27},"4":{"loc":{"start":{"line":28,"column":7},"end":{"line":28,"column":null}},"type":"binary-expr","locations":[{"start":{"line":28,"column":7},"end":{"line":28,"column":25}},{"start":{"line":28,"column":25},"end":{"line":28,"column":null}}],"line":28},"5":{"loc":{"start":{"line":28,"column":56},"end":{"line":28,"column":103}},"type":"binary-expr","locations":[{"start":{"line":28,"column":56},"end":{"line":28,"column":82}},{"start":{"line":28,"column":82},"end":{"line":28,"column":103}}],"line":28},"6":{"loc":{"start":{"line":34,"column":7},"end":{"line":34,"column":null}},"type":"binary-expr","locations":[{"start":{"line":34,"column":7},"end":{"line":34,"column":26}},{"start":{"line":34,"column":26},"end":{"line":34,"column":null}}],"line":34},"7":{"loc":{"start":{"line":41,"column":2},"end":{"line":41,"column":null}},"type":"if","locations":[{"start":{"line":41,"column":2},"end":{"line":41,"column":null}},{"start":{},"end":{}}],"line":41},"8":{"loc":{"start":{"line":42,"column":2},"end":{"line":42,"column":null}},"type":"if","locations":[{"start":{"line":42,"column":2},"end":{"line":42,"column":null}},{"start":{},"end":{}}],"line":42},"9":{"loc":{"start":{"line":45,"column":7},"end":{"line":47,"column":null}},"type":"cond-expr","locations":[{"start":{"line":46,"column":10},"end":{"line":46,"column":null}},{"start":{"line":47,"column":10},"end":{"line":47,"column":null}}],"line":45},"10":{"loc":{"start":{"line":84,"column":17},"end":{"line":84,"column":null}},"type":"binary-expr","locations":[{"start":{"line":84,"column":17},"end":{"line":84,"column":29}},{"start":{"line":84,"column":29},"end":{"line":84,"column":null}}],"line":84},"11":{"loc":{"start":{"line":87,"column":4},"end":{"line":87,"column":null}},"type":"if","locations":[{"start":{"line":87,"column":4},"end":{"line":87,"column":null}},{"start":{},"end":{}}],"line":87},"12":{"loc":{"start":{"line":90,"column":4},"end":{"line":90,"column":null}},"type":"if","locations":[{"start":{"line":90,"column":4},"end":{"line":90,"column":null}},{"start":{},"end":{}}],"line":90},"13":{"loc":{"start":{"line":95,"column":4},"end":{"line":95,"column":null}},"type":"if","locations":[{"start":{"line":95,"column":4},"end":{"line":95,"column":null}},{"start":{},"end":{}}],"line":95},"14":{"loc":{"start":{"line":95,"column":8},"end":{"line":95,"column":46}},"type":"binary-expr","locations":[{"start":{"line":95,"column":8},"end":{"line":95,"column":20}},{"start":{"line":95,"column":20},"end":{"line":95,"column":32}},{"start":{"line":95,"column":32},"end":{"line":95,"column":46}}],"line":95},"15":{"loc":{"start":{"line":97,"column":13},"end":{"line":97,"column":76}},"type":"cond-expr","locations":[{"start":{"line":97,"column":22},"end":{"line":97,"column":44}},{"start":{"line":97,"column":44},"end":{"line":97,"column":76}}],"line":97},"16":{"loc":{"start":{"line":97,"column":44},"end":{"line":97,"column":76}},"type":"cond-expr","locations":[{"start":{"line":97,"column":62},"end":{"line":97,"column":67}},{"start":{"line":97,"column":67},"end":{"line":97,"column":76}}],"line":97},"17":{"loc":{"start":{"line":101,"column":4},"end":{"line":101,"column":null}},"type":"if","locations":[{"start":{"line":101,"column":4},"end":{"line":101,"column":null}},{"start":{},"end":{}}],"line":101},"18":{"loc":{"start":{"line":102,"column":18},"end":{"line":102,"column":null}},"type":"cond-expr","locations":[{"start":{"line":102,"column":27},"end":{"line":102,"column":49}},{"start":{"line":102,"column":49},"end":{"line":102,"column":null}}],"line":102},"19":{"loc":{"start":{"line":103,"column":4},"end":{"line":106,"column":null}},"type":"if","locations":[{"start":{"line":103,"column":4},"end":{"line":106,"column":null}},{"start":{},"end":{}}],"line":103},"20":{"loc":{"start":{"line":103,"column":8},"end":{"line":103,"column":47}},"type":"binary-expr","locations":[{"start":{"line":103,"column":8},"end":{"line":103,"column":18}},{"start":{"line":103,"column":18},"end":{"line":103,"column":37}},{"start":{"line":103,"column":37},"end":{"line":103,"column":47}}],"line":103},"21":{"loc":{"start":{"line":104,"column":17},"end":{"line":104,"column":77}},"type":"cond-expr","locations":[{"start":{"line":104,"column":26},"end":{"line":104,"column":52}},{"start":{"line":104,"column":52},"end":{"line":104,"column":77}}],"line":104},"22":{"loc":{"start":{"line":107,"column":13},"end":{"line":107,"column":53}},"type":"cond-expr","locations":[{"start":{"line":107,"column":22},"end":{"line":107,"column":44}},{"start":{"line":107,"column":44},"end":{"line":107,"column":53}}],"line":107},"23":{"loc":{"start":{"line":112,"column":4},"end":{"line":113,"column":null}},"type":"if","locations":[{"start":{"line":112,"column":4},"end":{"line":113,"column":null}},{"start":{"line":113,"column":9},"end":{"line":113,"column":null}}],"line":112},"24":{"loc":{"start":{"line":113,"column":19},"end":{"line":113,"column":89}},"type":"cond-expr","locations":[{"start":{"line":113,"column":41},"end":{"line":113,"column":74}},{"start":{"line":113,"column":74},"end":{"line":113,"column":89}}],"line":113},"25":{"loc":{"start":{"line":118,"column":7},"end":{"line":118,"column":null}},"type":"binary-expr","locations":[{"start":{"line":118,"column":7},"end":{"line":118,"column":16}},{"start":{"line":118,"column":16},"end":{"line":118,"column":29}},{"start":{"line":118,"column":29},"end":{"line":118,"column":null}}],"line":118},"26":{"loc":{"start":{"line":129,"column":9},"end":{"line":157,"column":null}},"type":"binary-expr","locations":[{"start":{"line":129,"column":9},"end":{"line":129,"column":null}},{"start":{"line":130,"column":10},"end":{"line":157,"column":null}}],"line":129},"27":{"loc":{"start":{"line":130,"column":58},"end":{"line":130,"column":null}},"type":"cond-expr","locations":[{"start":{"line":130,"column":68},"end":{"line":130,"column":90}},{"start":{"line":130,"column":90},"end":{"line":130,"column":null}}],"line":130},"28":{"loc":{"start":{"line":131,"column":21},"end":{"line":131,"column":107}},"type":"cond-expr","locations":[{"start":{"line":131,"column":46},"end":{"line":131,"column":85}},{"start":{"line":131,"column":85},"end":{"line":131,"column":107}}],"line":131},"29":{"loc":{"start":{"line":135,"column":28},"end":{"line":135,"column":null}},"type":"cond-expr","locations":[{"start":{"line":135,"column":40},"end":{"line":135,"column":45}},{"start":{"line":135,"column":45},"end":{"line":135,"column":null}}],"line":135},"30":{"loc":{"start":{"line":135,"column":45},"end":{"line":135,"column":null}},"type":"cond-expr","locations":[{"start":{"line":135,"column":53},"end":{"line":135,"column":63}},{"start":{"line":135,"column":63},"end":{"line":135,"column":null}}],"line":135},"31":{"loc":{"start":{"line":135,"column":63},"end":{"line":135,"column":null}},"type":"cond-expr","locations":[{"start":{"line":135,"column":72},"end":{"line":135,"column":82}},{"start":{"line":135,"column":82},"end":{"line":135,"column":null}}],"line":135},"32":{"loc":{"start":{"line":139,"column":26},"end":{"line":139,"column":null}},"type":"cond-expr","locations":[{"start":{"line":139,"column":50},"end":{"line":139,"column":60}},{"start":{"line":139,"column":60},"end":{"line":139,"column":null}}],"line":139},"33":{"loc":{"start":{"line":147,"column":19},"end":{"line":147,"column":null}},"type":"binary-expr","locations":[{"start":{"line":147,"column":19},"end":{"line":147,"column":40}},{"start":{"line":147,"column":40},"end":{"line":147,"column":null}}],"line":147},"34":{"loc":{"start":{"line":148,"column":19},"end":{"line":148,"column":null}},"type":"binary-expr","locations":[{"start":{"line":148,"column":19},"end":{"line":148,"column":40}},{"start":{"line":148,"column":40},"end":{"line":148,"column":null}}],"line":148},"35":{"loc":{"start":{"line":152,"column":13},"end":{"line":155,"column":null}},"type":"binary-expr","locations":[{"start":{"line":152,"column":13},"end":{"line":152,"column":null}},{"start":{"line":153,"column":14},"end":{"line":155,"column":null}}],"line":152},"36":{"loc":{"start":{"line":159,"column":9},"end":{"line":173,"column":null}},"type":"binary-expr","locations":[{"start":{"line":159,"column":9},"end":{"line":159,"column":20}},{"start":{"line":159,"column":20},"end":{"line":159,"column":null}},{"start":{"line":160,"column":10},"end":{"line":173,"column":null}}],"line":159},"37":{"loc":{"start":{"line":162,"column":23},"end":{"line":162,"column":null}},"type":"cond-expr","locations":[{"start":{"line":162,"column":41},"end":{"line":162,"column":50}},{"start":{"line":162,"column":50},"end":{"line":162,"column":null}}],"line":162},"38":{"loc":{"start":{"line":175,"column":9},"end":{"line":175,"column":null}},"type":"binary-expr","locations":[{"start":{"line":175,"column":9},"end":{"line":175,"column":20}},{"start":{"line":175,"column":20},"end":{"line":175,"column":33}},{"start":{"line":175,"column":33},"end":{"line":175,"column":null}}],"line":175},"39":{"loc":{"start":{"line":176,"column":9},"end":{"line":179,"column":null}},"type":"binary-expr","locations":[{"start":{"line":176,"column":9},"end":{"line":176,"column":22}},{"start":{"line":176,"column":22},"end":{"line":176,"column":null}},{"start":{"line":177,"column":10},"end":{"line":179,"column":null}}],"line":176},"40":{"loc":{"start":{"line":178,"column":13},"end":{"line":178,"column":null}},"type":"cond-expr","locations":[{"start":{"line":178,"column":31},"end":{"line":178,"column":60}},{"start":{"line":178,"column":60},"end":{"line":178,"column":null}}],"line":178},"41":{"loc":{"start":{"line":182,"column":7},"end":{"line":203,"column":null}},"type":"binary-expr","locations":[{"start":{"line":182,"column":7},"end":{"line":182,"column":null}},{"start":{"line":183,"column":8},"end":{"line":203,"column":null}}],"line":182},"42":{"loc":{"start":{"line":185,"column":11},"end":{"line":188,"column":null}},"type":"binary-expr","locations":[{"start":{"line":185,"column":11},"end":{"line":185,"column":32}},{"start":{"line":185,"column":32},"end":{"line":185,"column":null}},{"start":{"line":186,"column":12},"end":{"line":188,"column":null}}],"line":185},"43":{"loc":{"start":{"line":193,"column":15},"end":{"line":193,"column":null}},"type":"binary-expr","locations":[{"start":{"line":193,"column":15},"end":{"line":193,"column":25}},{"start":{"line":193,"column":25},"end":{"line":193,"column":null}}],"line":193}},"s":{"0":9,"1":25,"2":14,"3":11,"4":49,"5":49,"6":29,"7":11,"8":6,"9":5,"10":4,"11":1,"12":49,"13":49,"14":49,"15":49,"16":49,"17":49,"18":49,"19":49,"20":49,"21":49,"22":49,"23":26,"24":11,"25":49,"26":20,"27":2,"28":49,"29":49,"30":48,"31":47,"32":1,"33":1,"34":49,"35":8,"36":1,"37":7,"38":8,"39":1,"40":1,"41":6,"42":49,"43":3,"44":3,"45":3,"46":0,"47":0,"48":49,"49":0,"50":44,"51":44,"52":44,"53":44,"54":3,"55":17,"56":17,"57":1,"58":1},"f":{"0":25,"1":49,"2":49,"3":29,"4":11,"5":49,"6":26,"7":20,"8":48,"9":8,"10":3,"11":0,"12":0,"13":44,"14":3,"15":17,"16":1,"17":1},"b":{"0":[14,11],"1":[14,0],"2":[0,49],"3":[49,0],"4":[49,29],"5":[29,0],"6":[49,49],"7":[6,5],"8":[4,1],"9":[1,0],"10":[49,38],"11":[11,15],"12":[2,18],"13":[47,1],"14":[48,3,2],"15":[1,0],"16":[0,0],"17":[1,7],"18":[4,3],"19":[1,7],"20":[8,1,0],"21":[1,0],"22":[3,3],"23":[3,0],"24":[0,0],"25":[49,15,13],"26":[49,22],"27":[1,21],"28":[0,22],"29":[34,10],"30":[5,5],"31":[2,3],"32":[44,0],"33":[44,5],"34":[44,2],"35":[22,1],"36":[49,27,25],"37":[0,25],"38":[49,3,2],"39":[49,38,36],"40":[1,35],"41":[49,11],"42":[11,11,6],"43":[1,1]},"meta":{"lastBranch":44,"lastFunction":18,"lastStatement":59,"seen":{"s:7:38:11:Infinity":0,"f:13:9:13:14":0,"b:14:2:16:Infinity:undefined:undefined:undefined:undefined":0,"s:14:2:16:Infinity":1,"s:15:4:15:Infinity":2,"b:15:14:15:26:15:26:15:36":1,"s:17:2:17:Infinity":3,"f:20:9:20:17":1,"s:21:2:21:Infinity":4,"b:21:24:21:78:21:78:21:Infinity":2,"f:24:16:24:29":2,"s:25:2:36:Infinity":5,"b:27:31:27:55:27:55:27:75":3,"b:28:7:28:25:28:25:28:Infinity":4,"b:28:56:28:82:28:82:28:103":5,"f:29:24:29:29":3,"s:30:8:32:Infinity":6,"b:34:7:34:26:34:26:34:Infinity":6,"f:40:9:40:16":4,"b:41:2:41:Infinity:undefined:undefined:undefined:undefined":7,"s:41:2:41:Infinity":7,"s:41:33:41:Infinity":8,"b:42:2:42:Infinity:undefined:undefined:undefined:undefined":8,"s:42:2:42:Infinity":9,"s:42:34:42:Infinity":10,"s:43:2:48:Infinity":11,"b:46:10:46:Infinity:47:10:47:Infinity":9,"f:53:16:53:29":5,"s:75:30:75:Infinity":12,"s:76:28:76:Infinity":13,"s:77:32:77:49":14,"s:78:16:78:Infinity":15,"s:79:15:79:Infinity":16,"s:80:17:80:23":17,"s:81:15:81:Infinity":18,"s:82:17:82:Infinity":19,"s:83:19:83:Infinity":20,"s:84:17:84:Infinity":21,"b:84:17:84:29:84:29:84:Infinity":10,"s:86:2:88:Infinity":22,"f:86:2:86:18":6,"b:87:4:87:Infinity:undefined:undefined:undefined:undefined":11,"s:87:4:87:Infinity":23,"s:87:18:87:Infinity":24,"s:89:2:91:Infinity":25,"f:89:2:89:18":7,"b:90:4:90:Infinity:undefined:undefined:undefined:undefined":12,"s:90:4:90:Infinity":26,"s:90:21:90:Infinity":27,"s:93:15:93:Infinity":28,"s:94:2:98:Infinity":29,"f:94:2:94:18":8,"b:95:4:95:Infinity:undefined:undefined:undefined:undefined":13,"s:95:4:95:Infinity":30,"b:95:8:95:20:95:20:95:32:95:32:95:46":14,"s:95:46:95:Infinity":31,"s:96:4:96:Infinity":32,"s:97:4:97:Infinity":33,"b:97:22:97:44:97:44:97:76":15,"b:97:62:97:67:97:67:97:76":16,"s:100:8:108:Infinity":34,"f:100:8:100:23":9,"b:101:4:101:Infinity:undefined:undefined:undefined:undefined":17,"s:101:4:101:Infinity":35,"s:101:25:101:Infinity":36,"s:102:18:102:Infinity":37,"b:102:27:102:49:102:49:102:Infinity":18,"b:103:4:106:Infinity:undefined:undefined:undefined:undefined":19,"s:103:4:106:Infinity":38,"b:103:8:103:18:103:18:103:37:103:37:103:47":20,"s:104:6:104:Infinity":39,"b:104:26:104:52:104:52:104:77":21,"s:105:6:105:Infinity":40,"s:107:4:107:Infinity":41,"b:107:22:107:44:107:44:107:53":22,"s:110:8:114:Infinity":42,"f:110:8:110:18":10,"s:111:4:111:Infinity":43,"b:112:4:113:Infinity:113:9:113:Infinity":23,"s:112:4:113:Infinity":44,"s:112:31:112:Infinity":45,"s:113:9:113:Infinity":46,"b:113:41:113:74:113:74:113:89":24,"f:113:48:113:56":11,"s:113:62:113:70":47,"s:116:2:205:Infinity":48,"b:118:7:118:16:118:16:118:29:118:29:118:Infinity":25,"f:123:23:123:28":12,"s:124:8:126:Infinity":49,"b:129:9:129:Infinity:130:10:157:Infinity":26,"b:130:68:130:90:130:90:130:Infinity":27,"b:131:46:131:85:131:85:131:107":28,"f:132:30:132:35":13,"s:133:28:133:Infinity":50,"s:134:29:134:Infinity":51,"s:135:28:135:Infinity":52,"b:135:40:135:45:135:45:135:Infinity":29,"b:135:53:135:63:135:63:135:Infinity":30,"b:135:72:135:82:135:82:135:Infinity":31,"s:136:14:149:Infinity":53,"b:139:50:139:60:139:60:139:Infinity":32,"f:144:20:144:36":14,"s:144:36:144:Infinity":54,"b:147:19:147:40:147:40:147:Infinity":33,"b:148:19:148:40:148:40:148:Infinity":34,"b:152:13:152:Infinity:153:14:155:Infinity":35,"b:159:9:159:20:159:20:159:Infinity:160:10:173:Infinity":36,"b:162:41:162:50:162:50:162:Infinity":37,"f:167:12:167:23":15,"s:168:14:168:Infinity":55,"s:169:14:169:Infinity":56,"b:175:9:175:20:175:20:175:33:175:33:175:Infinity":38,"b:176:9:176:22:176:22:176:Infinity:177:10:179:Infinity":39,"b:178:31:178:60:178:60:178:Infinity":40,"b:182:7:182:Infinity:183:8:203:Infinity":41,"b:185:11:185:32:185:32:185:Infinity:186:12:188:Infinity":42,"f:190:30:190:35":16,"s:191:12:199:Infinity":57,"b:193:15:193:25:193:25:193:Infinity":43,"f:194:24:194:29":17,"s:195:16:197:Infinity":58},"fnNames":{}}}
,"/Users/alvarogonzaleztabernero/dev/IFS-Tests/web/src/components/ReportProblem.tsx": {"path":"/Users/alvarogonzaleztabernero/dev/IFS-Tests/web/src/components/ReportProblem.tsx","statementMap":{"0":{"start":{"line":8,"column":26},"end":{"line":8,"column":null}},"1":{"start":{"line":9,"column":32},"end":{"line":9,"column":null}},"2":{"start":{"line":10,"column":13},"end":{"line":10,"column":19}},"3":{"start":{"line":11,"column":15},"end":{"line":11,"column":null}},"4":{"start":{"line":13,"column":2},"end":{"line":13,"column":null}},"5":{"start":{"line":13,"column":22},"end":{"line":13,"column":null}},"6":{"start":{"line":14,"column":2},"end":{"line":22,"column":null}},"7":{"start":{"line":15,"column":4},"end":{"line":20,"column":null}},"8":{"start":{"line":17,"column":69},"end":{"line":17,"column":84}},"9":{"start":{"line":23,"column":2},"end":{"line":51,"column":null}},"10":{"start":{"line":25,"column":22},"end":{"line":25,"column":null}},"11":{"start":{"line":35,"column":27},"end":{"line":35,"column":null}},"12":{"start":{"line":47,"column":67},"end":{"line":47,"column":83}}},"fnMap":{"0":{"name":"ReportProblem","decl":{"start":{"line":7,"column":16},"end":{"line":7,"column":30}},"loc":{"start":{"line":7,"column":70},"end":{"line":53,"column":null}},"line":7},"1":{"name":"(anonymous_1)","decl":{"start":{"line":17,"column":54},"end":{"line":17,"column":69}},"loc":{"start":{"line":17,"column":69},"end":{"line":17,"column":84}},"line":17},"2":{"name":"(anonymous_2)","decl":{"start":{"line":25,"column":6},"end":{"line":25,"column":22}},"loc":{"start":{"line":25,"column":22},"end":{"line":25,"column":null}},"line":25},"3":{"name":"(anonymous_3)","decl":{"start":{"line":35,"column":10},"end":{"line":35,"column":21}},"loc":{"start":{"line":35,"column":27},"end":{"line":35,"column":null}},"line":35},"4":{"name":"(anonymous_4)","decl":{"start":{"line":47,"column":52},"end":{"line":47,"column":67}},"loc":{"start":{"line":47,"column":67},"end":{"line":47,"column":83}},"line":47}},"branchMap":{"0":{"loc":{"start":{"line":13,"column":2},"end":{"line":13,"column":null}},"type":"if","locations":[{"start":{"line":13,"column":2},"end":{"line":13,"column":null}},{"start":{},"end":{}}],"line":13},"1":{"loc":{"start":{"line":14,"column":2},"end":{"line":22,"column":null}},"type":"if","locations":[{"start":{"line":14,"column":2},"end":{"line":22,"column":null}},{"start":{},"end":{}}],"line":14},"2":{"loc":{"start":{"line":44,"column":40},"end":{"line":44,"column":85}},"type":"binary-expr","locations":[{"start":{"line":44,"column":40},"end":{"line":44,"column":58}},{"start":{"line":44,"column":58},"end":{"line":44,"column":85}}],"line":44}},"s":{"0":34,"1":34,"2":34,"3":34,"4":34,"5":1,"6":33,"7":11,"8":1,"9":22,"10":1,"11":21,"12":0},"f":{"0":34,"1":1,"2":1,"3":21,"4":0},"b":{"0":[1,33],"1":[11,22],"2":[22,22]},"meta":{"lastBranch":3,"lastFunction":5,"lastStatement":13,"seen":{"f:7:16:7:30":0,"s:8:26:8:Infinity":0,"s:9:32:9:Infinity":1,"s:10:13:10:19":2,"s:11:15:11:Infinity":3,"b:13:2:13:Infinity:undefined:undefined:undefined:undefined":0,"s:13:2:13:Infinity":4,"s:13:22:13:Infinity":5,"b:14:2:22:Infinity:undefined:undefined:undefined:undefined":1,"s:14:2:22:Infinity":6,"s:15:4:20:Infinity":7,"f:17:54:17:69":1,"s:17:69:17:84":8,"s:23:2:51:Infinity":9,"f:25:6:25:22":2,"s:25:22:25:Infinity":10,"f:35:10:35:21":3,"s:35:27:35:Infinity":11,"b:44:40:44:58:44:58:44:85":2,"f:47:52:47:67":4,"s:47:67:47:83":12},"fnNames":{}}}
,"/Users/alvarogonzaleztabernero/dev/IFS-Tests/web/src/lib/api.ts": {"path":"/Users/alvarogonzaleztabernero/dev/IFS-Tests/web/src/lib/api.ts","statementMap":{"0":{"start":{"line":7,"column":0},"end":{"line":12,"column":null}},"1":{"start":{"line":14,"column":27},"end":{"line":16,"column":null}},"2":{"start":{"line":18,"column":22},"end":{"line":18,"column":null}},"3":{"start":{"line":22,"column":19},"end":{"line":22,"column":null}},"4":{"start":{"line":23,"column":0},"end":{"line":30,"column":null}},"5":{"start":{"line":24,"column":15},"end":{"line":24,"column":null}},"6":{"start":{"line":25,"column":2},"end":{"line":28,"column":null}},"7":{"start":{"line":26,"column":4},"end":{"line":26,"column":null}},"8":{"start":{"line":27,"column":4},"end":{"line":27,"column":null}},"9":{"start":{"line":29,"column":2},"end":{"line":29,"column":null}},"10":{"start":{"line":33,"column":16},"end":{"line":33,"column":null}},"11":{"start":{"line":34,"column":2},"end":{"line":34,"column":null}},"12":{"start":{"line":35,"column":2},"end":{"line":35,"column":null}},"13":{"start":{"line":39,"column":29},"end":{"line":39,"column":null}},"14":{"start":{"line":40,"column":2},"end":{"line":40,"column":null}},"15":{"start":{"line":40,"column":32},"end":{"line":40,"column":null}},"16":{"start":{"line":41,"column":2},"end":{"line":41,"column":null}},"17":{"start":{"line":41,"column":30},"end":{"line":41,"column":null}},"18":{"start":{"line":42,"column":2},"end":{"line":42,"column":null}},"19":{"start":{"line":47,"column":2},"end":{"line":47,"column":null}},"20":{"start":{"line":51,"column":2},"end":{"line":52,"column":null}},"21":{"start":{"line":56,"column":2},"end":{"line":56,"column":null}},"22":{"start":{"line":63,"column":18},"end":{"line":63,"column":null}},"23":{"start":{"line":64,"column":2},"end":{"line":64,"column":null}},"24":{"start":{"line":64,"column":34},"end":{"line":64,"column":null}},"25":{"start":{"line":65,"column":2},"end":{"line":65,"column":null}},"26":{"start":{"line":65,"column":47},"end":{"line":65,"column":null}},"27":{"start":{"line":66,"column":2},"end":{"line":66,"column":null}},"28":{"start":{"line":66,"column":30},"end":{"line":66,"column":null}},"29":{"start":{"line":67,"column":2},"end":{"line":67,"column":null}},"30":{"start":{"line":72,"column":2},"end":{"line":72,"column":null}}},"fnMap":{"0":{"name":"(anonymous_0)","decl":{"start":{"line":23,"column":29},"end":{"line":23,"column":34}},"loc":{"start":{"line":23,"column":56},"end":{"line":30,"column":1}},"line":23},"1":{"name":"consumeSessionEnded","decl":{"start":{"line":32,"column":16},"end":{"line":32,"column":47}},"loc":{"start":{"line":32,"column":47},"end":{"line":36,"column":null}},"line":32},"2":{"name":"fetchMe","decl":{"start":{"line":38,"column":15},"end":{"line":38,"column":45}},"loc":{"start":{"line":38,"column":45},"end":{"line":43,"column":null}},"line":38},"3":{"name":"useMe","decl":{"start":{"line":46,"column":16},"end":{"line":46,"column":24}},"loc":{"start":{"line":46,"column":24},"end":{"line":48,"column":null}},"line":46},"4":{"name":"sessionWorks","decl":{"start":{"line":55,"column":22},"end":{"line":55,"column":55}},"loc":{"start":{"line":55,"column":55},"end":{"line":57,"column":null}},"line":55},"5":{"name":"errorMessage","decl":{"start":{"line":62,"column":16},"end":{"line":62,"column":29}},"loc":{"start":{"line":62,"column":53},"end":{"line":68,"column":null}},"line":62},"6":{"name":"fieldErrors","decl":{"start":{"line":71,"column":16},"end":{"line":71,"column":28}},"loc":{"start":{"line":71,"column":68},"end":{"line":73,"column":null}},"line":71}},"branchMap":{"0":{"loc":{"start":{"line":25,"column":2},"end":{"line":28,"column":null}},"type":"if","locations":[{"start":{"line":25,"column":2},"end":{"line":28,"column":null}},{"start":{},"end":{}}],"line":25},"1":{"loc":{"start":{"line":25,"column":6},"end":{"line":25,"column":95}},"type":"binary-expr","locations":[{"start":{"line":25,"column":6},"end":{"line":25,"column":33}},{"start":{"line":25,"column":33},"end":{"line":25,"column":61}},{"start":{"line":25,"column":61},"end":{"line":25,"column":95}}],"line":25},"2":{"loc":{"start":{"line":40,"column":2},"end":{"line":40,"column":null}},"type":"if","locations":[{"start":{"line":40,"column":2},"end":{"line":40,"column":null}},{"start":{},"end":{}}],"line":40},"3":{"loc":{"start":{"line":41,"column":2},"end":{"line":41,"column":null}},"type":"if","locations":[{"start":{"line":41,"column":2},"end":{"line":41,"column":null}},{"start":{},"end":{}}],"line":41},"4":{"loc":{"start":{"line":41,"column":6},"end":{"line":41,"column":30}},"type":"binary-expr","locations":[{"start":{"line":41,"column":6},"end":{"line":41,"column":23}},{"start":{"line":41,"column":23},"end":{"line":41,"column":30}}],"line":41},"5":{"loc":{"start":{"line":64,"column":2},"end":{"line":64,"column":null}},"type":"if","locations":[{"start":{"line":64,"column":2},"end":{"line":64,"column":null}},{"start":{},"end":{}}],"line":64},"6":{"loc":{"start":{"line":65,"column":2},"end":{"line":65,"column":null}},"type":"if","locations":[{"start":{"line":65,"column":2},"end":{"line":65,"column":null}},{"start":{},"end":{}}],"line":65},"7":{"loc":{"start":{"line":65,"column":6},"end":{"line":65,"column":47}},"type":"binary-expr","locations":[{"start":{"line":65,"column":6},"end":{"line":65,"column":31}},{"start":{"line":65,"column":31},"end":{"line":65,"column":47}}],"line":65},"8":{"loc":{"start":{"line":66,"column":2},"end":{"line":66,"column":null}},"type":"if","locations":[{"start":{"line":66,"column":2},"end":{"line":66,"column":null}},{"start":{},"end":{}}],"line":66},"9":{"loc":{"start":{"line":72,"column":10},"end":{"line":72,"column":null}},"type":"binary-expr","locations":[{"start":{"line":72,"column":10},"end":{"line":72,"column":47}},{"start":{"line":72,"column":47},"end":{"line":72,"column":null}}],"line":72}},"s":{"0":10,"1":10,"2":10,"3":10,"4":10,"5":188,"6":188,"7":1,"8":1,"9":188,"10":2,"11":2,"12":2,"13":51,"14":51,"15":6,"16":45,"17":2,"18":43,"19":267,"20":10,"21":3,"22":11,"23":11,"24":7,"25":4,"26":1,"27":3,"28":1,"29":2,"30":211},"f":{"0":188,"1":2,"2":51,"3":267,"4":3,"5":11,"6":211},"b":{"0":[1,187],"1":[188,8,7],"2":[6,45],"3":[2,43],"4":[45,43],"5":[7,4],"6":[1,3],"7":[4,2],"8":[1,2],"9":[211,195]},"meta":{"lastBranch":10,"lastFunction":7,"lastStatement":31,"seen":{"s:7:0:12:Infinity":0,"s:14:27:16:Infinity":1,"s:18:22:18:Infinity":2,"s:22:19:22:Infinity":3,"s:23:0:30:Infinity":4,"f:23:29:23:34":0,"s:24:15:24:Infinity":5,"b:25:2:28:Infinity:undefined:undefined:undefined:undefined":0,"s:25:2:28:Infinity":6,"b:25:6:25:33:25:33:25:61:25:61:25:95":1,"s:26:4:26:Infinity":7,"s:27:4:27:Infinity":8,"s:29:2:29:Infinity":9,"f:32:16:32:47":1,"s:33:16:33:Infinity":10,"s:34:2:34:Infinity":11,"s:35:2:35:Infinity":12,"f:38:15:38:45":2,"s:39:29:39:Infinity":13,"b:40:2:40:Infinity:undefined:undefined:undefined:undefined":2,"s:40:2:40:Infinity":14,"s:40:32:40:Infinity":15,"b:41:2:41:Infinity:undefined:undefined:undefined:undefined":3,"s:41:2:41:Infinity":16,"b:41:6:41:23:41:23:41:30":4,"s:41:30:41:Infinity":17,"s:42:2:42:Infinity":18,"f:46:16:46:24":3,"s:47:2:47:Infinity":19,"s:51:2:52:Infinity":20,"f:55:22:55:55":4,"s:56:2:56:Infinity":21,"f:62:16:62:29":5,"s:63:18:63:Infinity":22,"b:64:2:64:Infinity:undefined:undefined:undefined:undefined":5,"s:64:2:64:Infinity":23,"s:64:34:64:Infinity":24,"b:65:2:65:Infinity:undefined:undefined:undefined:undefined":6,"s:65:2:65:Infinity":25,"b:65:6:65:31:65:31:65:47":7,"s:65:47:65:Infinity":26,"b:66:2:66:Infinity:undefined:undefined:undefined:undefined":8,"s:66:2:66:Infinity":27,"s:66:30:66:Infinity":28,"s:67:2:67:Infinity":29,"f:71:16:71:28":6,"s:72:2:72:Infinity":30,"b:72:10:72:47:72:47:72:Infinity":9},"fnNames":{}}}
,"/Users/alvarogonzaleztabernero/dev/IFS-Tests/web/src/lib/areas.ts": {"path":"/Users/alvarogonzaleztabernero/dev/IFS-Tests/web/src/lib/areas.ts","statementMap":{"0":{"start":{"line":2,"column":45},"end":{"line":7,"column":null}},"1":{"start":{"line":9,"column":46},"end":{"line":18,"column":null}}},"fnMap":{},"branchMap":{},"s":{"0":9,"1":9},"f":{},"b":{},"meta":{"lastBranch":0,"lastFunction":0,"lastStatement":2,"seen":{"s:2:45:7:Infinity":0,"s:9:46:18:Infinity":1},"fnNames":{}}}
,"/Users/alvarogonzaleztabernero/dev/IFS-Tests/web/src/routes/Admin.tsx": {"path":"/Users/alvarogonzaleztabernero/dev/IFS-Tests/web/src/routes/Admin.tsx","statementMap":{"0":{"start":{"line":23,"column":6},"end":{"line":26,"column":null}},"1":{"start":{"line":24,"column":2},"end":{"line":26,"column":null}},"2":{"start":{"line":30,"column":2},"end":{"line":30,"column":null}},"3":{"start":{"line":30,"column":56},"end":{"line":30,"column":null}},"4":{"start":{"line":34,"column":23},"end":{"line":34,"column":29}},"5":{"start":{"line":35,"column":2},"end":{"line":41,"column":null}},"6":{"start":{"line":36,"column":4},"end":{"line":39,"column":null}},"7":{"start":{"line":42,"column":2},"end":{"line":48,"column":null}},"8":{"start":{"line":54,"column":16},"end":{"line":54,"column":null}},"9":{"start":{"line":55,"column":30},"end":{"line":55,"column":null}},"10":{"start":{"line":56,"column":2},"end":{"line":56,"column":null}},"11":{"start":{"line":56,"column":18},"end":{"line":56,"column":42}},"12":{"start":{"line":57,"column":15},"end":{"line":65,"column":null}},"13":{"start":{"line":58,"column":4},"end":{"line":64,"column":null}},"14":{"start":{"line":59,"column":6},"end":{"line":59,"column":null}},"15":{"start":{"line":60,"column":6},"end":{"line":60,"column":null}},"16":{"start":{"line":62,"column":6},"end":{"line":62,"column":null}},"17":{"start":{"line":63,"column":6},"end":{"line":63,"column":null}},"18":{"start":{"line":66,"column":2},"end":{"line":78,"column":null}},"19":{"start":{"line":72,"column":83},"end":{"line":72,"column":103}},"20":{"start":{"line":83,"column":26},"end":{"line":83,"column":null}},"21":{"start":{"line":84,"column":32},"end":{"line":84,"column":null}},"22":{"start":{"line":85,"column":18},"end":{"line":85,"column":null}},"23":{"start":{"line":86,"column":17},"end":{"line":93,"column":null}},"24":{"start":{"line":89,"column":6},"end":{"line":89,"column":null}},"25":{"start":{"line":90,"column":6},"end":{"line":90,"column":null}},"26":{"start":{"line":91,"column":6},"end":{"line":91,"column":null}},"27":{"start":{"line":94,"column":17},"end":{"line":94,"column":null}},"28":{"start":{"line":94,"column":75},"end":{"line":94,"column":106}},"29":{"start":{"line":95,"column":8},"end":{"line":98,"column":null}},"30":{"start":{"line":96,"column":4},"end":{"line":97,"column":null}},"31":{"start":{"line":97,"column":6},"end":{"line":97,"column":null}},"32":{"start":{"line":100,"column":2},"end":{"line":163,"column":null}},"33":{"start":{"line":103,"column":28},"end":{"line":103,"column":59}},"34":{"start":{"line":107,"column":27},"end":{"line":107,"column":null}},"35":{"start":{"line":110,"column":12},"end":{"line":110,"column":null}},"36":{"start":{"line":116,"column":27},"end":{"line":116,"column":null}},"37":{"start":{"line":120,"column":12},"end":{"line":120,"column":null}},"38":{"start":{"line":129,"column":29},"end":{"line":129,"column":null}},"39":{"start":{"line":144,"column":14},"end":{"line":158,"column":null}},"40":{"start":{"line":154,"column":33},"end":{"line":154,"column":null}},"41":{"start":{"line":167,"column":67},"end":{"line":171,"column":null}},"42":{"start":{"line":168,"column":19},"end":{"line":168,"column":null}},"43":{"start":{"line":169,"column":17},"end":{"line":169,"column":null}},"44":{"start":{"line":170,"column":16},"end":{"line":170,"column":null}},"45":{"start":{"line":173,"column":6},"end":{"line":174,"column":null}},"46":{"start":{"line":174,"column":2},"end":{"line":174,"column":null}},"47":{"start":{"line":174,"column":76},"end":{"line":174,"column":103}},"48":{"start":{"line":177,"column":16},"end":{"line":177,"column":null}},"49":{"start":{"line":178,"column":28},"end":{"line":178,"column":null}},"50":{"start":{"line":179,"column":32},"end":{"line":179,"column":null}},"51":{"start":{"line":180,"column":26},"end":{"line":180,"column":null}},"52":{"start":{"line":181,"column":17},"end":{"line":185,"column":null}},"53":{"start":{"line":183,"column":22},"end":{"line":183,"column":null}},"54":{"start":{"line":184,"column":21},"end":{"line":184,"column":null}},"55":{"start":{"line":186,"column":16},"end":{"line":192,"column":null}},"56":{"start":{"line":189,"column":6},"end":{"line":189,"column":null}},"57":{"start":{"line":190,"column":6},"end":{"line":190,"column":null}},"58":{"start":{"line":194,"column":8},"end":{"line":199,"column":null}},"59":{"start":{"line":195,"column":16},"end":{"line":195,"column":null}},"60":{"start":{"line":196,"column":4},"end":{"line":196,"column":null}},"61":{"start":{"line":196,"column":53},"end":{"line":196,"column":null}},"62":{"start":{"line":197,"column":4},"end":{"line":197,"column":null}},"63":{"start":{"line":198,"column":4},"end":{"line":198,"column":null}},"64":{"start":{"line":200,"column":12},"end":{"line":200,"column":null}},"65":{"start":{"line":201,"column":16},"end":{"line":201,"column":null}},"66":{"start":{"line":201,"column":42},"end":{"line":201,"column":55}},"67":{"start":{"line":203,"column":2},"end":{"line":279,"column":null}},"68":{"start":{"line":211,"column":27},"end":{"line":211,"column":null}},"69":{"start":{"line":220,"column":23},"end":{"line":220,"column":null}},"70":{"start":{"line":221,"column":25},"end":{"line":221,"column":null}},"71":{"start":{"line":222,"column":10},"end":{"line":275,"column":null}},"72":{"start":{"line":241,"column":35},"end":{"line":241,"column":null}},"73":{"start":{"line":244,"column":20},"end":{"line":244,"column":null}},"74":{"start":{"line":251,"column":35},"end":{"line":251,"column":null}},"75":{"start":{"line":254,"column":20},"end":{"line":254,"column":null}},"76":{"start":{"line":261,"column":33},"end":{"line":261,"column":null}},"77":{"start":{"line":284,"column":25},"end":{"line":284,"column":null}},"78":{"start":{"line":285,"column":2},"end":{"line":285,"column":null}},"79":{"start":{"line":285,"column":13},"end":{"line":285,"column":null}},"80":{"start":{"line":286,"column":2},"end":{"line":323,"column":null}},"81":{"start":{"line":302,"column":14},"end":{"line":304,"column":null}},"82":{"start":{"line":327,"column":40},"end":{"line":342,"column":null}},"83":{"start":{"line":345,"column":14},"end":{"line":345,"column":null}},"84":{"start":{"line":346,"column":2},"end":{"line":375,"column":null}},"85":{"start":{"line":351,"column":23},"end":{"line":351,"column":null}},"86":{"start":{"line":352,"column":10},"end":{"line":358,"column":null}},"87":{"start":{"line":353,"column":12},"end":{"line":356,"column":null}},"88":{"start":{"line":359,"column":10},"end":{"line":371,"column":null}},"89":{"start":{"line":369,"column":35},"end":{"line":369,"column":65}}},"fnMap":{"0":{"name":"(anonymous_0)","decl":{"start":{"line":23,"column":6},"end":{"line":23,"column":14}},"loc":{"start":{"line":24,"column":2},"end":{"line":26,"column":null}},"line":24},"1":{"name":"refresh","decl":{"start":{"line":29,"column":9},"end":{"line":29,"column":17}},"loc":{"start":{"line":29,"column":38},"end":{"line":31,"column":null}},"line":29},"2":{"name":"Admin","decl":{"start":{"line":33,"column":24},"end":{"line":33,"column":32}},"loc":{"start":{"line":33,"column":32},"end":{"line":50,"column":null}},"line":33},"3":{"name":"OneTimeLink","decl":{"start":{"line":53,"column":9},"end":{"line":53,"column":21}},"loc":{"start":{"line":53,"column":95},"end":{"line":80,"column":null}},"line":53},"4":{"name":"(anonymous_4)","decl":{"start":{"line":56,"column":2},"end":{"line":56,"column":18}},"loc":{"start":{"line":56,"column":18},"end":{"line":56,"column":42}},"line":56},"5":{"name":"(anonymous_5)","decl":{"start":{"line":57,"column":15},"end":{"line":57,"column":27}},"loc":{"start":{"line":57,"column":27},"end":{"line":65,"column":null}},"line":57},"6":{"name":"(anonymous_6)","decl":{"start":{"line":72,"column":67},"end":{"line":72,"column":77}},"loc":{"start":{"line":72,"column":83},"end":{"line":72,"column":103}},"line":72},"7":{"name":"InvitePanel","decl":{"start":{"line":82,"column":9},"end":{"line":82,"column":23}},"loc":{"start":{"line":82,"column":23},"end":{"line":165,"column":null}},"line":82},"8":{"name":"(anonymous_8)","decl":{"start":{"line":88,"column":4},"end":{"line":88,"column":16}},"loc":{"start":{"line":88,"column":32},"end":{"line":92,"column":null}},"line":88},"9":{"name":"(anonymous_9)","decl":{"start":{"line":94,"column":58},"end":{"line":94,"column":75}},"loc":{"start":{"line":94,"column":75},"end":{"line":94,"column":106}},"line":94},"10":{"name":"(anonymous_10)","decl":{"start":{"line":95,"column":8},"end":{"line":95,"column":24}},"loc":{"start":{"line":95,"column":53},"end":{"line":98,"column":null}},"line":95},"11":{"name":"(anonymous_11)","decl":{"start":{"line":103,"column":12},"end":{"line":103,"column":28}},"loc":{"start":{"line":103,"column":28},"end":{"line":103,"column":59}},"line":103},"12":{"name":"(anonymous_12)","decl":{"start":{"line":107,"column":10},"end":{"line":107,"column":21}},"loc":{"start":{"line":107,"column":27},"end":{"line":107,"column":null}},"line":107},"13":{"name":"(anonymous_13)","decl":{"start":{"line":109,"column":31},"end":{"line":109,"column":36}},"loc":{"start":{"line":110,"column":12},"end":{"line":110,"column":null}},"line":110},"14":{"name":"(anonymous_14)","decl":{"start":{"line":116,"column":10},"end":{"line":116,"column":21}},"loc":{"start":{"line":116,"column":27},"end":{"line":116,"column":null}},"line":116},"15":{"name":"(anonymous_15)","decl":{"start":{"line":119,"column":35},"end":{"line":119,"column":40}},"loc":{"start":{"line":120,"column":12},"end":{"line":120,"column":null}},"line":120},"16":{"name":"(anonymous_16)","decl":{"start":{"line":129,"column":12},"end":{"line":129,"column":23}},"loc":{"start":{"line":129,"column":29},"end":{"line":129,"column":null}},"line":129},"17":{"name":"(anonymous_17)","decl":{"start":{"line":143,"column":26},"end":{"line":143,"column":31}},"loc":{"start":{"line":144,"column":14},"end":{"line":158,"column":null}},"line":144},"18":{"name":"(anonymous_18)","decl":{"start":{"line":154,"column":18},"end":{"line":154,"column":33}},"loc":{"start":{"line":154,"column":33},"end":{"line":154,"column":null}},"line":154},"19":{"name":"(anonymous_19)","decl":{"start":{"line":168,"column":2},"end":{"line":168,"column":13}},"loc":{"start":{"line":168,"column":19},"end":{"line":168,"column":null}},"line":168},"20":{"name":"(anonymous_20)","decl":{"start":{"line":169,"column":2},"end":{"line":169,"column":11}},"loc":{"start":{"line":169,"column":17},"end":{"line":169,"column":null}},"line":169},"21":{"name":"(anonymous_21)","decl":{"start":{"line":170,"column":2},"end":{"line":170,"column":10}},"loc":{"start":{"line":170,"column":16},"end":{"line":170,"column":null}},"line":170},"22":{"name":"(anonymous_22)","decl":{"start":{"line":173,"column":6},"end":{"line":173,"column":17}},"loc":{"start":{"line":174,"column":2},"end":{"line":174,"column":null}},"line":174},"23":{"name":"(anonymous_23)","decl":{"start":{"line":174,"column":64},"end":{"line":174,"column":70}},"loc":{"start":{"line":174,"column":76},"end":{"line":174,"column":103}},"line":174},"24":{"name":"Members","decl":{"start":{"line":176,"column":9},"end":{"line":176,"column":17}},"loc":{"start":{"line":176,"column":49},"end":{"line":281,"column":null}},"line":176},"25":{"name":"(anonymous_25)","decl":{"start":{"line":183,"column":4},"end":{"line":183,"column":16}},"loc":{"start":{"line":183,"column":22},"end":{"line":183,"column":null}},"line":183},"26":{"name":"(anonymous_26)","decl":{"start":{"line":184,"column":4},"end":{"line":184,"column":21}},"loc":{"start":{"line":184,"column":21},"end":{"line":184,"column":null}},"line":184},"27":{"name":"(anonymous_27)","decl":{"start":{"line":188,"column":4},"end":{"line":188,"column":16}},"loc":{"start":{"line":188,"column":28},"end":{"line":191,"column":null}},"line":188},"28":{"name":"(anonymous_28)","decl":{"start":{"line":194,"column":8},"end":{"line":194,"column":18}},"loc":{"start":{"line":194,"column":75},"end":{"line":199,"column":null}},"line":194},"29":{"name":"(anonymous_29)","decl":{"start":{"line":201,"column":28},"end":{"line":201,"column":36}},"loc":{"start":{"line":201,"column":42},"end":{"line":201,"column":55}},"line":201},"30":{"name":"(anonymous_30)","decl":{"start":{"line":211,"column":10},"end":{"line":211,"column":21}},"loc":{"start":{"line":211,"column":27},"end":{"line":211,"column":null}},"line":211},"31":{"name":"(anonymous_31)","decl":{"start":{"line":219,"column":16},"end":{"line":219,"column":21}},"loc":{"start":{"line":219,"column":27},"end":{"line":277,"column":9}},"line":219},"32":{"name":"(anonymous_32)","decl":{"start":{"line":241,"column":18},"end":{"line":241,"column":29}},"loc":{"start":{"line":241,"column":35},"end":{"line":241,"column":null}},"line":241},"33":{"name":"(anonymous_33)","decl":{"start":{"line":243,"column":39},"end":{"line":243,"column":44}},"loc":{"start":{"line":244,"column":20},"end":{"line":244,"column":null}},"line":244},"34":{"name":"(anonymous_34)","decl":{"start":{"line":251,"column":18},"end":{"line":251,"column":29}},"loc":{"start":{"line":251,"column":35},"end":{"line":251,"column":null}},"line":251},"35":{"name":"(anonymous_35)","decl":{"start":{"line":253,"column":41},"end":{"line":253,"column":46}},"loc":{"start":{"line":254,"column":20},"end":{"line":254,"column":null}},"line":254},"36":{"name":"(anonymous_36)","decl":{"start":{"line":261,"column":18},"end":{"line":261,"column":33}},"loc":{"start":{"line":261,"column":33},"end":{"line":261,"column":null}},"line":261},"37":{"name":"BankPanel","decl":{"start":{"line":283,"column":9},"end":{"line":283,"column":21}},"loc":{"start":{"line":283,"column":21},"end":{"line":325,"column":null}},"line":283},"38":{"name":"(anonymous_38)","decl":{"start":{"line":301,"column":35},"end":{"line":301,"column":40}},"loc":{"start":{"line":302,"column":14},"end":{"line":304,"column":null}},"line":302},"39":{"name":"AuditTrail","decl":{"start":{"line":344,"column":9},"end":{"line":344,"column":22}},"loc":{"start":{"line":344,"column":22},"end":{"line":377,"column":null}},"line":344},"40":{"name":"(anonymous_40)","decl":{"start":{"line":350,"column":19},"end":{"line":350,"column":24}},"loc":{"start":{"line":350,"column":30},"end":{"line":373,"column":9}},"line":350},"41":{"name":"(anonymous_41)","decl":{"start":{"line":369,"column":19},"end":{"line":369,"column":24}},"loc":{"start":{"line":369,"column":35},"end":{"line":369,"column":65}},"line":369}},"branchMap":{"0":{"loc":{"start":{"line":24,"column":2},"end":{"line":26,"column":null}},"type":"cond-expr","locations":[{"start":{"line":25,"column":6},"end":{"line":25,"column":null}},{"start":{"line":26,"column":6},"end":{"line":26,"column":null}}],"line":24},"1":{"loc":{"start":{"line":35,"column":2},"end":{"line":41,"column":null}},"type":"if","locations":[{"start":{"line":35,"column":2},"end":{"line":41,"column":null}},{"start":{},"end":{}}],"line":35},"2":{"loc":{"start":{"line":74,"column":11},"end":{"line":74,"column":null}},"type":"cond-expr","locations":[{"start":{"line":74,"column":30},"end":{"line":74,"column":41}},{"start":{"line":74,"column":41},"end":{"line":74,"column":null}}],"line":74},"3":{"loc":{"start":{"line":77,"column":7},"end":{"line":77,"column":null}},"type":"binary-expr","locations":[{"start":{"line":77,"column":7},"end":{"line":77,"column":30}},{"start":{"line":77,"column":30},"end":{"line":77,"column":null}}],"line":77},"4":{"loc":{"start":{"line":89,"column":25},"end":{"line":89,"column":42}},"type":"binary-expr","locations":[{"start":{"line":89,"column":25},"end":{"line":89,"column":38}},{"start":{"line":89,"column":38},"end":{"line":89,"column":42}}],"line":89},"5":{"loc":{"start":{"line":96,"column":4},"end":{"line":97,"column":null}},"type":"if","locations":[{"start":{"line":96,"column":4},"end":{"line":97,"column":null}},{"start":{},"end":{}}],"line":96},"6":{"loc":{"start":{"line":115,"column":17},"end":{"line":115,"column":null}},"type":"binary-expr","locations":[{"start":{"line":115,"column":17},"end":{"line":115,"column":34}},{"start":{"line":115,"column":34},"end":{"line":115,"column":null}}],"line":115},"7":{"loc":{"start":{"line":116,"column":57},"end":{"line":116,"column":100}},"type":"binary-expr","locations":[{"start":{"line":116,"column":57},"end":{"line":116,"column":75}},{"start":{"line":116,"column":75},"end":{"line":116,"column":100}}],"line":116},"8":{"loc":{"start":{"line":128,"column":19},"end":{"line":128,"column":null}},"type":"binary-expr","locations":[{"start":{"line":128,"column":19},"end":{"line":128,"column":32}},{"start":{"line":128,"column":32},"end":{"line":128,"column":null}}],"line":128},"9":{"loc":{"start":{"line":132,"column":40},"end":{"line":132,"column":80}},"type":"binary-expr","locations":[{"start":{"line":132,"column":40},"end":{"line":132,"column":60}},{"start":{"line":132,"column":60},"end":{"line":132,"column":80}}],"line":132},"10":{"loc":{"start":{"line":138,"column":7},"end":{"line":138,"column":null}},"type":"binary-expr","locations":[{"start":{"line":138,"column":7},"end":{"line":138,"column":18}},{"start":{"line":138,"column":18},"end":{"line":138,"column":null}}],"line":138},"11":{"loc":{"start":{"line":139,"column":7},"end":{"line":161,"column":null}},"type":"binary-expr","locations":[{"start":{"line":139,"column":7},"end":{"line":139,"column":null}},{"start":{"line":140,"column":8},"end":{"line":161,"column":null}}],"line":139},"12":{"loc":{"start":{"line":145,"column":46},"end":{"line":145,"column":72}},"type":"binary-expr","locations":[{"start":{"line":145,"column":46},"end":{"line":145,"column":56}},{"start":{"line":145,"column":56},"end":{"line":145,"column":72}}],"line":145},"13":{"loc":{"start":{"line":148,"column":19},"end":{"line":148,"column":52}},"type":"binary-expr","locations":[{"start":{"line":148,"column":19},"end":{"line":148,"column":33}},{"start":{"line":148,"column":33},"end":{"line":148,"column":52}}],"line":148},"14":{"loc":{"start":{"line":153,"column":51},"end":{"line":153,"column":null}},"type":"binary-expr","locations":[{"start":{"line":153,"column":51},"end":{"line":153,"column":61}},{"start":{"line":153,"column":61},"end":{"line":153,"column":null}}],"line":153},"15":{"loc":{"start":{"line":154,"column":52},"end":{"line":154,"column":71}},"type":"binary-expr","locations":[{"start":{"line":154,"column":52},"end":{"line":154,"column":62}},{"start":{"line":154,"column":62},"end":{"line":154,"column":71}}],"line":154},"16":{"loc":{"start":{"line":174,"column":28},"end":{"line":174,"column":46}},"type":"binary-expr","locations":[{"start":{"line":174,"column":28},"end":{"line":174,"column":42}},{"start":{"line":174,"column":42},"end":{"line":174,"column":46}}],"line":174},"17":{"loc":{"start":{"line":195,"column":24},"end":{"line":195,"column":null}},"type":"binary-expr","locations":[{"start":{"line":195,"column":24},"end":{"line":195,"column":37}},{"start":{"line":195,"column":37},"end":{"line":195,"column":52}},{"start":{"line":195,"column":52},"end":{"line":195,"column":null}}],"line":195},"18":{"loc":{"start":{"line":196,"column":4},"end":{"line":196,"column":null}},"type":"if","locations":[{"start":{"line":196,"column":4},"end":{"line":196,"column":null}},{"start":{},"end":{}}],"line":196},"19":{"loc":{"start":{"line":196,"column":8},"end":{"line":196,"column":53}},"type":"binary-expr","locations":[{"start":{"line":196,"column":8},"end":{"line":196,"column":15}},{"start":{"line":196,"column":15},"end":{"line":196,"column":53}}],"line":196},"20":{"loc":{"start":{"line":205,"column":39},"end":{"line":205,"column":65}},"type":"binary-expr","locations":[{"start":{"line":205,"column":39},"end":{"line":205,"column":61}},{"start":{"line":205,"column":61},"end":{"line":205,"column":65}}],"line":205},"21":{"loc":{"start":{"line":206,"column":8},"end":{"line":213,"column":null}},"type":"binary-expr","locations":[{"start":{"line":206,"column":8},"end":{"line":206,"column":null}},{"start":{"line":207,"column":8},"end":{"line":213,"column":null}}],"line":206},"22":{"loc":{"start":{"line":206,"column":8},"end":{"line":206,"column":35}},"type":"binary-expr","locations":[{"start":{"line":206,"column":8},"end":{"line":206,"column":30}},{"start":{"line":206,"column":30},"end":{"line":206,"column":35}}],"line":206},"23":{"loc":{"start":{"line":216,"column":7},"end":{"line":216,"column":null}},"type":"binary-expr","locations":[{"start":{"line":216,"column":7},"end":{"line":216,"column":18}},{"start":{"line":216,"column":18},"end":{"line":216,"column":null}}],"line":216},"24":{"loc":{"start":{"line":217,"column":7},"end":{"line":217,"column":null}},"type":"binary-expr","locations":[{"start":{"line":217,"column":7},"end":{"line":217,"column":12}},{"start":{"line":217,"column":12},"end":{"line":217,"column":35}},{"start":{"line":217,"column":35},"end":{"line":217,"column":null}}],"line":217},"25":{"loc":{"start":{"line":221,"column":25},"end":{"line":221,"column":null}},"type":"binary-expr","locations":[{"start":{"line":221,"column":25},"end":{"line":221,"column":43}},{"start":{"line":221,"column":43},"end":{"line":221,"column":null}}],"line":221},"26":{"loc":{"start":{"line":229,"column":21},"end":{"line":229,"column":null}},"type":"binary-expr","locations":[{"start":{"line":229,"column":21},"end":{"line":229,"column":29}},{"start":{"line":229,"column":29},"end":{"line":229,"column":null}}],"line":229},"27":{"loc":{"start":{"line":230,"column":21},"end":{"line":230,"column":null}},"type":"binary-expr","locations":[{"start":{"line":230,"column":21},"end":{"line":230,"column":46}},{"start":{"line":230,"column":46},"end":{"line":230,"column":null}}],"line":230},"28":{"loc":{"start":{"line":231,"column":21},"end":{"line":231,"column":null}},"type":"binary-expr","locations":[{"start":{"line":231,"column":21},"end":{"line":231,"column":31}},{"start":{"line":231,"column":31},"end":{"line":231,"column":null}}],"line":231},"29":{"loc":{"start":{"line":234,"column":33},"end":{"line":234,"column":61}},"type":"binary-expr","locations":[{"start":{"line":234,"column":33},"end":{"line":234,"column":47}},{"start":{"line":234,"column":47},"end":{"line":234,"column":61}}],"line":234},"30":{"loc":{"start":{"line":265,"column":17},"end":{"line":272,"column":null}},"type":"binary-expr","locations":[{"start":{"line":265,"column":17},"end":{"line":265,"column":null}},{"start":{"line":266,"column":18},"end":{"line":272,"column":null}}],"line":265},"31":{"loc":{"start":{"line":285,"column":2},"end":{"line":285,"column":null}},"type":"if","locations":[{"start":{"line":285,"column":2},"end":{"line":285,"column":null}},{"start":{},"end":{}}],"line":285},"32":{"loc":{"start":{"line":289,"column":7},"end":{"line":323,"column":null}},"type":"cond-expr","locations":[{"start":{"line":290,"column":8},"end":{"line":295,"column":null}},{"start":{"line":295,"column":8},"end":{"line":323,"column":null}}],"line":289},"33":{"loc":{"start":{"line":303,"column":25},"end":{"line":303,"column":57}},"type":"binary-expr","locations":[{"start":{"line":303,"column":25},"end":{"line":303,"column":47}},{"start":{"line":303,"column":47},"end":{"line":303,"column":57}}],"line":303},"34":{"loc":{"start":{"line":307,"column":11},"end":{"line":308,"column":null}},"type":"binary-expr","locations":[{"start":{"line":307,"column":11},"end":{"line":307,"column":null}},{"start":{"line":308,"column":12},"end":{"line":308,"column":null}}],"line":307},"35":{"loc":{"start":{"line":310,"column":11},"end":{"line":313,"column":null}},"type":"binary-expr","locations":[{"start":{"line":310,"column":11},"end":{"line":310,"column":null}},{"start":{"line":311,"column":12},"end":{"line":313,"column":null}}],"line":310},"36":{"loc":{"start":{"line":315,"column":11},"end":{"line":319,"column":null}},"type":"binary-expr","locations":[{"start":{"line":315,"column":11},"end":{"line":315,"column":null}},{"start":{"line":316,"column":12},"end":{"line":319,"column":null}}],"line":315},"37":{"loc":{"start":{"line":317,"column":58},"end":{"line":317,"column":90}},"type":"cond-expr","locations":[{"start":{"line":317,"column":81},"end":{"line":317,"column":87}},{"start":{"line":317,"column":87},"end":{"line":317,"column":90}}],"line":317},"38":{"loc":{"start":{"line":352,"column":10},"end":{"line":358,"column":null}},"type":"if","locations":[{"start":{"line":352,"column":10},"end":{"line":358,"column":null}},{"start":{},"end":{}}],"line":352},"39":{"loc":{"start":{"line":361,"column":57},"end":{"line":361,"column":77}},"type":"binary-expr","locations":[{"start":{"line":361,"column":57},"end":{"line":361,"column":68}},{"start":{"line":361,"column":68},"end":{"line":361,"column":77}}],"line":361},"40":{"loc":{"start":{"line":361,"column":79},"end":{"line":361,"column":null}},"type":"binary-expr","locations":[{"start":{"line":361,"column":79},"end":{"line":361,"column":100}},{"start":{"line":361,"column":100},"end":{"line":
[...]
lumn":26},"end":{"line":218,"column":76}},{"start":{"line":218,"column":76},"end":{"line":218,"column":null}}],"line":218},"32":{"loc":{"start":{"line":219,"column":13},"end":{"line":219,"column":null}},"type":"binary-expr","locations":[{"start":{"line":219,"column":13},"end":{"line":219,"column":28}},{"start":{"line":219,"column":28},"end":{"line":219,"column":null}}],"line":219},"33":{"loc":{"start":{"line":228,"column":9},"end":{"line":237,"column":null}},"type":"binary-expr","locations":[{"start":{"line":228,"column":9},"end":{"line":228,"column":null}},{"start":{"line":229,"column":10},"end":{"line":237,"column":null}}],"line":228},"34":{"loc":{"start":{"line":231,"column":40},"end":{"line":231,"column":null}},"type":"cond-expr","locations":[{"start":{"line":231,"column":87},"end":{"line":231,"column":97}},{"start":{"line":231,"column":97},"end":{"line":231,"column":null}}],"line":231},"35":{"loc":{"start":{"line":231,"column":40},"end":{"line":231,"column":87}},"type":"binary-expr","locations":[{"start":{"line":231,"column":40},"end":{"line":231,"column":56}},{"start":{"line":231,"column":56},"end":{"line":231,"column":73}},{"start":{"line":231,"column":73},"end":{"line":231,"column":87}}],"line":231},"36":{"loc":{"start":{"line":233,"column":17},"end":{"line":233,"column":null}},"type":"binary-expr","locations":[{"start":{"line":233,"column":17},"end":{"line":233,"column":31}},{"start":{"line":233,"column":31},"end":{"line":233,"column":null}}],"line":233},"37":{"loc":{"start":{"line":234,"column":17},"end":{"line":234,"column":null}},"type":"binary-expr","locations":[{"start":{"line":234,"column":17},"end":{"line":234,"column":32}},{"start":{"line":234,"column":32},"end":{"line":234,"column":null}}],"line":234},"38":{"loc":{"start":{"line":239,"column":9},"end":{"line":248,"column":null}},"type":"binary-expr","locations":[{"start":{"line":239,"column":9},"end":{"line":239,"column":null}},{"start":{"line":240,"column":10},"end":{"line":248,"column":null}}],"line":239},"39":{"loc":{"start":{"line":241,"column":75},"end":{"line":241,"column":102}},"type":"binary-expr","locations":[{"start":{"line":241,"column":75},"end":{"line":241,"column":89}},{"start":{"line":241,"column":89},"end":{"line":241,"column":102}}],"line":241},"40":{"loc":{"start":{"line":242,"column":13},"end":{"line":246,"column":null}},"type":"binary-expr","locations":[{"start":{"line":242,"column":13},"end":{"line":242,"column":null}},{"start":{"line":243,"column":14},"end":{"line":246,"column":null}}],"line":242},"41":{"loc":{"start":{"line":250,"column":9},"end":{"line":250,"column":null}},"type":"binary-expr","locations":[{"start":{"line":250,"column":9},"end":{"line":250,"column":29}},{"start":{"line":250,"column":29},"end":{"line":250,"column":null}}],"line":250},"42":{"loc":{"start":{"line":253,"column":7},"end":{"line":267,"column":null}},"type":"binary-expr","locations":[{"start":{"line":253,"column":7},"end":{"line":253,"column":null}},{"start":{"line":254,"column":8},"end":{"line":267,"column":null}}],"line":253},"43":{"loc":{"start":{"line":270,"column":7},"end":{"line":292,"column":null}},"type":"binary-expr","locations":[{"start":{"line":270,"column":7},"end":{"line":270,"column":null}},{"start":{"line":271,"column":8},"end":{"line":292,"column":null}}],"line":270},"44":{"loc":{"start":{"line":279,"column":21},"end":{"line":279,"column":47}},"type":"binary-expr","locations":[{"start":{"line":279,"column":21},"end":{"line":279,"column":29}},{"start":{"line":279,"column":29},"end":{"line":279,"column":47}}],"line":279},"45":{"loc":{"start":{"line":305,"column":26},"end":{"line":305,"column":73}},"type":"binary-expr","locations":[{"start":{"line":305,"column":26},"end":{"line":305,"column":42}},{"start":{"line":305,"column":42},"end":{"line":305,"column":57}},{"start":{"line":305,"column":57},"end":{"line":305,"column":73}}],"line":305},"46":{"loc":{"start":{"line":312,"column":37},"end":{"line":312,"column":50}},"type":"binary-expr","locations":[{"start":{"line":312,"column":37},"end":{"line":312,"column":48}},{"start":{"line":312,"column":48},"end":{"line":312,"column":50}}],"line":312},"47":{"loc":{"start":{"line":315,"column":59},"end":{"line":315,"column":73}},"type":"binary-expr","locations":[{"start":{"line":315,"column":59},"end":{"line":315,"column":68}},{"start":{"line":315,"column":68},"end":{"line":315,"column":73}}],"line":315},"48":{"loc":{"start":{"line":321,"column":9},"end":{"line":321,"column":95}},"type":"cond-expr","locations":[{"start":{"line":321,"column":29},"end":{"line":321,"column":56}},{"start":{"line":321,"column":56},"end":{"line":321,"column":95}}],"line":321},"49":{"loc":{"start":{"line":341,"column":29},"end":{"line":341,"column":90}},"type":"cond-expr","locations":[{"start":{"line":341,"column":49},"end":{"line":341,"column":65}},{"start":{"line":341,"column":65},"end":{"line":341,"column":90}}],"line":341},"50":{"loc":{"start":{"line":361,"column":29},"end":{"line":361,"column":69}},"type":"cond-expr","locations":[{"start":{"line":361,"column":44},"end":{"line":361,"column":58}},{"start":{"line":361,"column":58},"end":{"line":361,"column":69}}],"line":361},"51":{"loc":{"start":{"line":363,"column":37},"end":{"line":363,"column":55}},"type":"binary-expr","locations":[{"start":{"line":363,"column":37},"end":{"line":363,"column":53}},{"start":{"line":363,"column":53},"end":{"line":363,"column":55}}],"line":363},"52":{"loc":{"start":{"line":368,"column":29},"end":{"line":368,"column":69}},"type":"cond-expr","locations":[{"start":{"line":368,"column":38},"end":{"line":368,"column":60}},{"start":{"line":368,"column":60},"end":{"line":368,"column":69}}],"line":368},"53":{"loc":{"start":{"line":375,"column":9},"end":{"line":377,"column":null}},"type":"cond-expr","locations":[{"start":{"line":376,"column":12},"end":{"line":376,"column":null}},{"start":{"line":377,"column":12},"end":{"line":377,"column":null}}],"line":375},"54":{"loc":{"start":{"line":379,"column":7},"end":{"line":411,"column":null}},"type":"cond-expr","locations":[{"start":{"line":380,"column":8},"end":{"line":401,"column":9}},{"start":{"line":401,"column":8},"end":{"line":411,"column":null}}],"line":379},"55":{"loc":{"start":{"line":381,"column":19},"end":{"line":381,"column":81}},"type":"cond-expr","locations":[{"start":{"line":381,"column":28},"end":{"line":381,"column":51}},{"start":{"line":381,"column":51},"end":{"line":381,"column":81}}],"line":381},"56":{"loc":{"start":{"line":385,"column":22},"end":{"line":385,"column":null}},"type":"cond-expr","locations":[{"start":{"line":385,"column":31},"end":{"line":385,"column":41}},{"start":{"line":385,"column":41},"end":{"line":385,"column":null}}],"line":385},"57":{"loc":{"start":{"line":391,"column":20},"end":{"line":391,"column":null}},"type":"cond-expr","locations":[{"start":{"line":391,"column":29},"end":{"line":391,"column":38}},{"start":{"line":391,"column":38},"end":{"line":391,"column":null}}],"line":391},"58":{"loc":{"start":{"line":391,"column":38},"end":{"line":391,"column":null}},"type":"cond-expr","locations":[{"start":{"line":391,"column":62},"end":{"line":391,"column":97}},{"start":{"line":391,"column":97},"end":{"line":391,"column":null}}],"line":391},"59":{"loc":{"start":{"line":398,"column":11},"end":{"line":398,"column":null}},"type":"binary-expr","locations":[{"start":{"line":398,"column":11},"end":{"line":398,"column":29}},{"start":{"line":398,"column":29},"end":{"line":398,"column":null}}],"line":398},"60":{"loc":{"start":{"line":418,"column":9},"end":{"line":423,"column":null}},"type":"binary-expr","locations":[{"start":{"line":418,"column":9},"end":{"line":418,"column":null}},{"start":{"line":419,"column":10},"end":{"line":423,"column":null}}],"line":418},"61":{"loc":{"start":{"line":435,"column":35},"end":{"line":435,"column":57}},"type":"binary-expr","locations":[{"start":{"line":435,"column":35},"end":{"line":435,"column":55}},{"start":{"line":435,"column":55},"end":{"line":435,"column":57}}],"line":435},"62":{"loc":{"start":{"line":438,"column":29},"end":{"line":438,"column":104}},"type":"cond-expr","locations":[{"start":{"line":438,"column":42},"end":{"line":438,"column":64}},{"start":{"line":438,"column":64},"end":{"line":438,"column":104}}],"line":438},"63":{"loc":{"start":{"line":443,"column":7},"end":{"line":449,"column":null}},"type":"cond-expr","locations":[{"start":{"line":444,"column":8},"end":{"line":446,"column":null}},{"start":{"line":446,"column":8},"end":{"line":449,"column":null}}],"line":443},"64":{"loc":{"start":{"line":444,"column":31},"end":{"line":444,"column":83}},"type":"cond-expr","locations":[{"start":{"line":444,"column":50},"end":{"line":444,"column":76}},{"start":{"line":444,"column":76},"end":{"line":444,"column":83}}],"line":444},"65":{"loc":{"start":{"line":452,"column":9},"end":{"line":452,"column":null}},"type":"cond-expr","locations":[{"start":{"line":452,"column":22},"end":{"line":452,"column":48}},{"start":{"line":452,"column":48},"end":{"line":452,"column":null}}],"line":452}},"s":{"0":1,"1":1,"2":18,"3":5,"4":5,"5":1,"6":4,"7":2,"8":19,"9":19,"10":19,"11":106,"12":19,"13":19,"14":19,"15":19,"16":39,"17":65,"18":39,"19":19,"20":19,"21":28,"22":19,"23":1,"24":1,"25":1,"26":1,"27":0,"28":1,"29":19,"30":114,"31":1,"32":1,"33":11,"34":0,"35":76,"36":492,"37":1,"38":3,"39":17,"40":17,"41":17,"42":17,"43":17,"44":51,"45":4,"46":4,"47":4,"48":17,"49":17,"50":17,"51":17,"52":1,"53":1,"54":17,"55":17,"56":0,"57":17,"58":3,"59":14,"60":17,"61":14,"62":0,"63":24,"64":1,"65":9,"66":1,"67":1,"68":2,"69":0,"70":1,"71":10,"72":10,"73":10,"74":1,"75":0,"76":40,"77":1,"78":80,"79":22,"80":22,"81":16,"82":8,"83":22,"84":22,"85":22,"86":22,"87":2,"88":16,"89":1,"90":1,"91":0,"92":12,"93":12,"94":18,"95":18,"96":1,"97":9},"f":{"0":18,"1":5,"2":2,"3":19,"4":106,"5":39,"6":65,"7":28,"8":1,"9":114,"10":1,"11":1,"12":11,"13":0,"14":76,"15":492,"16":1,"17":3,"18":17,"19":51,"20":4,"21":1,"22":14,"23":0,"24":24,"25":1,"26":9,"27":1,"28":1,"29":2,"30":0,"31":1,"32":10,"33":1,"34":0,"35":40,"36":1,"37":80,"38":22,"39":16,"40":8,"41":2,"42":16,"43":1,"44":0,"45":12,"46":18,"47":1,"48":9},"b":{"0":[1,4],"1":[2,17],"2":[19,19],"3":[19,16],"4":[19,19],"5":[19,16],"6":[13,26],"7":[19,3],"8":[1,0],"9":[19,95],"10":[114,95,80],"11":[80,0],"12":[19,16],"13":[0,16],"14":[0,16],"15":[492,0],"16":[492,492],"17":[492,0],"18":[492,0],"19":[492,0],"20":[492,0],"21":[492,16],"22":[16,0],"23":[19,4],"24":[0,17],"25":[3,14],"26":[14,0],"27":[17,10],"28":[17,0],"29":[17,14],"30":[14,0],"31":[14,0],"32":[17,14],"33":[17,12],"34":[12,12],"35":[24,22,20],"36":[24,12],"37":[24,2],"38":[17,2],"39":[2,0],"40":[2,0],"41":[17,0],"42":[17,9],"43":[17,9],"44":[9,0],"45":[17,14,14],"46":[10,0],"47":[1,0],"48":[0,10],"49":[0,10],"50":[2,14],"51":[22,21],"52":[1,1],"53":[8,14],"54":[8,14],"55":[8,0],"56":[16,0],"57":[1,0],"58":[0,0],"59":[8,0],"60":[22,1],"61":[18,17],"62":[0,1],"63":[1,17],"64":[1,0],"65":[1,17]},"meta":{"lastBranch":66,"lastFunction":49,"lastStatement":98,"seen":{"s:21:34:28:Infinity":0,"s:30:6:31:Infinity":1,"f:30:6:30:14":0,"s:31:2:31:Infinity":2,"f:33:9:33:23":1,"s:34:23:34:29":3,"b:35:2:41:Infinity:undefined:undefined:undefined:undefined":0,"s:35:2:41:Infinity":4,"s:36:4:39:Infinity":5,"s:42:2:42:Infinity":6,"f:45:24:45:33":2,"s:46:2:49:Infinity":7,"f:53:9:53:22":3,"s:54:30:54:46":8,"s:55:20:55:Infinity":9,"s:56:23:56:Infinity":10,"b:56:63:56:76:56:76:56:Infinity":1,"f:56:30:56:36":4,"s:56:44:56:59":11,"s:57:15:57:Infinity":12,"b:57:15:57:37:57:37:57:Infinity":2,"s:58:15:58:Infinity":13,"b:58:15:58:34:58:34:58:Infinity":3,"s:59:30:59:Infinity":14,"s:60:15:67:Infinity":15,"b:61:62:61:70:61:70:61:81":4,"b:61:84:61:92:61:92:61:102":5,"f:63:4:63:23":5,"s:64:21:64:Infinity":16,"f:64:27:64:35":6,"s:64:44:64:63":17,"s:65:6:65:Infinity":18,"b:65:35:65:44:65:44:65:Infinity":6,"s:68:16:68:Infinity":19,"s:69:15:69:Infinity":20,"b:69:15:69:58:69:58:69:Infinity":7,"f:69:32:69:41":7,"s:69:47:69:53":21,"s:70:8:77:Infinity":22,"f:70:8:70:15":8,"s:71:17:71:Infinity":23,"s:72:4:75:Infinity":24,"b:73:6:74:Infinity:74:11:74:Infinity":8,"s:73:6:74:Infinity":25,"s:73:13:73:Infinity":26,"s:74:11:74:Infinity":27,"s:76:4:76:Infinity":28,"s:79:2:158:Infinity":29,"f:87:18:87:23":9,"s:88:12:97:Infinity":30,"b:91:44:91:53:91:53:91:Infinity":9,"f:92:16:92:31":10,"s:92:31:92:Infinity":31,"b:95:17:95:32:95:32:95:41:95:41:96:Infinity":10,"b:95:66:95:85:95:85:95:93":11,"f:102:14:102:30":11,"s:102:30:102:57":32,"f:104:72:104:83":12,"s:104:89:104:117":33,"f:106:49:106:60":13,"s:106:66:106:Infinity":34,"f:108:35:108:40":14,"s:109:14:111:Infinity":35,"b:120:7:120:Infinity:121:8:123:Infinity":12,"b:122:31:122:60:122:60:122:Infinity":13,"b:122:106:122:111:122:111:122:Infinity":14,"f:126:14:126:19":15,"s:127:10:145:Infinity":36,"b:133:41:133:58:133:58:133:71":15,"b:134:17:134:28:134:28:134:Infinity":16,"b:134:59:134:78:134:78:134:92":17,"b:135:17:135:30:135:30:135:Infinity":18,"b:136:17:136:31:136:31:136:Infinity":19,"b:137:17:137:37:137:37:137:Infinity":20,"b:138:17:138:Infinity:139:18:141:Infinity":21,"b:140:55:140:61:140:61:140:Infinity":22,"b:148:7:148:Infinity:149:8:156:Infinity":23,"f:152:10:152:25":16,"s:152:25:152:Infinity":37,"f:162:16:162:31":17,"s:163:2:166:Infinity":38,"f:170:9:170:18":18,"s:171:13:171:Infinity":39,"s:172:15:172:Infinity":40,"s:173:19:173:Infinity":41,"s:174:28:174:Infinity":42,"s:175:8:179:Infinity":43,"f:175:8:175:16":19,"s:175:16:179:Infinity":44,"f:175:16:175:37":20,"s:176:4:176:Infinity":45,"s:177:4:177:Infinity":46,"s:178:4:178:Infinity":47,"s:180:17:180:Infinity":48,"s:181:18:181:Infinity":49,"s:182:16:182:Infinity":50,"s:183:18:189:Infinity":51,"f:185:4:185:21":21,"s:186:6:186:Infinity":52,"s:187:6:187:Infinity":53,"s:190:12:190:Infinity":54,"b:192:2:199:Infinity:undefined:undefined:undefined:undefined":24,"s:192:2:199:Infinity":55,"s:193:4:197:Infinity":56,"b:200:2:200:Infinity:undefined:undefined:undefined:undefined":25,"s:200:2:200:Infinity":57,"s:200:10:200:Infinity":58,"s:201:15:201:Infinity":59,"b:201:28:201:71:201:71:201:Infinity":26,"s:202:2:306:Infinity":60,"b:207:7:207:16:207:16:207:Infinity":27,"b:210:35:210:52:210:52:210:65":28,"b:211:11:211:22:211:22:211:Infinity":29,"b:211:53:211:72:211:72:211:86":30,"f:212:21:212:26":22,"s:213:12:215:Infinity":61,"b:218:26:218:76:218:76:218:Infinity":31,"b:219:13:219:28:219:28:219:Infinity":32,"f:223:18:223:23":23,"s:224:10:226:Infinity":62,"b:228:9:228:Infinity:229:10:237:Infinity":33,"f:230:23:230:28":24,"s:231:14:235:Infinity":63,"b:231:87:231:97:231:97:231:Infinity":34,"b:231:40:231:56:231:56:231:73:231:73:231:87":35,"b:233:17:233:31:233:31:233:Infinity":36,"b:234:17:234:32:234:32:234:Infinity":37,"b:239:9:239:Infinity:240:10:248:Infinity":38,"b:241:75:241:89:241:89:241:102":39,"b:242:13:242:Infinity:243:14:246:Infinity":40,"b:250:9:250:29:250:29:250:Infinity":41,"b:253:7:253:Infinity:254:8:267:Infinity":42,"f:262:12:262:27":25,"s:262:27:262:Infinity":64,"b:270:7:270:Infinity:271:8:292:Infinity":43,"f:274:23:274:28":26,"s:275:14:289:Infinity":65,"b:279:21:279:29:279:29:279:47":44,"f:285:18:285:33":27,"s:285:33:285:Infinity":66,"f:295:56:295:65":28,"s:295:74:295:106":67,"f:301:8:301:17":29,"s:301:26:301:Infinity":68,"f:302:8:302:23":30,"s:302:23:302:Infinity":69,"f:304:50:304:59":31,"s:304:68:304:100":70,"b:305:26:305:42:305:42:305:57:305:57:305:73":45,"f:310:9:310:16":32,"s:311:26:311:Infinity":71,"s:312:28:312:Infinity":72,"b:312:37:312:48:312:48:312:50":46,"s:313:2:342:Infinity":73,"f:315:6:315:22":33,"s:315:22:315:Infinity":74,"b:315:59:315:68:315:68:315:73":47,"b:321:29:321:56:321:56:321:95":48,"f:325:47:325:58":34,"s:325:64:325:Infinity":75,"f:326:33:326:38":35,"s:327:12:329:Infinity":76,"f:332:49:332:60":36,"s:332:66:332:Infinity":77,"f:334:34:334:39":37,"s:335:12:337:Infinity":78,"b:341:49:341:65:341:65:341:90":49,"f:346:9:346:16":38,"s:359:17:359:Infinity":79,"s:360:30:362:Infinity":80,"f:361:14:361:22":39,"s:361:29:361:69":81,"b:361:44:361:58:361:58:361:69":50,"f:361:71:361:76":40,"s:361:82:361:86":82,"s:363:28:363:Infinity":83,"b:363:37:363:53:363:53:363:55":51,"s:364:28:364:Infinity":84,"s:365:17:365:Infinity":85,"s:366:2:424:Infinity":86,"f:368:6:368:22":41,"s:368:22:368:Infinity":87,"b:368:38:368:60:368:60:368:69":52,"b:376:12:376:Infinity:377:12:377:Infinity":53,"b:380:8:401:9:401:8:411:Infinity":54,"b:381:28:381:51:381:51:381:81":55,"f:382:21:382:26":42,"s:383:12:396:Infinity":88,"b:385:31:385:41:385:41:385:Infinity":56,"f:388:16:388:32":43,"s:389:18:389:Infinity":89,"s:390:18:392:Infinity":90,"b:391:29:391:38:391:38:391:Infinity":57,"b:391:62:391:97:391:97:391:Infinity":58,"f:391:69:391:77":44,"s:391:83:391:93":91,"b:398:11:398:29:398:29:398:Infinity":59,"f:405:10:405:21":45,"s:406:12:406:Infinity":92,"s:407:12:407:Infinity":93,"b:418:9:418:Infinity:419:10:423:Infinity":60,"f:428:9:428:20":46,"s:435:26:435:Infinity":94,"b:435:35:435:55:435:55:435:57":61,"s:436:2:454:Infinity":95,"f:438:6:438:22":47,"s:438:22:438:Infinity":96,"b:438:42:438:64:438:64:438:104":62,"b:444:8:446:Infinity:446:8:449:Infinity":63,"b:444:50:444:76:444:76:444:83":64,"f:448:69:448:80":48,"s:448:86:448:112":97,"b:452:22:452:48:452:48:452:Infinity":65},"fnNames":{}}}
,"/Users/alvarogonzaleztabernero/dev/IFS-Tests/web/src/routes/index.tsx": {"path":"/Users/alvarogonzaleztabernero/dev/IFS-Tests/web/src/routes/index.tsx","statementMap":{"0":{"start":{"line":15,"column":14},"end":{"line":15,"column":null}},"1":{"start":{"line":15,"column":25},"end":{"line":15,"column":null}},"2":{"start":{"line":16,"column":15},"end":{"line":16,"column":null}},"3":{"start":{"line":16,"column":26},"end":{"line":16,"column":null}},"4":{"start":{"line":17,"column":21},"end":{"line":17,"column":null}},"5":{"start":{"line":17,"column":32},"end":{"line":17,"column":null}},"6":{"start":{"line":17,"column":77},"end":{"line":17,"column":null}},"7":{"start":{"line":20,"column":2},"end":{"line":26,"column":null}},"8":{"start":{"line":23,"column":43},"end":{"line":23,"column":69}},"9":{"start":{"line":31,"column":2},"end":{"line":36,"column":null}},"10":{"start":{"line":40,"column":37},"end":{"line":60,"column":null}}},"fnMap":{"0":{"name":"(anonymous_0)","decl":{"start":{"line":15,"column":14},"end":{"line":15,"column":25}},"loc":{"start":{"line":15,"column":25},"end":{"line":15,"column":null}},"line":15},"1":{"name":"(anonymous_1)","decl":{"start":{"line":16,"column":15},"end":{"line":16,"column":26}},"loc":{"start":{"line":16,"column":26},"end":{"line":16,"column":null}},"line":16},"2":{"name":"(anonymous_2)","decl":{"start":{"line":17,"column":21},"end":{"line":17,"column":32}},"loc":{"start":{"line":17,"column":32},"end":{"line":17,"column":null}},"line":17},"3":{"name":"(anonymous_3)","decl":{"start":{"line":17,"column":66},"end":{"line":17,"column":75}},"loc":{"start":{"line":17,"column":77},"end":{"line":17,"column":null}},"line":17},"4":{"name":"Crashed","decl":{"start":{"line":19,"column":9},"end":{"line":19,"column":19}},"loc":{"start":{"line":19,"column":19},"end":{"line":28,"column":null}},"line":19},"5":{"name":"(anonymous_5)","decl":{"start":{"line":23,"column":28},"end":{"line":23,"column":43}},"loc":{"start":{"line":23,"column":43},"end":{"line":23,"column":69}},"line":23},"6":{"name":"NotFound","decl":{"start":{"line":30,"column":9},"end":{"line":30,"column":20}},"loc":{"start":{"line":30,"column":20},"end":{"line":38,"column":null}},"line":30}},"branchMap":{},"s":{"0":9,"1":2,"2":9,"3":1,"4":9,"5":1,"6":1,"7":0,"8":0,"9":1,"10":9},"f":{"0":2,"1":1,"2":1,"3":1,"4":0,"5":0,"6":1},"b":{},"meta":{"lastBranch":0,"lastFunction":7,"lastStatement":11,"seen":{"s:15:14:15:Infinity":0,"f:15:14:15:25":0,"s:15:25:15:Infinity":1,"s:16:15:16:Infinity":2,"f:16:15:16:26":1,"s:16:26:16:Infinity":3,"s:17:21:17:Infinity":4,"f:17:21:17:32":2,"s:17:32:17:Infinity":5,"f:17:66:17:75":3,"s:17:77:17:Infinity":6,"f:19:9:19:19":4,"s:20:2:26:Infinity":7,"f:23:28:23:43":5,"s:23:43:23:69":8,"f:30:9:30:20":6,"s:31:2:36:Infinity":9,"s:40:37:60:Infinity":10},"fnNames":{}}}
}
